valgrind RunDarwin
==6207== Memcheck, a memory error detector
==6207== Copyright (C) 2002-2011, and GNU GPL'd, by Julian Seward et al.
==6207== Using Valgrind-3.7.0 and LibVEX; rerun with -h for copyright info
==6207== Command: RunDarwin
==6207== 
*** Darwin 8x8 ***
Turn = 0.
  01234567
0 f.......
1 ........
2 ........
3 ...hh...
4 ...hh...
5 ........
6 ........
7 .......f

Turn = 1.
  01234567
0 f.......
1 ........
2 ...h....
3 .....h..
4 ..h.....
5 ....h...
6 ........
7 .......f

Turn = 2.
  01234567
0 f.......
1 ...h....
2 ........
3 ......h.
4 .h......
5 ........
6 ....h...
7 .......f

Turn = 3.
  01234567
0 f..h....
1 ........
2 ........
3 .......h
4 h.......
5 ........
6 ........
7 ....h..f

Turn = 4.
  01234567
0 f..h....
1 ........
2 ........
3 .......h
4 h.......
5 ........
6 ........
7 ....h..f

Turn = 5.
  01234567
0 f..h....
1 ........
2 ........
3 .......h
4 h.......
5 ........
6 ........
7 ....h..f

*** Darwin 7x9 ***
Turn = 0.
  012345678
0 t........
1 .........
2 .........
3 ..h......
4 .........
5 ....r....
6 ........t

Turn = 1.
  012345678
0 t........
1 .........
2 .........
3 ...h.....
4 ....r....
5 .........
6 ........t

Turn = 2.
  012345678
0 t........
1 .........
2 .........
3 ....r....
4 ....r....
5 .........
6 ........t

Turn = 3.
  012345678
0 t........
1 .........
2 .........
3 ....rr...
4 .........
5 .........
6 ........t

Turn = 4.
  012345678
0 t........
1 .........
2 ....r....
3 ......r..
4 .........
5 .........
6 ........t

Turn = 5.
  012345678
0 t........
1 ....r....
2 .........
3 .......r.
4 .........
5 .........
6 ........t

*** Darwin 72x72 without Best ***
Turn = 0.
  012345678901234567890123456789012345678901234567890123456789012345678901
0 ........................................................................
1 ..............................................................h.........
2 .............t..........................................................
3 ........................................................................
4 ......................................................................r.
5 .................................h......................................
6 ........................................................................
7 ........................................................................
8 ........................................................................
9 ............................................f...........................
0 ........................................................f...............
1 ....................r...................................................
2 ........................................................................
3 ........................................................................
4 ........r.........................................r.....................
5 ...................................h....................................
6 ........................................................................
7 ........................................................................
8 ........................................................................
9 .r..................................................h...................
0 ........................................................................
1 ........................................................................
2 ........................................................................
3 ........................................................................
4 ........................................................................
5 ........................................................................
6 ........................................................................
7 ........................................................................
8 ........................................................................
9 ......................................................r.................
0 ........................................................................
1 ........................................................................
2 .......................................................r................
3 t........................................................f..............
4 ........................................................................
5 .......................................h................................
6 ...........t............................................................
7 ........................................................................
8 ...t....................................................................
9 ........................................................................
0 ........................................................................
1 ............................h........................................f..
2 ........................................................................
3 ........................................................................
4 .............................................................r..........
5 ...........................................r............................
6 ........................................................................
7 ........................................................................
8 ........................................................................
9 ..................................................................t.....
0 ........................................................ff..............
1 ...............................................t........................
2 ............f...........................................................
3 ........................................................................
4 .........................t....h.........................................
5 ..............................................f.........................
6 ...............................................................t........
7 ........................................................................
8 ........................................................................
9 .....................f..................................................
0 f.......................................................................
1 ........................................................................
2 ...............................................h......................h.
3 ........................................................................
4 ........................................................................
5 ........................................................................
6 ........................................................................
7 ....................................................h...................
8 ...................................................t....................
9 ....................r...................................................
0 .......................t................................................
1 ........................................................................

Turn = 100.
  012345678901234567890123456789012345678901234567890123456789012345678901
0 ..............................r...................r.....................
1 h.......................................................................
2 .............t..........................................................
3 ........................................................................
4 ........................................................................
5 ........................................................................
6 ........................................................................
7 ........................................................................
8 ........................................................................
9 ............................................f...........................
0 ........................................................f...............
1 ........................................................................
2 ........................................................................
3 ........................................................................
4 ........................................................................
5 ........................................................................
6 ........................................................................
7 ........................................................................
8 ........................................................................
9 ........................................................................
0 ........................................................................
1 ........................................................................
2 ........................................................................
3 ........................................................................
4 ........................................................................
5 ........................................................................
6 ...r....................................................................
7 .....................................................................r..
8 ........................................................................
9 ........................................................................
0 ........................................................................
1 ........................................................................
2 ........................................................................
3 t........................................................f..............
4 ........................................................................
5 h.......................................................................
6 ...........t............................................................
7 ........................................................................
8 ...t....................................................................
9 .....................................................................r..
0 ....................................................................r...
1 ........................................................................
2 ........................................................................
3 ........................................................................
4 ........................................................................
5 ......................................................................r.
6 ........................................................................
7 .......................................................................r
8 ........................................................................
9 ..................................................................t.....
0 ........................................................ff..............
1 ...............................................t........................
2 ............f...........................................................
3 .......................................................................r
4 .........................t......rr..............r.......................
5 ......................r.......................fr........................
6 ...............................................................t........
7 ........................................................................
8 ........................................................................
9 .....................f..............r..................................r
0 f.......................................................................
1 ........................................................................
2 ........................................................................
3 ..........................................r.............................
4 ........................................................................
5 ........................................................................
6 ........................................................................
7 ........................................................................
8 ...................................................tt...................
9 ........................................................................
0 .......................t................................................
1 .................................................r......................

Turn = 200.
  012345678901234567890123456789012345678901234567890123456789012345678901
0 ....r.................r...................................r...........rr
1 ..........r.............................................................
2 .............t..........................................................
3 ........................................................................
4 ........................................................................
5 ........................................................................
6 ........................................................................
7 r.......................................................................
8 r.......................................................................
9 ............................................f...........................
0 ........................................................f...............
1 r.......................................................................
2 ........................................................................
3 ........................................................................
4 ........................................................................
5 ........................................................................
6 ........................................................................
7 ........................................................................
8 ........................................................................
9 ........................................................................
0 ........................................................................
1 ........................................................................
2 .rr.....................................................................
3 ........................................................................
4 ........................................................................
5 ........................................................................
6 ........................................................................
7 ........................................................................
8 ........................................................................
9 ........................................................................
0 ........................................................................
1 .........r..............................................................
2 ........................................................................
3 .........................................................f..............
4 ..........................r.............................................
5 ........................................................................
6 ...t.......t........r...................................................
7 ...t....................................................................
8 ...t....................................................................
9 .............................r..........................................
0 ........................................................................
1 ........................................................................
2 ........................................................................
3 ........................................................................
4 ........................................................................
5 ........................................................................
6 ........................................................................
7 ........................................................................
8 ........................................................................
9 ..................................................................t.....
0 ........................................................ff..............
1 ........................................................................
2 ............f...........................................................
3 ........................................................................
4 ........................................................................
5 ........................................................................
6 ...............................................................t........
7 ........................................................................
8 .......................................................................r
9 ........................................................................
0 ..............................................r.........................
1 ........................................................................
2 .......................r................................................
3 .......................r................................................
4 ......................r.................................................
5 ........................................................................
6 ........................................................................
7 ........................................................................
8 ...................................................tt...................
9 .......................................................................r
0 ........................t...............................................
1 .......................rr........................................r......

Turn = 300.
  012345678901234567890123456789012345678901234567890123456789012345678901
0 ......................................r.................r...............
1 ........................................................................
2 .............t..........................................................
3 .........................................................rr.............
4 .........................................................r..............
5 ........................................................................
6 ........................................................................
7 ........................................................................
8 .......................................................................r
9 ............................................f...........................
0 ........................................................f...............
1 ........................................................................
2 r.......................................................................
3 ........................................................................
4 ..............................................r.........................
5 ........................................................................
6 ........................................................................
7 ........................................................................
8 ........................................................................
9 ........................................................................
0 ........................................................................
1 ........................................................................
2 ........................................................................
3 ........................................................................
4 ........................................................................
5 r.......................................................................
6 ........................................................................
7 ........................................................................
8 ........................................................................
9 ........................................................................
0 ........................................................................
1 ........................................................................
2 ...............................................................r........
3 .........................................................f..............
4 ........................................................................
5 ........................................................................
6 ...t.......t............................................................
7 ...t....................................................................
8 ...t....................................................................
9 ........................................................................
0 ........................................................................
1 ........................................................................
2 ..............r.........................................................
3 ........................................................................
4 ........................................................................
5 ........................................................................
6 .......................................................................r
7 ........................................................................
8 ........................................................................
9 ..................................................................t.....
0 ........................................................ff..............
1 ........................................................................
2 ............f...........................................................
3 ........................................................................
4 ........................................................................
5 .......................................r................................
6 ........................................................................
7 ........................................................................
8 ........................................................................
9 ........r...............................................................
0 ........................................................................
1 ........................................................................
2 ....................rr..................................................
3 ....r...................................................................
4 ...r....................................................................
5 ........................................................................
6 ........................................................................
7 ....................................................t...................
8 ...................................................tt...................
9 rr......................................................................
0 ................r.......t...............................................
1 ...r.......................r............................r...............

Turn = 400.
  012345678901234567890123456789012345678901234567890123456789012345678901
0 ....rr.r......r.................r......r................................
1 ........................................................................
2 .............t..........................................................
3 ........................................................................
4 ........................................................................
5 ........................................................................
6 ........................................................................
7 ........................................................................
8 ........................................................................
9 ............................................f...........................
0 ........................................................f...............
1 ........................................................................
2 ...............r........................................................
3 ..............r.........................................................
4 ........................................................................
5 ........................................................................
6 ........................................................................
7 ........................................................................
8 ........................................................................
9 r.......................................................................
0 ........................................................................
1 ........................................................................
2 ........................................................................
3 ........................................................................
4 ........................................................................
5 ........................................................................
6 ........r...............................................................
7 .......r................................................................
8 ........................................................................
9 .r......................................................................
0 ........................................................................
1 ...................................r....................................
2 ....................................r...................................
3 .........................................................f..............
4 ........................................................................
5 ........................................................................
6 ...t.r.....t............................................................
7 r..t....................................................................
8 ...t....................................................................
9 ...t....................................................................
0 ........................................................................
1 ......................................................................r.
2 ......................................................................r.
3 r.......................................................................
4 ........................................................................
5 ........................................................................
6 r.......................................................................
7 ........................................................................
8 ........................................................................
9 ..................................................................t.....
0 ........................................................ff..............
1 ........................................................................
2 ............f...........................................................
3 ........................................................................
4 ........................................................................
5 r.......................................................................
6 ........................................................................
7 ........................................................................
8 ........................................................................
9 ........................................................................
0 ........................................................................
1 ........................................................................
2 ........................................................................
3 ........................................................................
4 ........................................................................
5 ........................................................................
6 ........................................................................
7 ....................................................t..................r
8 ...................................................tt...................
9 ........................................................................
0 ......................................................r.................
1 ...........................r............................................

Turn = 500.
  012345678901234567890123456789012345678901234567890123456789012345678901
0 ........................................................................
1 r.......................................................................
2 .............t..........................................................
3 ........................................................................
4 ........................................................................
5 ........................................................................
6 ........................................................................
7 .........................................................r..............
8 ........................................................................
9 ............................................f..........................r
0 ........................................................f...............
1 r.......................................................................
2 ........................................................................
3 ........................................................................
4 ........................................................................
5 ........................................................................
6 ............................................................rr..........
7 r.....................r.......................................r.........
8 ......................r.................................................
9 ........................................................................
0 ...............................................................r........
1 ......................................................................rr
2 ........................................................................
3 ........................................................................
4 ........................................................................
5 ........................................................................
6 ........................................................................
7 ........................................................................
8 ........................................................................
9 ........................................................................
0 ........................................................................
1 ........................................................................
2 ........................................................................
3 .........................................................f..............
4 ........................................................................
5 ........................................................................
6 ...t.......t.................r..........................................
7 ...t....................................................................
8 ...t....................................................................
9 ...t....................................................................
0 ........................................................................
1 ........................................................................
2 ........................................................................
3 ........................................................................
4 ........................................................................
5 ........................................................................
6 ....................................r...................................
7 ........................................................................
8 ........................................................................
9 ..................................................................t.....
0 .................................r......................ff..............
1 ........................................................................
2 ............f...........................................................
3 ........................................................................
4 ........................................................................
5 ........................................................................
6 .........r..............................................................
7 ........................................................................
8 ........................................................................
9 ........................................................................
0 ........................................................................
1 ........................................................................
2 ........................................................................
3 ........................................................................
4 .................................................................r......
5 r................................................................r......
6 ....................................................t...................
7 ....................................................t...................
8 ...................................................tt...................
9 ........................................................................
0 .......................................................................r
1 ........................r.............................r.................

Turn = 600.
  012345678901234567890123456789012345678901234567890123456789012345678901
0 ....................................................r...r...............
1 .............t..........................................................
2 .............t..........................................................
3 ........................................................................
4 ..........................................................r.............
5 ........................................................................
6 ........................................................................
7 ........................................................................
8 ........................................................................
9 ............................................f...........................
0 ........................................................f...........r..r
1 ........................................................................
2 ........................................................................
3 ........................................................................
4 ........................................................................
5 ........................................................................
6 ........................................................................
7 ........................................................................
8 ........................................................................
9 .....................................................................rr.
0 .......................................................................r
1 ........................................................................
2 ........................................................................
3 ........................................................................
4 ........................................................................
5 ..............................................................r.........
6 .............................................................r..........
7 ........................................................................
8 .............................................................r..........
9 ........................................................................
0 ........................................................................
1 r.......................................................................
2 ........................................................................
3 .........................................................f..............
4 ........................................................................
5 .......................................................r................
6 ...t.......t............................................................
7 ...t....................................................................
8 ...t....................................................................
9 ...t....................................................................
0 ........................................................................
1 ........................................................................
2 ............................................................r...........
3 ........................................................................
4 r.......................................................................
5 ............................................................r...........
6 ..............................................................r.........
7 ........................................................................
8 ........................................................................
9 ..................................................................t.....
0 ........................................................ff..............
1 ........................................................................
2 ............f...........................................................
3 ........................................................................
4 ........................................................................
5 ....................................................................r...
6 ........................................................................
7 ......r.................................................................
8 ........................................................................
9 ........................................................................
0 ........................................................................
1 ........................................................................
2 ........................................................................
3 ........................................................................
4 ........................................................................
5 ........................................................................
6 ....................................................t...................
7 ....................................................t...................
8 ...................................................tt...................
9 ........................................................................
0 ........................................................................
1 .............r.........r....................................r...........

Turn = 700.
  012345678901234567890123456789012345678901234567890123456789012345678901
0 .............t..........................................................
1 r............t..........................................................
2 .............t..........................................................
3 ........................................................................
4 ........................................................................
5 ..r.....................................................................
6 ........................................................................
7 .r......................................................................
8 ........................................................................
9 ............................................f...........................
0 ........................................................f...............
1 .....................r..................................................
2 ....................r...................................................
3 ...................r....................................................
4 ...................r....................................................
5 ........................................................................
6 ........................................................................
7 ........................................................................
8 ........................................................................
9 ........................................................................
0 ........................................................................
1 ........................................................................
2 ........................................................................
3 ........................................................................
4 .........r..............................................................
5 ........................................................................
6 ........................................................................
7 ........................................................................
8 ........................................................................
9 ........................................................................
0 ........................................................................
1 ........................................................................
2 r.......................................................................
3 .........................................................f..............
4 ........................................................................
5 ........................................................................
6 ...t.......t............................................................
7 ...t....................................................................
8 ...t....................................................................
9 ...t....................................................................
0 ........................................................................
1 ........................................................................
2 .......................................................................r
3 ........................................................................
4 ........................................................................
5 .......................................................................r
6 ........................................................................
7 ........................................................................
8 ........................................................................
9 ..................................................................t.....
0 ........................................................ff..............
1 ........................................................................
2 ............f...............................r...........................
3 .........................................r.r............................
4 .........................................r..............................
5 ........................................................................
6 ........................................................................
7 ........................................................................
8 ........................................................................
9 ........................................................................
0 ........................................................................
1 ........................................................................
2 .......................................................................r
3 ........................................................................
4 ........................................................................
5 ........................................................................
6 ....................................................t...................
7 ....................................................t...................
8 ...................................................tt...................
9 .................................rr....................................r
0 ........................................................................
1 .....................................r..........................r.......

Turn = 800.
  012345678901234567890123456789012345678901234567890123456789012345678901
0 ...rr.........................................................r.r.......
1 ...r....................................................................
2 .............t...................................................r......
3 .........................................r..............................
4 ........................................................................
5 ........................................................................
6 .......................................................................r
7 ........................................................................
8 ........................................................................
9 ............................................f...........................
0 ........................................................f..............r
1 ........................................................................
2 ........................................................................
3 ........................................................................
4 ........................................................................
5 ........................................................................
6 ........................................................................
7 ........................................................................
8 ........................................................................
9 r.......................................................................
0 ........................................................................
1 ........................................................................
2 ........................................................................
3 ........................................................................
4 ........................................................................
5 ........................................................................
6 ........................................................................
7 ..........r.............................................................
8 ........................................................................
9 ........................................................................
0 ........................................................................
1 ........................................................................
2 ........................................................................
3 .........................................................f..............
4 ........................................................................
5 ...........t............................................................
6 ...t.......t............................................................
7 r.tt....................................................................
8 ...t....................................................................
9 ...t....................................................................
0 ........................................................................
1 ........................................................................
2 ........................................................................
3 ........................................................................
4 ........................................................................
5 ........................................................................
6 ...........r............................................................
7 .........rr.............................................................
8 ........................................................................
9 ..................................................................t.....
0 ........................................................ff..............
1 ........................................................r...............
2 ........................................................................
3 ........................................................................
4 ........................................................................
5 ........................................................................
6 ........................................r...............................
7 ........................................................................
8 ........................................................................
9 ........................................................................
0 r...............................................r.......................
1 ........................................................................
2 ..................................................r.....................
3 ........................................................................
4 ........................................................................
5 ........................................................................
6 ........................................................................
7 ....................................................t...................
8 ...................................................tt...................
9 ........................................................................
0 r............................................................r..........
1 .....r..................................................................

Turn = 900.
  012345678901234567890123456789012345678901234567890123456789012345678901
0 ...............r.r....................r..............................r..
1 ........................................................................
2 ........................................................................
3 ........................................................................
4 .......................................................................r
5 ........................................................................
6 ..................................................r.....................
7 .................................................r......................
8 .............................r..........................................
9 ............................................f...........................
0 ............................r...........................f...............
1 ..................................................r.....................
2 ........................................................................
3 r.......................................................................
4 ........................................................................
5 ........................................................................
6 ........................................................................
7 r.......................................................................
8 ........................................................................
9 ........................................................................
0 ........................................................................
1 ........................................................................
2 ..................r.....................................................
3 ........................................................................
4 ...............r........................................................
5 ........................................................................
6 ........................................................................
7 ........................................................................
8 ........................................................................
9 ........................................................................
0 ........................................................................
1 ........................................................................
2 ........................................................................
3 .......................................................r.f..............
4 ........................................................................
5 ........................................................................
6 ...t...........................................................r........
7 ..tt....................................................................
8 ...t....................................................................
9 ...t....................................................................
0 .r......................................................................
1 ........................................................................
2 ........................................................................
3 ........................................................................
4 ................................................r.......................
5 .................................................r......................
6 ........................................................................
7 ........................................................................
8 ........................................................................
9 ..................................................................t.....
0 ........................................................ff..............
1 ........................................................................
2 ........................................................................
3 ........................................................................
4 .......................................................................r
5 ........................................................................
6 ..........r.............................................................
7 ........................................................................
8 ........................................................................
9 ........................................................................
0 ..............r.........................................................
1 ........................................................................
2 ...r....................................................................
3 ........................................................................
4 ........................................................................
5 ........................................................................
6 ........................................................................
7 ....................................................t...................
8 ...................................................tt...................
9 ........r...............................................................
0 .........................r..............................................
1 ........r...............................................................

Turn = 1000.
  012345678901234567890123456789012345678901234567890123456789012345678901
0 ...................................................r....................
1 ........................................................................
2 ........................................................................
3 ........................................................................
4 ........................................................................
5 ........................................................................
6 ........................................................................
7 .................................................r......................
8 ........................................................................
9 ............................................f...........................
0 ........................................................................
1 ...............r........................................................
2 ..............r.........................................................
3 ........................................r...............................
4 ........................................................................
5 ........................................................................
6 .......................................................................r
7 ........................................................................
8 ........................................................................
9 ........................................................................
0 ........................................................................
1 ........................................................................
2 .......................................................................r
3 .......r................................................................
4 ......r.................................................................
5 ........................................................................
6 ........................................................................
7 ........................................................................
8 ........................................................................
9 ........................................................................
0 ........................................................................
1 ........................................................................
2 r......................................................................r
3 ........................................................................
4 ........................................................................
5 .......................................................................r
6 ..tt....................................................................
7 .r.t....................................................................
8 ...rr...................................................................
9 ...........r.r..........................................................
0 .r......................................................................
1 ........................................................................
2 ........................................................................
3 ........................................................................
4 ........................................................................
5 ........................................................................
6 ......................................................................r.
7 .......................................................................r
8 ........................................................................
9 ........................................................................
0 ........................................................f...............
1 ........................................................................
2 ........................................................................
3 ........................................................................
4 ........................................................................
5 ........................................................................
6 ........................................................................
7 ........................................................................
8 ........................................................................
9 ........................................................................
0 ........................................................................
1 ........................................................................
2 ........................................................................
3 ........................................................................
4 ......................................................r.................
5 ..........................r.............................................
6 ........................................................................
7 .................................r..................t...................
8 ...................................................tt...................
9 ..........................r.............................................
0 .........................r......................................r.......
1 ..........................r..r...........rr...rr........................

*** Darwin 72x72 with Best ***
==6207== 
==6207== HEAP SUMMARY:
==6207==     in use at exit: 122,880 bytes in 6 blocks
==6207==   total heap usage: 4,149 allocs, 4,143 frees, 1,247,768 bytes allocated
==6207== 
==6207== LEAK SUMMARY:
==6207==    definitely lost: 0 bytes in 0 blocks
==6207==    indirectly lost: 0 bytes in 0 blocks
==6207==      possibly lost: 0 bytes in 0 blocks
==6207==    still reachable: 122,880 bytes in 6 blocks
==6207==         suppressed: 0 bytes in 0 blocks
==6207== Rerun with --leak-check=full to see details of leaked memory
==6207== 
==6207== For counts of detected and suppressed errors, rerun with: -v
==6207== ERROR SUMMARY: 0 errors from 0 contexts (suppressed: 17 from 6)