g++ -pedantic -std=c++0x -Wall Darwin.c++ RunDarwin.c++ -o RunDarwin
valgrind RunDarwin
==2363== Memcheck, a memory error detector
==2363== Copyright (C) 2002-2011, and GNU GPL'd, by Julian Seward et al.
==2363== Using Valgrind-3.7.0 and LibVEX; rerun with -h for copyright info
==2363== Command: RunDarwin
==2363== 
*** Darwin 8x8 ***
Turn = 0.
  01234567
0 f.......
1 ........
2 ........
3 ...hh...
4 ...hh...
5 ........
6 ........
7 .......f

Turn = 1.
  01234567
0 f.......
1 ........
2 ...h....
3 .....h..
4 ..h.....
5 ....h...
6 ........
7 .......f

Turn = 2.
  01234567
0 f.......
1 ...h....
2 ........
3 ......h.
4 .h......
5 ........
6 ....h...
7 .......f

Turn = 3.
  01234567
0 f..h....
1 ........
2 ........
3 .......h
4 h.......
5 ........
6 ........
7 ....h..f

Turn = 4.
  01234567
0 f..h....
1 ........
2 ........
3 .......h
4 h.......
5 ........
6 ........
7 ....h..f

Turn = 5.
  01234567
0 f..h....
1 ........
2 ........
3 .......h
4 h.......
5 ........
6 ........
7 ....h..f

*** Darwin 7x9 ***
Turn = 0.
  012345678
0 t........
1 .........
2 .........
3 ..h......
4 .........
5 ....r....
6 ........t

Turn = 1.
  012345678
0 t........
1 .........
2 .........
3 ...h.....
4 ....r....
5 .........
6 ........t

Turn = 2.
  012345678
0 t........
1 .........
2 .........
3 ....r....
4 ....r....
5 .........
6 ........t

Turn = 3.
  012345678
0 t........
1 .........
2 .........
3 ....rr...
4 .........
5 .........
6 ........t

Turn = 4.
  012345678
0 t........
1 .........
2 ....r....
3 ......r..
4 .........
5 .........
6 ........t

Turn = 5.
  012345678
0 t........
1 ....r....
2 .........
3 .......r.
4 .........
5 .........
6 ........t

*** Darwin 72x72 without Best ***
Turn = 0.
  012345678901234567890123456789012345678901234567890123456789012345678901
0 .................................t..........................f...........
1 ...................r....................................................
2 ........................................................................
3 ......................................t.................................
4 ........................................................................
5 ........................................................................
6 ........................................................................
7 ........................................................................
8 ..............r.........................................................
9 ........................................................................
0 ........................................................................
1 ....................................t...................................
2 ....................................................f...................
3 ..t.....................................................................
4 ........................................................................
5 ........................................................................
6 ........................................................................
7 ........................................................................
8 ........................................................................
9 ........................................................................
0 ...........r.........................................................r..
1 ...........................................................f............
2 ........................................................................
3 ......................................................................t.
4 ........................................................................
5 ......................................................t.................
6 ........................................................................
7 ........................................................................
8 .........................................h..............................
9 ........................................................................
0 ......................................................h.................
1 ........................................................................
2 ........................................................................
3 .....h..................................................................
4 ........................................................................
5 ...............h........................................................
6 ........................................................................
7 ........................................................................
8 ........................................................................
9 ...................................h....................................
0 ........................................................................
1 ........................................................................
2 ........................................................................
3 .............................................r..........................
4 .........f..............................................................
5 ........................................................................
6 .......................................................f................
7 ...................................................t..........h.........
8 ........................................................................
9 ........................................................................
0 ..............r.........................................................
1 ....................................................................t...
2 ...................h...............................................h....
3 ........................................................................
4 .............................r..........................................
5 ................................r.......................................
6 ..........f.......................................f.....................
7 .................................f................f.....................
8 ........................................................................
9 ........................................................................
0 ........................................................................
1 ............................................r...........................
2 .h......................................................................
3 ........................................................t...............
4 ........................................................................
5 ........................................................................
6 .................................................t......................
7 ........................................................................
8 ........................................................................
9 .........................................f..............................
0 ....r.........................................................h.........
1 ........................................................................

Turn = 100.
  012345678901234567890123456789012345678901234567890123456789012345678901
0 ................................r.......r.r..........r..................
1 ........................................................................
2 ........................................................................
3 ......................................t.................................
4 ........................................................................
5 ........................................................................
6 ........................................................................
7 ........................................................................
8 ........................................................................
9 ........................................................................
0 ........................................................................
1 ...................................tt...................................
2 ....................................................f...................
3 ..t.....................................................................
4 ........................................................................
5 ........................................................................
6 ........................................................................
7 ........................................................................
8 ........................r....................................r..........
9 ........................................................................
0 ........................................................................
1 ...........................................................f............
2 ........................................................................
3 ......................................................................t.
4 .................r......................................................
5 ...............r......................................t.................
6 ................r.......................................................
7 ........................................................................
8 ...r.........................................r..........................
9 ............................................r...........................
0 ........................................................................
1 .........................................r..............................
2 ........................................................................
3 ........................................................................
4 ........................................................................
5 ........................................................................
6 ........................................................................
7 ........................................................................
8 ........................................................................
9 ........................................................................
0 ........................................................................
1 ........................................................................
2 ........................................................................
3 ........................................................................
4 .........f..............................................................
5 ........................................................................
6 .......................................................f................
7 ...................................................t....................
8 ........................................................................
9 ........................................................................
0 ........................................................................
1 ....................................................................t...
2 ........................................................................
3 .................r......................................................
4 ........................................................................
5 ........................................................................
6 ..........f.......................................f.....................
7 .................................f................f.....................
8 ........................................................................
9 ........................................................................
0 ........................................................................
1 ........................................r...............................
2 ........................................r...............................
3 ........................................................t...............
4 ........................................................................
5 ........................................................................
6 .................................................t......................
7 ........................................................................
8 ........................................................................
9 .........................................f..............................
0 ........................................................................
1 .r...h.............h..........r.................r.......................

Turn = 200.
  012345678901234567890123456789012345678901234567890123456789012345678901
0 ..................r.....r...........r............................r......
1 ........................................................................
2 ........................................................................
3 ......................................t.................................
4 ........................................................................
5 ........................................................................
6 ........................................................................
7 .................................r......................................
8 ..................................r.....................................
9 ........................................................................
0 ........................................................................
1 ...................................tt...................................
2 ....................................................f...................
3 ..t.....................................................................
4 ........................................................................
5 ........................................................................
6 ........................................................................
7 ........................................................................
8 ........................................................................
9 ........................................................................
0 ........................................................................
1 ...........................................................f............
2 ........................................................................
3 ......................................................................t.
4 ........................................................................
5 ......................................................t.................
6 ........................r...............................................
7 ........................................................................
8 ........................................................................
9 ........................................................................
0 ........................................................r...............
1 ........................................................................
2 ........................................................................
3 ........................................................................
4 .................................................r......................
5 .rr...............................................r.....................
6 ........................................................................
7 ........................................................................
8 ........................................................................
9 ........................................................................
0 ........................................................................
1 ........................................................................
2 r.......................................................................
3 ........................................................................
4 .........f..............................................................
5 ........................................................................
6 .......................................................f................
7 ...................................................t...................r
8 ........................................................................
9 ............................................r..........................r
0 ........................................................................
1 ....................................................................t...
2 ........................................................................
3 ........................................................................
4 ........................................................................
5 ........................................................................
6 ..........f.......................................f.....................
7 .................................f................f.....................
8 ........................................................................
9 ........................................................................
0 ........................................................................
1 ........................................................................
2 ........................................................................
3 .......................r................................................
4 ........................................................................
5 ........................................................................
6 .............................rr..................t......................
7 ........................................................................
8 ........................................................................
9 .........................................f..............................
0 ........................................................................
1 ...........................................................r...r..r.....

Turn = 300.
  012345678901234567890123456789012345678901234567890123456789012345678901
0 ......................r..................................r..............
1 ........................................................................
2 ....................................................r...................
3 rr....................................t............r....................
4 ........................................................................
5 ........................................................................
6 ........................................................................
7 ........................................................................
8 ..........r.............................................................
9 ........................................................................
0 ........................................................................
1 ...................................tt...................................
2 ....................................................f...................
3 ..t....................................................r................
4 ..t...................................................r.................
5 ........................................................................
6 ........................................................................
7 .....................................r..................................
8 ........................................................................
9 ........................................................................
0 ........................................................................
1 ...........................................................f............
2 ........................................................................
3 .......................................................................t
4 .......................................................................t
5 rr......................................................................
6 ..............................r.........................................
7 ........................................................................
8 ........................................................................
9 ........................................................................
0 ...........................r............................................
1 ........................................................................
2 .........r..............................................................
3 ........................................................................
4 ........................................................................
5 ........................................................................
6 ........................................................................
7 ........................................................................
8 ........................................................................
9 ........................................................................
0 ........................................................................
1 r.......................................................................
2 ........................................................................
3 ........................................................................
4 ........................................................................
5 ........................................................................
6 ........................................................................
7 .............r..........................................................
8 .....r..................................................................
9 ....................................................................r...
0 .....................................................................r..
1 ....................................................................t...
2 ........................................................................
3 ........................................................................
4 ........................................................................
5 ........................................................................
6 ........r.f.......................................f.....................
7 .................................f................f.....................
8 ........................................................................
9 ........................................................................
0 ........................................................................
1 ........................................................................
2 ........................................................................
3 ........................................................................
4 ........................................................................
5 .......................................................................r
6 .................................................t......................
7 ........................................................................
8 ........................................................................
9 .........................................f..............................
0 ....................................................................r...
1 ............r...........................................................

Turn = 400.
  012345678901234567890123456789012345678901234567890123456789012345678901
0 ......................................r.............r...............r...
1 ........................................................................
2 ........................................................................
3 ...............................................r.......................r
4 .......................................................................r
5 ........................................................................
6 ........................................................................
7 ........................................................................
8 ........................................................................
9 ........................................................................
0 ........................................................................
1 ...................................tt...................................
2 ....................................................f...................
3 .........................................................r..........r...
4 ........................................................................
5 ........................................................................
6 ........................................................................
7 ........................................................................
8 ........................................................................
9 ........................................................................
0 ........................................................................
1 ...........................................................f............
2 ........................................................................
3 .........................r..............................................
4 ........................................................................
5 ........................................................................
6 .......................................................................r
7 .......................................................................r
8 ........................................................................
9 ........................................................................
0 ........................................................................
1 ........................................................................
2 ........................................................................
3 ........................................................................
4 .......................................................................r
5 ........................................................................
6 ........................................................................
7 ........................................................................
8 ........................................................................
9 ........................................................................
0 ........................................................................
1 ...............................................................r........
2 ........................................................................
3 .............................................................r..........
4 ................................................................r.......
5 ........................................................................
6 ........................................................................
7 ........................................................................
8 r.......................................................................
9 r.......................................................................
0 ........................................................................
1 r.......................................................................
2 .............r..........................................................
3 .......................r................................................
4 ........................r...............................................
5 ........................................................................
6 ..........f.......................................f.....................
7 .................................f................f.....................
8 ............r....r......................................................
9 ........................................................................
0 ........................................................................
1 ........................................................................
2 ....r...................................................................
3 ........................................................................
4 ........................................................................
5 ........................................................................
6 .................................................t......................
7 ........................................................r...............
8 r.......................................................................
9 ........................................................................
0 r.......................................................................
1 .r....................rr..............................r.................

Turn = 500.
  012345678901234567890123456789012345678901234567890123456789012345678901
0 ............rr............r......r........................r.............
1 r......................r.......r........................................
2 r.........................r.............................................
3 .r......................................................................
4 ..................................................r.....................
5 ..................................................r.....................
6 ................r.......................................................
7 r.......................................................................
8 ........................................................................
9 .....................................r..................................
0 ........................................................................
1 r..................................tt...................................
2 ...................................r................f...................
3 ........................................................................
4 ..................................r....r................................
5 ........................................................................
6 ......r.................................................................
7 ........................................................................
8 ........................................................................
9 ........................................................................
0 ........................................................................
1 ...........................................................f............
2 ........................................................................
3 ........................................................................
4 ........................................................................
5 ........................................................................
6 ........................................................................
7 ........................................................................
8 ........................................................................
9 ........................................................................
0 ........................................................................
1 ........................................................................
2 ........................................................................
3 ........................................................................
4 ........................................................................
5 ........................................................................
6 ........................................................................
7 ........................................................................
8 ........................................................................
9 ........................................................................
0 .................................................r......................
1 ........................................................................
2 ....................................r...................................
3 ........................................................................
4 ........................................................................
5 ........................................................................
6 ........................................................................
7 ........................................................................
8 ........................................................................
9 ........................................................................
0 ........................................................................
1 .............................................................r..........
2 .............................................r..........................
3 ........................................................................
4 ........................................................................
5 ........................................................................
6 ..........f.......................................f.....................
7 .................................f................f.....................
8 ........................................................................
9 ........................................................................
0 ........................................................................
1 ......................................................................r.
2 .......................................................................r
3 ........................................................................
4 ........................................................................
5 ........................................................................
6 ............................................................r.r.........
7 ...............................r........................................
8 ........................................................................
9 ........................................................................
0 ........................................................................
1 ...r.................................................r..................

Turn = 600.
  012345678901234567890123456789012345678901234567890123456789012345678901
0 r..r..............r.....................................r...............
1 ........................................................................
2 r.................r.....................................................
3 ......r..........................r...............r......................
4 ........................................................................
5 ........................................................................
6 ........................................................................
7 ........................................................................
8 ........................................................................
9 ........................................................................
0 .......................................................................r
1 ..................................ttt...................................
2 ...................................t................f...................
3 ........................................................................
4 ........................................................................
5 ........................................................................
6 ........................................................................
7 ........................................................................
8 ........................................................................
9 ........................................................................
0 ........................................................................
1 ...........................................................f............
2 ........................................................................
3 ........................................................................
4 ........................................................................
5 ............................................r...........................
6 ........................................................................
7 ........................................................................
8 ........................................................................
9 ........................................................................
0 ..................r.....................................................
1 ........................................................................
2 ........................................................................
3 ........................r....................................r..........
4 ........................................................................
5 ........................................................................
6 ............................r...........................................
7 ...........................r............................................
8 ........................................................................
9 .......................................................................r
0 ........................................................................
1 ........................................................................
2 ......r.......................................................r.........
3 .....r..................................................................
4 ........................................................................
5 ........................................................................
6 .............................................r..........................
7 ........................................................................
8 ........................................................................
9 ........................................................................
0 ........................................................................
1 ........................................................................
2 ........................................................................
3 ........................................................................
4 .......................................................................r
5 ........................................................................
6 ..........f.......................................f.....................
7 .................................f................f.....................
8 ........................................................................
9 ........................................................................
0 ........................................................................
1 ........................................................................
2 ...................................................r....................
3 ........r...............................................................
4 ..................................................rr....................
5 r.......................................................................
6 ........................................................................
7 ........................................................................
8 ........................................................................
9 ........................................................................
0 ........................................................................
1 .................r.......r...................r..........................

Turn = 700.
  012345678901234567890123456789012345678901234567890123456789012345678901
0 ...............r.............................................r..........
1 ................................................r.......................
2 ........................................................................
3 .................................................r......................
4 ..................................................r.....................
5 ........................................................................
6 ........................................................................
7 .....................................................................r..
8 ....................................................................r...
9 ........................................................................
0 ........................................................................
1 ..................................ttt...................................
2 ...................................tt...............f...................
3 ...................................t......................r.............
4 ...........................................................r............
5 ......................................................................r.
6 .......................................................................r
7 ........................................................................
8 ........................................................................
9 ........................................................................
0 ........................................................................
1 ...................................................................r....
2 ........................................................................
3 ........................................................................
4 .......................................................................r
5 ........................................................................
6 .......................................................................r
7 r..........r............................................................
8 ...........r............................................................
9 ........................................................................
0 ........................................................................
1 ........................................................................
2 .......................................................................r
3 ........................................................................
4 ........................................................................
5 ........................................................................
6 .......r...............................................................r
7 ........................................................................
8 ........................................................................
9 ........................................................................
0 ........................................................................
1 ........................................................................
2 .....r..................................................................
3 ........................................................................
4 ........................................................................
5 ........................................................................
6 ........................................................................
7 ........................................................................
8 ........................................................................
9 ..............r.........................................................
0 ........................................................................
1 ........................................................................
2 .............r.........................................................r
3 ......r.....r...........................................................
4 .....r..................................................................
5 ........................................................................
6 ..........f.............................................................
7 ........................................................................
8 ........................................................................
9 ........................................................................
0 ........................................................................
1 .............................................r..........................
2 ........................................................................
3 ........................................................................
4 ........................................................................
5 ........................................................................
6 ........................................................................
7 ........................................................................
8 ........................................................................
9 ........................................................................
0 ........................................................................
1 ........r..............r..r....r........................................

Turn = 800.
  012345678901234567890123456789012345678901234567890123456789012345678901
0 .....................................................r..................
1 ...........................................................r.r...r......
2 ........................................................................
3 ........................................................................
4 ........................................................................
5 ........................................................................
6 ........................................................................
7 ........................................................................
8 ........................................................................
9 ........................................................................
0 r......................................................................r
1 ..................................tttt..................................
2 ...................................tt...............f...................
3 ........................................................................
4 .......................................................................r
5 r........r..............................................................
6 ........r...............................................................
7 ........................................................................
8 r.................r.....................................................
9 ...................r....................................................
0 ........................................................................
1 ...........r............................................................
2 ........................................................................
3 ........................................................................
4 ........................................................................
5 ........................................................................
6 ..................r......r.............................................r
7 r.........................r.............................................
8 ........................................................................
9 ........................................................................
0 r.......................r...............................................
1 ........................................................................
2 ........................................................................
3 ........................................................................
4 .......................................................................r
5 ........................................................................
6 ........................................................................
7 ........................................................................
8 ........................................................................
9 ........................................................................
0 ........................................................................
1 ........................................................................
2 ..........................................r.............................
3 ........................................................................
4 ........................................................................
5 ........................................................................
6 ..................................................r.....................
7 ........................................................................
8 ................................................r.......................
9 ........................................................................
0 ........................................................................
1 ........................................................................
2 ...................................r....................................
3 ........................................................................
4 ........................................................................
5 ........................................................................
6 ..........f.............................................................
7 ........................................................................
8 ........................................................................
9 ........................................................................
0 ........................................................................
1 .......................r......................................r.........
2 ..............................................................r.........
3 ........................................................................
4 ........................................................................
5 ........................................................................
6 ........................................................................
7 ........................................................................
8 ........................r...............................................
9 ........................................................................
0 ........................................................................
1 ..................................................................r..r..

Turn = 900.
  012345678901234567890123456789012345678901234567890123456789012345678901
0 .........rr.....................................r.r.....................
1 .......r................................................................
2 r.......................................................................
3 r.......................................................................
4 ........................................................................
5 ........................................................................
6 ........................................................................
7 ........................................................................
8 ........................................................................
9 r.......................................................................
0 r.......................................................................
1 ..................................tttt..................................
2 ...................................tt...................................
3 ........................................................................
4 ........................................................................
5 ........................................................................
6 ........................................................................
7 ........................................................................
8 ........................................................................
9 .........................r..r..r........................................
0 ........................................................................
1 ........................................................................
2 ........................................................................
3 ........................................................................
4 ........................................................................
5 ........................................................................
6 .r......................................................................
7 ........................................................................
8 ...................r....................................................
9 ..................r.....................................................
0 ........................................................................
1 ........................................................................
2 ........................................................................
3 ........................................................................
4 ........................................................................
5 ........................................................................
6 ........................................................................
7 ........................................................................
8 ........................................................................
9 ........................................................................
0 ........................................................................
1 ........................................................................
2 ........r...............................................................
3 ........................................................................
4 ........................................................................
5 ........................................................................
6 r.......................................................................
7 ........................................................................
8 ....................................................r...................
9 ........................................................................
0 ........................................................................
1 ........................................................................
2 ........................................................................
3 ........................................................................
4 ........................................................................
5 ........................................................................
6 ..........f.............................................................
7 ........................................................................
8 ........................................................................
9 ........................................................................
0 .......................................................................r
1 ....................................................................r...
2 .....................................................................r..
3 ...............................r........................................
4 ................................r.r.....................................
5 ........................................................................
6 ......................................r.................................
7 ...........................................................r............
8 ......................................r....................r............
9 .....................................................r..................
0 ........................................................................
1 ...r..r......r...............................................r..........

Turn = 1000.
  012345678901234567890123456789012345678901234567890123456789012345678901
0 .........................................r.......r..r.............r.....
1 ...............................................r........................
2 ........................................................................
3 .....................................r..................................
4 ....................................r...................................
5 ........................................................................
6 ........................................................................
7 ..............................................................r.........
8 ........................................................................
9 ........................................................................
0 ...................................t....................................
1 ..................................tttt..................................
2 ...................................ttt.....rr.r.........................
3 ......................................................................r.
4 .......................................................................r
5 ........................................................................
6 .......................................................................r
7 .....................................................................r..
8 ........................................................................
9 ........................................................................
0 ......................................................................r.
1 ........................................................................
2 .....................................................................r..
3 .....................................................................r..
4 ........................................................................
5 ........................................................................
6 ........................................................................
7 r.......................................................................
8 ........................................................................
9 ........................................................................
0 ........................................................................
1 ........................................................................
2 ........................................................................
3 ........................................................................
4 ........................................................................
5 ........................................................................
6 ........................................................................
7 ........................................................................
8 ........................................................................
9 ........................................................................
0 ........................................................................
1 ........................................................................
2 .....r..................................................................
3 ........................................................................
4 ........................................................................
5 ........................................................................
6 ........................................................................
7 ........................................................................
8 r.......................................................................
9 ........................................................................
0 ........................................................................
1 ........................................................................
2 ........................................................................
3 ........................................................................
4 r.......................................................................
5 ........................................................................
6 ..........f.............................................................
7 r.......................................................................
8 ........................................................................
9 ........................................................................
0 ........................................................................
1 ........................................................................
2 ........................................................................
3 ........................................................................
4 ........................................................................
5 ........................................................................
6 ........................................................................
7 ........................................................................
8 ..............r.r.......................................................
9 ........................................................................
0 .r........r.............................................................
1 ...............r......r............r.....r..............................

*** Darwin 72x72 with Best ***
*** Darwin test5 ***
Turn = 0.
  0
0 f

Turn = 1.
  0
0 f

*** Darwin test6 ***
Turn = 0.
  0
0 h
1 .
2 .

Turn = 1.
  0
0 .
1 h
2 .

Turn = 2.
  0
0 .
1 .
2 h

Turn = 3.
  0
0 .
1 .
2 h

*** Darwin test7 ***
Turn = 0.
  012
0 h..

Turn = 1.
  012
0 .h.

Turn = 2.
  012
0 ..h

Turn = 3.
  012
0 ..h

*** Darwin test8 ***
Turn = 0.
  012
0 tff

Turn = 1.
  012
0 ttt

Turn = 2.
  012
0 ttt

*** Darwin test9 ***
Turn = 0.
  012
0 tff

Turn = 1.
  012
0 ttf

Turn = 2.
  012
0 ttt

Turn = 3.
  012
0 ttt

*** Darwin test10 ***
Turn = 0.
  012
0 fft

Turn = 1.
  012
0 ftt

Turn = 2.
  012
0 ttt

Turn = 3.
  012
0 ttt

*** Darwin test11 ***
Turn = 0.
  012
0 hh.

Turn = 1.
  012
0 h.h

Turn = 2.
  012
0 .hh

Turn = 3.
  012
0 .hh

*** Darwin test12 ***
Turn = 0.
  012
0 .hh

Turn = 1.
  012
0 hh.

Turn = 2.
  012
0 hh.

*** Darwin test13 ***
Turn = 0.
  012
0 .ht

Turn = 1.
  012
0 h.t

Turn = 2.
  012
0 h.t

*** Darwin test14 ***
Turn = 0.
  012
0 rft

Turn = 1.
  012
0 rtt

Turn = 2.
  012
0 rrr

Turn = 3.
  012
0 rrr

==2363== 
==2363== HEAP SUMMARY:
==2363==     in use at exit: 122,880 bytes in 6 blocks
==2363==   total heap usage: 27,816 allocs, 27,810 frees, 3,626,241 bytes allocated
==2363== 
==2363== LEAK SUMMARY:
==2363==    definitely lost: 0 bytes in 0 blocks
==2363==    indirectly lost: 0 bytes in 0 blocks
==2363==      possibly lost: 0 bytes in 0 blocks
==2363==    still reachable: 122,880 bytes in 6 blocks
==2363==         suppressed: 0 bytes in 0 blocks
==2363== Rerun with --leak-check=full to see details of leaked memory
==2363== 
==2363== For counts of detected and suppressed errors, rerun with: -v
==2363== ERROR SUMMARY: 0 errors from 0 contexts (suppressed: 2 from 2)
