commit f897873adf61381a7cfd2b169da38b9b701767be
Author: Adam Creswell <adamcreswell@utexas.edu>
Date:   Tue Apr 2 20:36:48 2013 -0500

    tests for adam creswell

commit a61f1918ca662520266484f0dbc95f74f5451344
Author: Chris <cmlinac@gmail.com>
Date:   Tue Apr 2 20:23:09 2013 -0500

    Update bveltman-RunDarwin.out

commit f5a879d7cf84d8f18a53ce011714cf15017f727b
Author: dmonroy93 <dmonroy@utexas.edu>
Date:   Tue Apr 2 20:18:07 2013 -0500

    Test for Daniel Monroy and Alonso Salas

commit 8b4dedb27d0bc5fc680d8f688263349aa5a2af43
Author: Eric Carrillo <ericfc@utexas.edu>
Date:   Tue Apr 2 19:58:19 2013 -0500

    Unit and acceptance tests for Eric Carrillo and Reece Davies.

commit 93e0277603b5ad518f8db611b4e12cb2d59f85ca
Author: baveltman <baveltman@gmail.com>
Date:   Tue Apr 2 19:38:44 2013 -0500

    Unit and Acceptance tests for Boris Veltman and Chris Mlinac.

commit 50d9caeeaef6d7dbb9e2a760bdacc8f1e11bfd01
Author: baveltman <baveltman@gmail.com>
Date:   Tue Apr 2 18:56:22 2013 -0500

    Acceptance Tests for Boris Veltman and Chris Mlinac.

commit 5d23a78f3f4e6e69620ef1c202b4ee4c9607c03d
Author: baveltman <baveltman@gmail.com>
Date:   Tue Apr 2 18:55:47 2013 -0500

    Acceptance Tests for Boris Veltman and Chris Mlinac.

commit aa6d681218ef84ec4fadaa6995de41a408577e55
Author: baveltman <baveltman@gmail.com>
Date:   Tue Apr 2 18:50:42 2013 -0500

    Acceptance Tests for Boris Veltman and Chris Mlinac.

commit f6c64c24c49c2146742b3cb047a06b68f0ac81fb
Author: baveltman <baveltman@gmail.com>
Date:   Tue Apr 2 18:41:14 2013 -0500

    UnitTests for Boris Veltman and Chris Mlinac.

commit 1bfbf112455e24b58a7840a767b1cade706047f1
Author: Marcella Nguyen <trisane@cs.utexas.edu>
Date:   Tue Apr 2 15:59:50 2013 -0500

    Pushing tests for Marcella Nguyen and Brandon Lee

commit 572826b98a6a6cc12a1f52b7264db6269c479ac8
Author: Squab <tim.r.simmons@gmail.com>
Date:   Tue Apr 2 14:33:56 2013 -0500

    Acceptance/Unit Tests - Tim Simmons

commit cd9ccf2474d0094bcd4244710a59f513d7d22fb0
Author: rezama <dareza@gmail.com>
Date:   Fri Mar 22 16:39:06 2013 -0500

    Update README.md

commit 05096431eadd40d01524f742d083d7804a692138
Author: rezama <dareza@gmail.com>
Date:   Fri Mar 22 14:38:17 2013 -0700

    Initial commit
