*** Darwin 8x8 ***
 01234567
0f.......
1........
2........
3...hh...
4...hh...
5........
6........
7.......f

 01234567
0f.......
1........
2...h....
3.....h..
4..h.....
5....h...
6........
7.......f

 01234567
0f.......
1...h....
2........
3......h.
4.h......
5........
6....h...
7.......f

 01234567
0f..h....
1........
2........
3.......h
4h.......
5........
6........
7....h..f

 01234567
0f..h....
1........
2........
3.......h
4h.......
5........
6........
7....h..f

 01234567
0f..h....
1........
2........
3.......h
4h.......
5........
6........
7....h..f

*** Darwin 7x9 ***
 012345678
0t........
1.........
2.........
3..h......
4.........
5....r....
6........t

 012345678
0t........
1.........
2.........
3...h.....
4....r....
5.........
6........t

 012345678
0t........
1.........
2.........
3....r....
4....r....
5.........
6........t

 012345678
0t........
1.........
2.........
3....rr...
4.........
5.........
6........t

 012345678
0t........
1.........
2....r....
3......r..
4.........
5.........
6........t

 012345678
0t........
1....r....
2.........
3.......r.
4.........
5.........
6........t

*** Darwin 72x72 without Best ***
 012345678901234567890123456789012345678901234567890123456789012345678901
0.................................t..........................f...........
1...................r....................................................
2........................................................................
3......................................t.................................
4........................................................................
5........................................................................
6........................................................................
7........................................................................
8..............r.........................................................
9........................................................................
0........................................................................
1....................................t...................................
2....................................................f...................
3..t.....................................................................
4........................................................................
5........................................................................
6........................................................................
7........................................................................
8........................................................................
9........................................................................
0...........r.........................................................r..
1...........................................................f............
2........................................................................
3......................................................................t.
4........................................................................
5......................................................t.................
6........................................................................
7........................................................................
8.........................................h..............................
9........................................................................
0......................................................h.................
1........................................................................
2........................................................................
3.....h..................................................................
4........................................................................
5...............h........................................................
6........................................................................
7........................................................................
8........................................................................
9...................................h....................................
0........................................................................
1........................................................................
2........................................................................
3.............................................r..........................
4.........f..............................................................
5........................................................................
6.......................................................f................
7...................................................t..........h.........
8........................................................................
9........................................................................
0..............r.........................................................
1....................................................................t...
2...................h...............................................h....
3........................................................................
4.............................r..........................................
5................................r.......................................
6..........f.......................................f.....................
7.................................f................f.....................
8........................................................................
9........................................................................
0........................................................................
1............................................r...........................
2.h......................................................................
3........................................................t...............
4........................................................................
5........................................................................
6.................................................t......................
7........................................................................
8........................................................................
9.........................................f..............................
0....r.........................................................h.........
1........................................................................

 012345678901234567890123456789012345678901234567890123456789012345678901
0................................r......r.r...............r.r............
1........................................................................
2........................................................................
3......................................t.................................
4........................................................................
5........................................................................
6........................................................................
7........................................................................
8........................................................................
9........................................................................
0........................................................................
1...................................tt...................................
2....................................................f...................
3..t.....................................................................
4...................................................................r....
5........................................................................
6........................................................................
7........................................................................
8.............................................................r..........
9........................................................................
0........................................................................
1...........................................................fr...........
2........................................................................
3.........................................................r............t.
4........................................................................
5......................................................t.................
6........................................................................
7........................................................................
8.......................................................................h
9........................................................................
0.......................................................................h
1r......................................................................r
2........................................................................
3........................................................................
4........................................................................
5........................................................................
6........................................................................
7........................................................................
8........................................................................
9........................................................................
0........................................................................
1........................................................................
2........................................................................
3.......................................................................r
4.........f..............................................................
5........................................................................
6.......................................................f................
7...................................................t....................
8........................................................................
9........................................................................
0........................................................................
1....................................................................t...
2........................................................................
3.................r......................................................
4...........................................................r............
5........................................................................
6..........f.......................................f.....................
7.................................f................f.....................
8........................................................................
9........................................................................
0.......................................r................................
1........................................r...............................
2........................................................................
3.................r......................................t...............
4........................................................................
5........................................................................
6.................................................t......................
7........................................................................
8........................................................................
9.........................................f..............................
0........................................................................
1..........................r..r..........................................

 012345678901234567890123456789012345678901234567890123456789012345678901
0.....................................................r..................
1........................................................................
2........................................................................
3......................................t.................................
4........................................................................
5........................................................................
6........................................................................
7........................................................................
8........................................................................
9........................................................................
0........................................................................
1...................................tt...................................
2....................................................f...................
3..t.....................................................................
4......................................................................r.
5........................................................................
6........................................................................
7........................................................................
8........................................................................
9........................................................................
0......................................................................r.
1...........................................................f............
2.......................................................................r
3............................................................r........r..
4........................................................................
5.........r............................................t.................
6.........r..............................................................
7........................................................................
8..................................................................r.....
9................................................................r.......
0................................................................r.......
1........................................................................
2..................................................................r.....
3........................................................................
4........................................................................
5.......................................................................r
6......................................................................r.
7........................................................................
8........................................................................
9........................................................................
0.......................................................................r
1........................................................................
2........................................................................
3........................................................................
4.........f..............................................................
5........................................................................
6.......................................................f................
7........................................................................
8........................................................................
9.......................................................................r
0........................................................................
1....................................................................t...
2........................................................................
3........................................................................
4........................................................................
5........................................................................
6..........f.......................................f.....................
7r................................f................f.....................
8...............................................r........................
9..............................................r.........................
0........................................................................
1........................................................................
2........................................................................
3........................................................t...............
4........................................................................
5........................................................................
6........................................................................
7........................................................................
8........................................................................
9.........................................f..............................
0.............................................................r..........
1......................r.........................................r..r.r..

 012345678901234567890123456789012345678901234567890123456789012345678901
0..r...........................r...............r.......r...r......r......
1..............................r...............r.........................
2.........r..............................................................
3......................................tt................................
4.........r..............................................................
5........................................................................
6........................................................................
7........................................................................
8r.......................................................................
9................r......................................................r
0........................................................................
1...................................ttt..................................
2....................................................f...................
3..t......r..............................................................
4.......r................................................................
5........................................................................
6........................................................................
7........................................................................
8........................................................................
9........................................................................
0........................................................................
1...........................................................f...........r
2........................................................................
3........................................................................
4........................................................................
5........................................................................
6........................................................................
7........................................................................
8..........................................................r.............
9........................................................................
0........................................................................
1........................................................................
2........................................................................
3........................................................................
4........................................................................
5........................................................................
6........................................................................
7.......r................................................................
8........................................................................
9........................................................................
0........................................................................
1........................................................................
2......................................................r.................
3........................................................................
4.........f.............................................................r
5........................................................r...............
6........................................................................
7........................................................................
8........................................................................
9........................................................................
0........................................................................
1........................................................................
2........................................................................
3........................................................................
4........................................................................
5........................................................................
6..........f.......................................f.....................
7.................................f................f.....................
8........................................................................
9........................................................................
0.......................................................................r
1.....................................................................r..
2........................................................................
3.....................................r..................................
4........................................................................
5r.......................................................................
6........................................................................
7........................................................................
8........................................................................
9.........................................f..............................
0........................................................................
1.............................r..........................................

 012345678901234567890123456789012345678901234567890123456789012345678901
0..r................r..............r.....................................
1.................r......................................................
2r.......................................................................
3.......................r..............tt................................
4......................................t.................................
5........................................................................
6........................................................................
7........................................................................
8........................................................................
9........................................................................
0........................................................................
1...................................ttt..................................
2....................................................f...................
3........................................................................
4........................................................................
5........................................................................
6........................................................................
7........................................................................
8..............r.........................................................
9........................................................................
0........................................................................
1.......................................................r................
2........................................................................
3........................................................................
4........................................................................
5........................................................................
6........................................................................
7........................................................................
8......................................................................r.
9........................................................................
0........................................................................
1........................................................................
2........................................................................
3........................................................................
4........................................................................
5.......................................................................r
6.......................................................................r
7........................................................................
8.....................................................r..................
9........................................................................
0........................................................................
1r.......................................................................
2.r.........r............................................................
3........................................................................
4.........f..............................................................
5........................................................................
6.............................................r..........................
7........................................................................
8........................................................................
9........................................................................
0........................................................................
1........................................................................
2........................................................................
3r.......................................................................
4.......................................................................r
5........................................................................
6..........f.......................................f.....................
7.................................f................f.....................
8........................................................................
9........................................................................
0........................................................................
1........................................................................
2........................................................................
3.........................r..............................................
4........................r...............................................
5........................................................................
6........................................................................
7........................................................................
8..................r.....................................................
9.........................................f..............................
0.....................................................................r..
1..........................r.......r.r......................r...........r

 012345678901234567890123456789012345678901234567890123456789012345678901
0......r...................................................r............r
1......r.................................................................
2......................................t.................................
3......................................tt................................
4........................................................................
5........................................................................
6........................................................................
7........................................................................
8........................................................................
9........................................................................
0.......................................................................r
1...................................tttt.................................
2r...................................................f...................
3........................................................................
4........................................................................
5........................................................................
6........................................................................
7........................................................................
8........................................................................
9........................................................................
0........................................................................
1........................................................................
2........................................................................
3........................................................................
4..............................................................r.........
5........................................................................
6......................................................................r.
7........................................................................
8........................................................................
9..........................................................r............r
0......................................................................r.
1........................................................................
2........................................................................
3.......................................................................r
4........................................................................
5........................................................................
6........................................................................
7........................................................................
8........................................................................
9........................................................................
0........................................................................
1......................r.................................................
2........................................................................
3.......................................................r................
4.........f..............................................................
5........................................................................
6........................................................................
7........................................................................
8........................................................................
9.......................................................................r
0........................................................................
1........................................................................
2........................................................................
3...................................................r....................
4.....r..................................................................
5.......................................................................r
6........r...............................................................
7........................................................................
8........................................................................
9........................................r...............................
0........................................................................
1........................................................................
2........................................................................
3................r.....................................................r.
4.......................................................................r
5r.......................................................................
6........................................................................
7........................................................................
8........................................................................
9.........................................f..............................
0...........................r............................................
1r.............................r.............................r........r.r

 012345678901234567890123456789012345678901234567890123456789012345678901
0r.......................................................................
1.......................................................r................
2......................................t.................................
3......................................tt................................
4........................................................................
5........................................................................
6........................................................................
7........................................................................
8........................................................................
9........................................................................
0...................................t....................................
1...................................tttt.................................
2...................................t.......r.............r..............
3........................................................................
4.......................................................r...............r
5......r.................................................................
6........................................................r...............
7........................................................................
8........................................................................
9........................................................................
0........................................................................
1........................................................................
2........................................................................
3........................................................................
4........................................................................
5........................................................................
6........................................................................
7............................................................r...........
8........................................................................
9.............................r..........................................
0........................................................................
1........................................................................
2........................................................................
3........................................................................
4......................................................................rr
5......................................................................r.
6........................................................................
7........................................................................
8........................................................................
9........................................................................
0........................................................................
1........................................................................
2........................................................................
3........................................................................
4.........f..............................................................
5..............................................rr........................
6.......................................................................r
7.............................................r.......................r.r
8...............................................................r........
9.......................r................................................
0........................................................................
1........................................................................
2.......................................................................r
3........................................................................
4........................................................................
5........................................................................
6........................................................................
7.......................................................................r
8........................................................................
9........................................................................
0........................................................................
1........................................................................
2........................................................................
3.......................................................................r
4........................................................................
5........................................................................
6........................................................................
7..........................................................r.............
8..................................................................r.....
9.........................................f.....................r........
0........................................................................
1.............................r.........................................r

 012345678901234567890123456789012345678901234567890123456789012345678901
0.........r..r........................................r..................
1...............................r......t.................................
2r.....................................t...................r.............
3......................................tt.........r......................
4........................................................................
5.................................r......................................
6........................................................................
7r.......................................................................
8........................................................................
9........................................................................
0...................................t....................................
1...................................tttt.................................
2...................................tt...................................
3........................................................................
4........................................................................
5........................................................................
6........................................................................
7........................................................................
8............................................r...........................
9........................................................................
0........................................................................
1........................................................................
2.....................................................r..................
3........................................................................
4......................................................................r.
5........................................................................
6...................r........................................r...........
7........................................................................
8.......................................................................r
9........................................................r...............
0r.......................................................................
1........................................................................
2........................................................r...............
3.......................................................................r
4........................................................................
5.......................................................................r
6........................................................................
7........................................................................
8...r....................................................................
9........................................................................
0........................................................................
1........................................................................
2rr......................................................................
3........................................................................
4.........f.............................................................r
5......................................................................r.
6........................................................................
7........................................................................
8.......................................................................r
9........................................................................
0........................................................................
1........................................................................
2........................................................................
3........................................................................
4........................................................................
5........................................................................
6........................................................................
7........................................................................
8........................................................................
9.......................................................................r
0........................................................................
1........................................................................
2........................................................................
3........................................................................
4........................................................................
5........................................................................
6........................................................................
7........................................................................
8........................................................................
9........................................................................
0........................................................................
1....................................r...................................

 012345678901234567890123456789012345678901234567890123456789012345678901
0.........................................t..............................
1......................................tttt..............................
2......................................t.................................
3......................................tt................................
4........................................................................
5........................................................................
6........................................................................
7........................................................................
8........................................................................
9........................................................................
0..................................tt....................................
1...................................ttttt................................
2...................................tt...................................
3........................................................................
4.......................................................................r
5.......................................................................r
6........................................................................
7........................................................................
8........................................................................
9........................................................................
0........................................................................
1...............................................................r........
2........................................................................
3........................................................................
4........................................................................
5........................................................................
6........................................................................
7........................................................................
8........................................................................
9........................................................................
0........................................................................
1........................................................................
2........................................................................
3.........................................................r..............
4........................................................................
5.......................................................................r
6........................................................................
7.......................................................................r
8..................................r.....................................
9..................................r.....................................
0.................................................................r......
1........................................................................
2........................................................................
3........................................................................
4.........f..............................................................
5........................................................................
6........................................................................
7..........................r......................r......................
8........................................................................
9........................................................................
0r.....................................................................r.
1........................................................................
2........................................................................
3........................................................................
4........................................................................
5........................................................................
6........................................................................
7........................................................................
8........................................................................
9........................................................................
0........................................................................
1........................................................................
2........................................................................
3........................................................................
4........................................................................
5........................................................................
6........................................................................
7........................................................................
8...............r........................................................
9........................................................................
0......................................................................r.
1.r..............r.r..........r.r.....................................r.r

 012345678901234567890123456789012345678901234567890123456789012345678901
0.........................................ttt..r.r.r.....................
1......................................ttttt.............................
2......................................t.................................
3......................................tt................................
4........................................................................
5........................................................................
6........................................................................
7........................................................................
8........................................................................
9...r....................................................................
0...r..............................tt....................................
1...................................ttttt...............................r
2...................................tt...................................
3.......................................................................r
4........................................................................
5......................................................................r.
6.......................................................................r
7........................................................................
8........................................................................
9........................................................................
0.......................................................................r
1........................................................................
2........................................................................
3........................................................................
4........................................................................
5........................................................................
6........................................................................
7.......................................................................r
8......................................................................r.
9........................................................................
0........................................................................
1........................................................................
2........................................................................
3........................................................................
4........................................................................
5...........r...................................................r........
6........................................................................
7........................................................................
8........................................................................
9........................................................................
0.........r..............................................................
1........................................................................
2........................................................................
3........................................................................
4.........f.............................................................r
5........................................................................
6........................................................................
7........................................................................
8........................................................................
9........................................................................
0........................................................................
1........................................................................
2........................................................................
3........................................................................
4........................................................................
5........................................................................
6........................................................................
7........................................................................
8........................................................................
9........................................................................
0........................................................................
1........................................................................
2........................................................................
3........................................................................
4........................................................................
5........................................................................
6........................................................................
7.......................................................................r
8........................................................................
9.......................................................................r
0.............................................................r..........
1........................................................................

 012345678901234567890123456789012345678901234567890123456789012345678901
0.........................................ttttttt........................
1......................................ttttt.............................
2......................................t.................................
3......................................tt................................
4........................................................................
5........................................................................
6........................................................................
7........................................................................
8........................................................................
9........................................................................
0.................................ttt....................................
1...................................ttttt................................
2...................................tt...................................
3........................................................................
4........................................................................
5........................................................................
6..............................r.........................................
7........................................................................
8........................................................................
9........................................................................
0........................................................................
1........................r...............................................
2........................................................................
3........................................................................
4........................................................................
5........................................................................
6........................................................................
7........................................................................
8........................................................................
9........................................................................
0........................................................................
1........................................................................
2........................................................................
3........................................................................
4........................................................................
5........................................................................
6........................................................................
7........................................................................
8........................................................................
9.r......................................................................
0.......................................................................r
1r........r..............................................................
2........................................................................
3..........................................................r.............
4r........f..............................................................
5........................................................................
6........................................................................
7r.......................................................................
8........................................................................
9........................................................................
0........................................................................
1........................................................................
2........................................................................
3.......................................................................r
4........................................................................
5........................................................................
6........................................................................
7........................................................................
8........................................................................
9........................................................................
0........................................................................
1........................................................................
2........................................................................
3........................................................................
4........................................................................
5..................................................r.....................
6........................................................................
7........................................................................
8........................................................................
9........................................................................
0........................................................................
1..........................................................r.......r..r..

*** Darwin 72x72 with Best ***
*** Darwin Acceptance Test 1 ***
 01234
0r....
1.....
2.....
3.....
4.....

 01234
0.r...
1.....
2.....
3.....
4.....

 01234
0..r..
1.....
2.....
3.....
4.....

 01234
0...r.
1.....
2.....
3.....
4.....

 01234
0....r
1.....
2.....
3.....
4.....

 01234
0....r
1.....
2.....
3.....
4.....

*** Darwin Acceptance Test 2 ***
 0
0f

 0
0f

 0
0f

 0
0f

 0
0f

 0
0f

*** Darwin Acceptance Test 3 ***
 01
0hh
1hh

 01
0hh
1hh

 01
0hh
1hh

 01
0hh
1hh

 01
0hh
1hh

 01
0hh
1hh

*** Darwin Acceptance Test 4 ***
 0123456789
0..........
1..........
2..........
3..........
4r........r
5..........
6..rr......
7..r....r..
8...r..r...
9r..r......

 0123456789
0..........
1..........
2..........
3.........r
4.r........
5..........
6..r.r.....
7.r........
8....rr.r..
9r..r......

 0123456789
0..........
1..........
2.........r
3..........
4..r.......
5..........
6...r.r....
7r.........
8....rr....
9.r..r..r..

 0123456789
0..........
1.........r
2..........
3..........
4...r......
5..........
6....r.r...
7r.........
8....r.....
9..r.rr.r..

 0123456789
0.........r
1..........
2..........
3..........
4....r.....
5..........
6.....r.r..
7..........
8r....r....
9...rrr..r.

 0123456789
0.........r
1..........
2..........
3..........
4.....r....
5..........
6......r.r.
7..........
8......r...
9r..rr.r..r

*** Darwin Acceptance Test 5 ***
 01234567890123456789
0t..................t
1....................
2....................
3....................
4....................
5....................
6t..................t

 01234567890123456789
0t..................t
1....................
2....................
3....................
4....................
5....................
6t..................t

 01234567890123456789
0t..................t
1....................
2....................
3....................
4....................
5....................
6t..................t

 01234567890123456789
0t..................t
1....................
2....................
3....................
4....................
5....................
6t..................t

 01234567890123456789
0t..................t
1....................
2....................
3....................
4....................
5....................
6t..................t

 01234567890123456789
0t..................t
1....................
2....................
3....................
4....................
5....................
6t..................t

*** Darwin Acceptance Test 6 ***
 0123456789
0..........
1.f........
2..f......f
3..........
4r........r
5..........
6..fr...f.f
7..r....r..
8..fr..r...
9r..f......

 0123456789
0..........
1.f........
2..f......f
3.........r
4.r........
5..........
6..f.r..f.f
7.r........
8..f.rr.r..
9r..f......

 0123456789
0..........
1.f........
2..f......r
3.........r
4..r.......
5..........
6..f..r.f.f
7r.........
8..f.rr....
9.r.f...r..

 0123456789
0..........
1.f........
2..f.....rr
3..........
4...r......
5..........
6..f...rf.f
7r....r....
8..f.......
9..rfr..r..

 0123456789
0..........
1.f.......r
2..f....r..
3..........
4....r.....
5..........
6r.f..rrr.f
7..........
8..fr......
9..r.r...r.

 0123456789
0.........r
1.f........
2..f...r...
3..........
4.....r....
5r....r.r..
6..f...r..f
7...r......
8..f.......
9...r.r...r

*** Darwin Acceptance Test 7 ***
 0123456789
0h.........
1h.........
2h.........
3h.........

 0123456789
0.h........
1.h........
2.h........
3.h........

 0123456789
0..h.......
1..h.......
2..h.......
3..h.......

 0123456789
0...h......
1...h......
2...h......
3...h......

 0123456789
0....h.....
1....h.....
2....h.....
3....h.....

 0123456789
0.....h....
1.....h....
2.....h....
3.....h....

 0123456789
0......h...
1......h...
2......h...
3......h...

 0123456789
0.......h..
1.......h..
2.......h..
3.......h..

 0123456789
0........h.
1........h.
2........h.
3........h.

 0123456789
0.........h
1.........h
2.........h
3.........h

 0123456789
0.........h
1.........h
2.........h
3.........h

*** Darwin Acceptance Test 8 ***
 0123456789
0.........h
1.........h
2.........h
3.........h

 0123456789
0........h.
1........h.
2........h.
3........h.

 0123456789
0.......h..
1.......h..
2.......h..
3.......h..

 0123456789
0......h...
1......h...
2......h...
3......h...

 0123456789
0.....h....
1.....h....
2.....h....
3.....h....

 0123456789
0....h.....
1....h.....
2....h.....
3....h.....

 0123456789
0...h......
1...h......
2...h......
3...h......

 0123456789
0..h.......
1..h.......
2..h.......
3..h.......

 0123456789
0.h........
1.h........
2.h........
3.h........

 0123456789
0h.........
1h.........
2h.........
3h.........

 0123456789
0h.........
1h.........
2h.........
3h.........

*** Darwin Acceptance Test 9 ***
 012
0hhh
1...
2...
3...
4...
5...
6...
7...
8...
9...

 012
0...
1hhh
2...
3...
4...
5...
6...
7...
8...
9...

 012
0...
1...
2hhh
3...
4...
5...
6...
7...
8...
9...

 012
0...
1...
2...
3hhh
4...
5...
6...
7...
8...
9...

 012
0...
1...
2...
3...
4hhh
5...
6...
7...
8...
9...

 012
0...
1...
2...
3...
4...
5hhh
6...
7...
8...
9...

 012
0...
1...
2...
3...
4...
5...
6hhh
7...
8...
9...

 012
0...
1...
2...
3...
4...
5...
6...
7hhh
8...
9...

 012
0...
1...
2...
3...
4...
5...
6...
7...
8hhh
9...

 012
0...
1...
2...
3...
4...
5...
6...
7...
8...
9hhh

 012
0...
1...
2...
3...
4...
5...
6...
7...
8...
9hhh

*** Darwin Acceptance Test 10 ***
 012
0...
1...
2...
3...
4...
5...
6...
7...
8...
9hhh

 012
0...
1...
2...
3...
4...
5...
6...
7...
8hhh
9...

 012
0...
1...
2...
3...
4...
5...
6...
7hhh
8...
9...

 012
0...
1...
2...
3...
4...
5...
6hhh
7...
8...
9...

 012
0...
1...
2...
3...
4...
5hhh
6...
7...
8...
9...

 012
0...
1...
2...
3...
4hhh
5...
6...
7...
8...
9...

 012
0...
1...
2...
3hhh
4...
5...
6...
7...
8...
9...

 012
0...
1...
2hhh
3...
4...
5...
6...
7...
8...
9...

 012
0...
1hhh
2...
3...
4...
5...
6...
7...
8...
9...

 012
0hhh
1...
2...
3...
4...
5...
6...
7...
8...
9...

 012
0hhh
1...
2...
3...
4...
5...
6...
7...
8...
9...

