*** Darwin 8x8 ***
Turn = 0.
  01234567
0 f.......
1 ........
2 ........
3 ...hh...
4 ...hh...
5 ........
6 ........
7 .......f

Turn = 1.
  01234567
0 f.......
1 ........
2 ...h....
3 .....h..
4 ..h.....
5 ....h...
6 ........
7 .......f

Turn = 2.
  01234567
0 f.......
1 ...h....
2 ........
3 ......h.
4 .h......
5 ........
6 ....h...
7 .......f

Turn = 3.
  01234567
0 f..h....
1 ........
2 ........
3 .......h
4 h.......
5 ........
6 ........
7 ....h..f

Turn = 4.
  01234567
0 f..h....
1 ........
2 ........
3 .......h
4 h.......
5 ........
6 ........
7 ....h..f

Turn = 5.
  01234567
0 f..h....
1 ........
2 ........
3 .......h
4 h.......
5 ........
6 ........
7 ....h..f


*** Darwin 7x9 ***
Turn = 0.
  012345678
0 t........
1 .........
2 .........
3 ..h......
4 .........
5 ....r....
6 ........t

Turn = 1.
  012345678
0 t........
1 .........
2 .........
3 ...h.....
4 ....r....
5 .........
6 ........t

Turn = 2.
  012345678
0 t........
1 .........
2 .........
3 ....h....
4 ....r....
5 .........
6 ........t

Turn = 3.
  012345678
0 t........
1 .........
2 .........
3 ....rr...
4 .........
5 .........
6 ........t

Turn = 4.
  012345678
0 t........
1 .........
2 ....r....
3 ......r..
4 .........
5 .........
6 ........t

Turn = 5.
  012345678
0 t........
1 ....r....
2 .........
3 .......r.
4 .........
5 .........
6 ........t


*** Darwin 72x72 without Best ***
Turn = 100.
  012345678901234567890123456789012345678901234567890123456789012345678901
0 ........................r.......r.r................................r....
1 ........................................................................
2 ........................................................................
3 ......................................t.................................
4 ......................................................................r.
5 .......................................................................r
6 ........................................................................
7 ........................................................................
8 ........................................................................
9 ........................................................................
0 .......................................................................r
1 ....................................t...................................
2 ....................................................f...................
3 ..t.....................................................................
4 ........................................................................
5 ........................................................................
6 ........................................................................
7 ........................................................................
8 ........................................................................
9 ........................................................................
0 ...........................................................r............
1 ........................................................................
2 ...........................................................r............
3 ......................................................................tt
4 ........................................................................
5 ......................................................t.................
6 ........................................................................
7 ....................r...................r...............................
8 ........................................................................
9 ..........................................r.............................
0 ........................................................................
1 ........................................................................
2 ........................................................................
3 ........................................................................
4 ........................................................................
5 ........................................................................
6 ........................................................................
7 ........................................................................
8 ........................................................................
9 ........................................................................
0 ........................................................................
1 ........................................................................
2 ......r.................................................................
3 ........................................................................
4 .........f..............................................................
5 ........................................................................
6 .......................................................f...r............
7 ...................................................t.............r.r....
8 ........................................................................
9 ........................................................................
0 ........................................................................
1 r................................................................r......
2 ........................................................................
3 ........................................................................
4 ........................................................................
5 ....................................................................r...
6 ..........f.......................................f.....................
7 .................................f................f.....................
8 ........................................................................
9 ........................................................................
0 .......................................................................r
1 ........................................................................
2 ..............r.........................................................
3 .............r..........................................t...............
4 ........................................................................
5 ........................................................................
6 .................................................t......................
7 ........................................................................
8 ........................................................................
9 .........................................f..............................
0 ........................................................................
1 ........................................................................

Turn = 200.
  012345678901234567890123456789012345678901234567890123456789012345678901
0 .....r.....................r...r................r..............r........
1 ........................................................................
2 ........................................................................
3 r.....................................t.................................
4 ........................................................................
5 ........................................................................
6 ........................................................................
7 ........................................................................
8 ........................................................................
9 ........................................................................
0 ........................................................................
1 ....................................t...................................
2 ....................................................f...................
3 r.t.....................................................................
4 ........................................................................
5 ........................................................................
6 ........................................................................
7 ........................................................................
8 ........................................................................
9 .......................................................................t
0 ........................................................................
1 ......................................................................r.
2 .......................................................................r
3 ........................................................................
4 .......................................................................r
5 ......................................................t.................
6 ........................................................................
7 ........................................................................
8 ........................................................................
9 ........................................................................
0 ........................................................................
1 ........................................................................
2 ..........................................r.............................
3 ........................................................................
4 ........................................................................
5 ........................................................................
6 ........................................................................
7 ........................................................................
8 ........................................................................
9 ........................................................................
0 ........................................................................
1 ........................................................................
2 ........................................................................
3 ........................................................................
4 .........f..............................................................
5 ........................................................................
6 ........................................................................
7 ...................................................t....................
8 ........................................................................
9 ........................................................................
0 ........................................................................
1 ........................................................................
2 ........................................................................
3 ........................................................................
4 ........................................................................
5 r.......................r...............................................
6 ..........f.............................................................
7 .................................f......................................
8 ........................................................................
9 ..................................................r.....................
0 ........................................................................
1 ........................................................................
2 .......................................................................r
3 .......................................................tt...............
4 .........r..............................................................
5 ..................................r.....................................
6 ........................................................................
7 ........................................................................
8 ........................................................................
9 .........................................f..............................
0 ..........r...........................r.................................
1 ...r.....r...........................rr.................................

Turn = 300.
  012345678901234567890123456789012345678901234567890123456789012345678901
0 r..................r....r...................r...........................
1 ...................r....................................................
2 ........................................................................
3 ......................................t.................................
4 ..............r.........................................................
5 ........................................................................
6 .............r..........................................................
7 ........................................................................
8 ........................................................................
9 r.......................................................................
0 ........................................................................
1 r...................................t...................................
2 ....................................................f..................r
3 ..t.....................................................................
4 ........................................................................
5 ........................................................................
6 ........................................................................
7 ........................................................................
8 ..........................................................rr............
9 .......................................................................t
0 ........................................................................
1 ........................................................................
2 .......................................................................t
3 ........................................................................
4 ........................................................................
5 ......................................................t.................
6 ........................................................................
7 ........................................................................
8 ........................................................................
9 ........................................................................
0 ........................................................................
1 ........................................................................
2 ........................................................................
3 .........................................................r..............
4 ........................................................................
5 ........................................................................
6 ........................................................................
7 ........................................................................
8 ........................................................................
9 ........................................................................
0 ........................................................................
1 ........................................................................
2 ........................................................................
3 ........................................................................
4 ........................................................................
5 .....................................................................r..
6 ........................................................................
7 ...................................................t....................
8 ........................................................................
9 ...........................................r............................
0 ........................................................................
1 ........................................................................
2 ........................................................................
3 r.......................................................................
4 ........................................................................
5 ........................................................................
6 ..........f.............................................................
7 .................................f......................................
8 ........................................................................
9 ........................................................................
0 ........................................................................
1 .......................................................................r
2 ........................................................................
3 .......................................................tt...............
4 ........................................................................
5 ........................................................................
6 ........................................................................
7 ........................................................................
8 ........................................................................
9 .........................................f..............................
0 ....................r...................................................
1 ...................r.............................................r......

Turn = 400.
  012345678901234567890123456789012345678901234567890123456789012345678901
0 r.....r................r......................r.........................
1 ........................................................................
2 r.......................................................................
3 ......................................t.................................
4 ........................................................................
5 ........................................................................
6 r.......................................................................
7 ..............r.........................................................
8 ..............r.........................................................
9 ........................................................................
0 ........................................................................
1 ....................................t...................................
2 ....................................................f...................
3 ..t.....................................................................
4 .......................r................................................
5 ........................................................................
6 ........................................................................
7 ......................................................................rr
8 ...................r................................................r..r
9 ..............................................................r.........
0 ...................................................................r....
1 .....................r..................................................
2 .......................................................................r
3 ......................r.................................................
4 ........................................................................
5 ......................................................t.................
6 ........................................................................
7 ........................................................................
8 ........................................................................
9 ........................................................................
0 ........................................................................
1 ........................................................................
2 ........................................................................
3 ........................................................................
4 ........................................................................
5 ........................................................................
6 ..............................................................r.........
7 ........................................................................
8 ........................................................................
9 r..............r........................................................
0 ........................................................................
1 ........................................................................
2 ........................................................................
3 ........................................................................
4 ........................................................................
5 ........................................................................
6 ........................................................................
7 ...................................................t....................
8 ........................................................................
9 ........................................................................
0 ........................................................................
1 r.......................................................................
2 ........................................................................
3 ........................................................................
4 r.......................................................................
5 ........................................................................
6 ..........f.............................................................
7 .................................f......................................
8 ........................................................................
9 ........................................................................
0 ........................................................................
1 ........................................................................
2 ........................................................................
3 .......................................................tt...............
4 ........................................................................
5 ........................................................................
6 ........................................................................
7 ........................................................................
8 ........................................................................
9 .........................................f..............................
0 .......................................................................r
1 .r.......................r.......r....................................r.

Turn = 500.
  012345678901234567890123456789012345678901234567890123456789012345678901
0 ..r.......r......r........r..................r..r.......r...r...........
1 ........................................................................
2 ........................................................................
3 ......................................t................................r
4 ........................................................................
5 r.......................................................................
6 ........................................................................
7 ............................r...........................................
8 ........................................................................
9 ........................................................................
0 ........................................................................
1 ....................................t...................................
2 ....................................................f...................
3 ..t.....................................................................
4 ........................................................................
5 ........................................................................
6 ........................................................................
7 ........................................................................
8 .............................r..........................................
9 .......................r................................................
0 ........................................................................
1 .......................................................................r
2 ........................................................................
3 ........................................................................
4 ........................................................................
5 ......................................................t................r
6 ........................................................................
7 ........................................................................
8 .......................................................................r
9 ........................................................................
0 ........................................................................
1 ........................................................................
2 ........................................................................
3 ........................................................................
4 ........................................................................
5 ......................................................................r.
6 .......................................................................r
7 ........................................................................
8 ........................................................................
9 ........................................................................
0 ........................................................................
1 ........................................................................
2 r.......................................................................
3 r.......................................................................
4 ........................................................................
5 ........................................................................
6 ........................................................................
7 ...................................................t....................
8 ........................................................................
9 ............................................r...........................
0 ................................................r.......................
1 ......................................................................rr
2 ........................................................................
3 ........................................................................
4 ........................................................................
5 ........................................................................
6 ..........f................................r............................
7 .................................f......................................
8 ........................................................................
9 ........................................................................
0 ........................................................................
1 ........................................................................
2 ........................................................................
3 .......................................................tt...............
4 ........................................................................
5 ........................................................................
6 ........................................................................
7 ........................................................................
8 ........................................................................
9 .........................................f..............................
0 r.......................................................................
1 ......................r..r...........................................r..


*** Darwin 72x72 with Best ***
Turn = 100.
  012345678901234567890123456789012345678901234567890123456789012345678901
0 ........................r.......r.r................................r....
1 ........................................................................
2 ........................................................................
3 ......................................t.................................
4 ..............................u.......................................r.
5 .......................................................................r
6 r.......................................................................
7 ........................................................................
8 ............................................................u..........r
9 .......u................................................................
0 ........................................................................
1 ....................................t..................................r
2 ....................................................f...................
3 ..t.....................................................................
4 ........................................................................
5 ........................................................................
6 ........................................................................
7 ........................................................................
8 ........................................................................
9 ........................................................................
0 ...........................................................r............
1 ........................................................................
2 ...................................r.......................r............
3 ......................................................................t.
4 ........................................................................
5 ......................................................t.................
6 ........................................................................
7 ....................r...................r...............................
8 ........................................................................
9 ..........................................rr............................
0 ........................................................................
1 ........................................................................
2 ........................................................................
3 ........................................................................
4 ........................................................................
5 ..........................u.............................................
6 ........................................................................
7 ........................................................................
8 ........................................................................
9 ........................................................................
0 ........................................................................
1 ...................................................u....................
2 ......r.................................................................
3 ........................................................................
4 .........f..............................................................
5 ........................................................................
6 .......................................................f...r............
7 ...................................................t...............r....
8 ........................................................................
9 r..................u....................................................
0 ........................................................................
1 .................................................................r......
2 ........................................................................
3 ........................................................................
4 ........................................................................
5 ....................................................................r...
6 ..........f.......................................f.....................
7 .................................f................f.....................
8 ........................................................................
9 ........................................................................
0 .......................................................................r
1 ........................................................................
2 ..............r.........................................................
3 .............r..........................................t...............
4 ........................................................................
5 ........................................................................
6 .................................................t......................
7 ........................................................................
8 ........................................................................
9 .........................................f..............................
0 ........................................................................
1 ...................................r......................r.............

Turn = 200.
  012345678901234567890123456789012345678901234567890123456789012345678901
0 .....r...........r..........r..r.........r........r...........r.........
1 ........................................................................
2 ........................................................................
3 r.....................................t.................................
4 .......................r......u.........................................
5 ........................................................................
6 ........................................................r...............
7 r.......................................................................
8 ............................................................u...........
9 .......u................................................r...............
0 ........................................................................
1 ....................................t...................................
2 ....................................................f...................
3 r.t.....................................................................
4 ........................................................................
5 ........................................................................
6 ........................................................................
7 ........................................................................
8 ........................................................................
9 ........................................................................
0 ........................................................................
1 ........................................................................
2 .......................................................................r
3 ........................................................................
4 ........................................................................
5 ......................................................tt................
6 ........................................................................
7 ........................................................................
8 ........................................................................
9 ........................................................................
0 ........................................................................
1 r......................................................................r
2 ........................................................................
3 .......................................................................r
4 ........................................................................
5 ..........................u.............................................
6 ........................................................................
7 ........................................................................
8 ........................................................................
9 ........................................................................
0 ........................................................................
1 ...................................................u....................
2 ........................................................................
3 ........................................................................
4 .........f..............................................................
5 ........................................................................
6 ........................................................................
7 ...................................................t....................
8 ........................................................................
9 ...................u....................................................
0 ........................................................................
1 .......................................................................r
2 ........................................................................
3 ........................................................................
4 ........................................................................
5 r.......................r...............................................
6 ..........f.............................................................
7 .................................f................r.....................
8 ........................................................................
9 ........................................................................
0 ........................................................................
1 ........................................................................
2 ........................................................................
3 .......................................................tt...............
4 .........r..............................................................
5 ..................................r.....................................
6 ........................................................................
7 ........................................................................
8 ........................................................................
9 ......................................r.................................
0 ..........r.........................r..r................................
1 ...r.....r......................r..r..r.................................

Turn = 300.
  012345678901234567890123456789012345678901234567890123456789012345678901
0 r..................r....r........r..........r.......................r...
1 ...................r....................................................
2 ...................r....................................................
3 ......................................t.................................
4 ......................................t.................................
5 r.......................................................................
6 ........................................................................
7 ........................................................................
8 r.......................................................................
9 .r.....u................................................................
0 ........................................................................
1 r...................................t...................................
2 ....................................................f...................
3 ..t.....................................................................
4 .......................................................................r
5 ........................................................................
6 ........................................................................
7 ........................................................................
8 ........................................................................
9 ......................................................................r.
0 .......................................................................r
1 ........................................................................
2 ........................................................................
3 ........................................................................
4 ........................................................................
5 ......................................................tt................
6 ........................................................................
7 ........................................................................
8 ........................................................................
9 ........................................................................
0 ........................................................................
1 ........................................................................
2 ........................................................................
3 .......................................................................r
4 ........................................................................
5 ..........................u.............................................
6 ............................r...........................................
7 ........................................................................
8 ........................................................................
9 ...........................r............................................
0 ........................................................................
1 ...................................................u....................
2 ........................................................................
3 ........................................................................
4 ........................................................................
5 .....................................................................r.r
6 ........................................................................
7 ...................................................t....................
8 ........................................................................
9 ...................u....................................................
0 ........................................................................
1 ........................................................................
2 ........................................................................
3 ........................................................................
4 .................................................r......................
5 ........................................................................
6 ..........f............................................................r
7 .................................f......................................
8 ........................................................................
9 .......................................................................r
0 ........................................................................
1 .......................................................................r
2 ........................................................................
3 .......................................................tt...............
4 ........................................................................
5 ........................................................................
6 ........................................................................
7 r.......................................................................
8 ........................................................................
9 .......................................................................r
0 ...........r............................................................
1 ....r.....r..........r..............................rr...........r...r..

Turn = 400.
  012345678901234567890123456789012345678901234567890123456789012345678901
0 .....r...........r.....r.......r........................................
1 .................r.......r............................r.................
2 ..................................r.....................................
3 ......................................t.................................
4 ......................................t.................................
5 ........................................................................
6 ........................................................................
7 ........................................................................
8 ........................................................................
9 .......u................................................................
0 ........................................................................
1 ....................................t...................................
2 ....................................................f...................
3 ..t.....................................................................
4 ........................................................................
5 .......................................................................r
6 ........................................................................
7 ........................................................................
8 ........................................................................
9 .......................................................................r
0 ........................................................................
1 ........................................................................
2 .......................................................................r
3 ........................................................................
4 rr......................................................................
5 ......................................................tt................
6 ........................................................................
7 .......................................................................r
8 ........................................................................
9 ........................................................................
0 ........................................................................
1 ........................................................................
2 ........................................................................
3 ........................................................................
4 ........................................................................
5 ........................................................................
6 ..............................................................r.........
7 r.......................................................................
8 ........................................................................
9 ..r.....................................................................
0 ........................................................................
1 ...................................................u....................
2 ........................................................................
3 r.......................................................................
4 ........................................................................
5 ........................................................................
6 r.......................................................................
7 ...................................................t....................
8 ........................................................................
9 ...................u...................................................r
0 ........................................................................
1 ........................................................................
2 .......................................................................r
3 ........................................................................
4 r.......................................................................
5 ........................................................................
6 ..........f.............................................................
7 ..r..............................f......................................
8 ........................................................................
9 ........................................................................
0 r.......................................................................
1 .......................................................................r
2 ..........................r.............................................
3 .......................................................tt...............
4 ..........................r.............................................
5 ........................................................................
6 ........................................................................
7 ........................................................................
8 ........................................................................
9 ...........................r............................................
0 r.......................................................................
1 .r........r............r.....r.................r.......................r

Turn = 500.
  012345678901234567890123456789012345678901234567890123456789012345678901
0 ..r.r............r........r..r........r......r.......r..r....r..........
1 r.......................................................................
2 ......................................t.................................
3 ......................................t.................................
4 ......................................t................................r
5 ........................................................................
6 r...................................................................r...
7 ........................................................................
8 ........................................................................
9 .......u................................................................
0 ........................................................................
1 ....................................t...................................
2 ....................................................f...................
3 ..t...r.................................................................
4 ........................................................................
5 ......................................................r...r.............
6 ........................................................................
7 ........................................................................
8 ........................................................................
9 ........................................................................
0 r.......................................................................
1 ........................................................................
2 ........................................................................
3 ........................................................................
4 ........................................................................
5 ......................................................tt................
6 ........................................................................
7 ........................................................................
8 ........................................................................
9 ........................................................................
0 ........................................................................
1 ........................................................................
2 ........................................................................
3 .......................................................................r
4 ........................................................................
5 ........................................................................
6 ........................................................................
7 ........................................................................
8 ........................................................................
9 ........................................................................
0 ........................................................................
1 ...................................................u....................
2 ........................................................................
3 r.......................................................................
4 ......................................................................r.
5 .......................................................................r
6 ........................................................................
7 ...................................................t....................
8 ........................................................................
9 ...................u....................................................
0 ........................................................................
1 .......................................................................r
2 ........................................................................
3 ........................................................................
4 r.......................................................................
5 ........................................................................
6 ..........f.............................................................
7 .................................f......................................
8 ........................................................................
9 .......................................................................r
0 ....................................r...................................
1 ........................................................................
2 ........................................................................
3 r......................................................tt...............
4 ........................................................................
5 ........................................................................
6 r.......................................................................
7 ........................................................................
8 ........................................................................
9 rr......................................................................
0 ........................................................................
1 ................r....r...r..r...........................................

Turn = 600.
  012345678901234567890123456789012345678901234567890123456789012345678901
0 r.r...r...r....................r.r..r........r..........r...............
1 ........................................................................
2 ......................................t.................................
3 ......................................t.................................
4 ......................................t.................................
5 ........................................................................
6 ........................................................................
7 .......................................................................r
8 ........................................................................
9 ......uu................................................................
0 ........................................................................
1 ....................................t...................................
2 ....................................t...............f...................
3 ..t..............................................................r......
4 ........................................................................
5 ........................................................................
6 ........................................................................
7 ........................................................................
8 ........................................................................
9 ........................................................................
0 ........................................................................
1 ........................................................................
2 .......................................................................r
3 ........................................................................
4 ........................................................................
5 ......................................................tt................
6 .......................................................................r
7 ........................................................................
8 ........................................................................
9 ........................................................................
0 ........................................................................
1 ......................................................................r.
2 .......................................................................r
3 ........................................................................
4 ........................................................................
5 ........................................................................
6 ........................................................................
7 ........................................................................
8 ........................................................................
9 ........................................................................
0 ........................................................................
1 ...................................................u....................
2 ........................................................................
3 ........................................................................
4 ........................................................................
5 .......................................................................r
6 ........................................................................
7 ...................................................t....................
8 ........................................................................
9 ...................u....................................................
0 ........................................................................
1 ........................................................................
2 ........................................................................
3 ........................................................................
4 .......................................................................r
5 ........................................................................
6 r.........f.............................................................
7 .................................f.....................................r
8 ........................................................................
9 ........................................................................
0 ........................................................................
1 ........................................................................
2 ........................................................................
3 .......................................................tt...............
4 r.......................................................................
5 ........................................................................
6 .....r.................................................................r
7 ........................................................................
8 ...........................................r............................
9 ........................................................................
0 r.......................................................................
1 ..........r...........................rr.......r......r....r..r.......r.

Turn = 700.
  012345678901234567890123456789012345678901234567890123456789012345678901
0 .................r.........r.r.....r.......r............................
1 ........................................................................
2 ......................................t.................................
3 ......................................t.................................
4 ......................................t.................................
5 ........................................................................
6 ........................................................................
7 ........................................................................
8 ........................................................................
9 ......uu................................................................
0 r.......................................................................
1 ....................................t...................................
2 r...................................t...............f...................
3 ..t.....................................................................
4 ........................................................................
5 ........................................................................
6 ........................................................................
7 ........................................................................
8 ........................................................................
9 r.......................................................................
0 ........................................................................
1 ........................................................................
2 ........................................................................
3 ........................................................................
4 ........................................................................
5 ......................................................tt................
6 r.......................................................................
7 .......................................................................r
8 ........................................................................
9 ........................................................................
0 .......................................................................r
1 r.......................................................................
2 ........................................................................
3 ........................................................................
4 r......................................................................r
5 ........................................................................
6 ........................................................................
7 ........................................................................
8 .......................................................................r
9 ........................................................................
0 ........................................................................
1 ...................................................u....................
2 r.......................................................................
3 ........................................................................
4 ........................................................................
5 ........................................................................
6 ........................................................................
7 ......................................r............t....................
8 ........................................................................
9 r..................u....................................................
0 ........................................................................
1 ........................................................................
2 ........................................................................
3 ........................................................................
4 ........................................................................
5 ........................................................................
6 ..........f.............................................................
7 .................................f......................................
8 r.......................................................................
9 ........................................................................
0 ......................................................................r.
1 r......................................................................r
2 ........................................................................
3 .......................................................tt...............
4 .......................................................................r
5 ........................................................................
6 ........................................................................
7 ........................................................................
8 ........................................................................
9 ........................................................................
0 r.................r.....................................................
1 ...........r.....r...r..r...........r......................r..........r.

Turn = 800.
  012345678901234567890123456789012345678901234567890123456789012345678901
0 .....r....r.r...r............r........r..r........r......r.......r..r...
1 .......................................................................r
2 ......................................t.................................
3 r.....................................t.................................
4 ........................................................................
5 ........................................................................
6 ........................................................................
7 ........................................................................
8 r......................................................................r
9 ......uu................................................................
0 ........................................................................
1 ....................................t...................................
2 ....................................t...............f...................
3 ........................................................................
4 ..................r....r................................................
5 ........................................................................
6 ......................................................................r.
7 .......................................................................r
8 ........................................................................
9 ........................................................................
0 ........................................................................
1 ........................................................................
2 ........................................................................
3 ........................................................................
4 ........................................................................
5 ......................................................tt................
6 ........................................................................
7 .......................................................................r
8 ........................................................................
9 ........................................................................
0 ........................................................................
1 r.......................................................................
2 ........................................................................
3 ........................................................................
4 ........................................................................
5 ........................................................................
6 ........................................................................
7 ........................................................................
8 ........................................................................
9 ........................................................................
0 ........................................................................
1 ...................................................u....................
2 r.......................................................................
3 ........................................................................
4 ........................................................................
5 .......................................................................r
6 ........................................................................
7 ...................................................t....................
8 ........................................................................
9 ...................u....................................................
0 ........................................................................
1 r.......................................................................
2 ........................................................................
3 ........................................................................
4 ........................................................................
5 r.......................................................................
6 ..........f...........................................................r.
7 .................................f.....................................r
8 ........................................................................
9 ........................................................................
0 ........................................................................
1 ......r.................................................................
2 ........................................................................
3 .......................................................tt..............r
4 ........................................................................
5 ........................................................................
6 ........................................................................
7 ........................................................................
8 ........................................................................
9 ........................................................................
0 ........................................................................
1 ......r..r...r..r......................................................r

Turn = 900.
  012345678901234567890123456789012345678901234567890123456789012345678901
0 ...........r..r...r..r......................r...r........r..........r...
1 ........................................................................
2 ......................................t.................................
3 ......................................t.................................
4 ........................................................................
5 ........................................................................
6 ........................................................................
7 ........................................................................
8 ........................................................................
9 ......uu................................................................
0 ........................................................................
1 ....................................t...................................
2 ....................................t...............f...................
3 ........................................................................
4 ........................................................................
5 ........................................................................
6 ........................................................................
7 ........................................................................
8 .......................................................................r
9 ........................................................................
0 ........................................................................
1 ........................................................................
2 ........................................................................
3 ........................................................................
4 ........................................................................
5 ......................................................tt................
6 ........................................................................
7 ........................................................................
8 ........................................................................
9 ........................................................................
0 ........................................................................
1 ........................................................................
2 ......................................................................r.
3 .......................................................................r
4 ........................................................................
5 ........................................................................
6 ........................................................................
7 ........................................................................
8 ........................................................................
9 ......................................................................r.
0 .......................................................................r
1 ...................................................u....................
2 ........................................................................
3 ........................................................................
4 r......................................................................r
5 ........................................................................
6 ........................................................................
7 ...................................................t....................
8 ........................................................................
9 ...................u....................................................
0 ........................................................................
1 ........................................................................
2 r.......................................................................
3 ........................................................................
4 ........................................................................
5 ........................................................................
6 ..........f.............................................................
7 .................................f.....................................r
8 r.......................................................................
9 ........................................................................
0 r......................................................................r
1 ........................................................................
2 ........................................................................
3 .......................................................tt...............
4 ........................................................................
5 ........................................................................
6 ......................................................................rr
7 ...............................r........................................
8 ........................................................................
9 .......................................................................r
0 r.......................................................................
1 ................r.........r.........r.....r...rr..r.......r......r......

Turn = 1000.
  012345678901234567890123456789012345678901234567890123456789012345678901
0 r..........r.................r.........r.r.....r.......r................
1 ........................................................................
2 ......................................t.................................
3 ......................................t.................................
4 ........................................................................
5 ........................................................................
6 ........................................................................
7 ........................................................................
8 r.......................................................................
9 ......uu................................................................
0 ........................................................................
1 ....................................t...................................
2 ....................................t...............f...................
3 ........................................................................
4 r.......................................................................
5 ........................................................................
6 ........................................................................
7 ........................................................................
8 rr......................................................................
9 ........................................................................
0 ........................................................................
1 ........................................................................
2 r.......................................................................
3 ........................................................................
4 ........................................................................
5 ......................................................tt................
6 ........................................................................
7 ........................................................................
8 ........................................................................
9 ........................................................................
0 r.......................................................................
1 ........................................................................
2 ........................................................................
3 ........................................................................
4 ........................................................................
5 ........................................................................
6 ........................................................................
7 r......................................r................................
8 ........................................................................
9 .......................................................................r
0 ........................................................................
1 ...................................................u....................
2 .......................................................................r
3 ........................................................................
4 ........................................................................
5 ........................................................................
6 r......................................................................r
7 ...................................................t....................
8 .r......................................................................
9 ...................u...................................................r
0 r.......................................................................
1 ........................................................................
2 ........................................................................
3 ........................................................................
4 ........................................................................
5 r.......................................................................
6 ..........f.............................................................
7 .................................f......................................
8 r.......................................................................
9 ........................................................................
0 ........................................................................
1 ........................................................................
2 ........................................................................
3 .......................................................tt...............
4 ........................................................................
5 ........................................................................
6 ........................................................................
7 ........................................................................
8 ........................................................................
9 ........................................................................
0 ...........r............................................................
1 r..r......rr.............r.....................r..........r........r...r


