*** Darwin 8x8 ***
Turn = 0.
  01234567
0 f.......
1 ........
2 ........
3 ...hh...
4 ...hh...
5 ........
6 ........
7 .......f

Turn = 1.
  01234567
0 f.......
1 ........
2 ...h....
3 .....h..
4 ..h.....
5 ....h...
6 ........
7 .......f

Turn = 2.
  01234567
0 f.......
1 ...h....
2 ........
3 ......h.
4 .h......
5 ........
6 ....h...
7 .......f

Turn = 3.
  01234567
0 f..h....
1 ........
2 ........
3 .......h
4 h.......
5 ........
6 ........
7 ....h..f

Turn = 4.
  01234567
0 f..h....
1 ........
2 ........
3 .......h
4 h.......
5 ........
6 ........
7 ....h..f

Turn = 5.
  01234567
0 f..h....
1 ........
2 ........
3 .......h
4 h.......
5 ........
6 ........
7 ....h..f

*** Darwin 7x9 ***
Turn = 0.
  012345678
0 t........
1 .........
2 .........
3 ..h......
4 .........
5 ....r....
6 ........t

Turn = 1.
  012345678
0 t........
1 .........
2 .........
3 ...h.....
4 ....r....
5 .........
6 ........t

Turn = 2.
  012345678
0 t........
1 .........
2 .........
3 ....r....
4 ....r....
5 .........
6 ........t

Turn = 3.
  012345678
0 t........
1 .........
2 .........
3 ....rr...
4 .........
5 .........
6 ........t

Turn = 4.
  012345678
0 t........
1 .........
2 ....r....
3 ......r..
4 .........
5 .........
6 ........t

Turn = 5.
  012345678
0 t........
1 ....r....
2 .........
3 .......r.
4 .........
5 .........
6 ........t

*** Darwin 72x72 without Best ***
Turn = 0.
  012345678901234567890123456789012345678901234567890123456789012345678901
0 .................................t..........................f...........
1 ...................r....................................................
2 ........................................................................
3 ......................................t.................................
4 ........................................................................
5 ........................................................................
6 ........................................................................
7 ........................................................................
8 ..............r.........................................................
9 ........................................................................
0 ........................................................................
1 ....................................t...................................
2 ....................................................f...................
3 ..t.....................................................................
4 ........................................................................
5 ........................................................................
6 ........................................................................
7 ........................................................................
8 ........................................................................
9 ........................................................................
0 ...........r.........................................................r..
1 ...........................................................f............
2 ........................................................................
3 ......................................................................t.
4 ........................................................................
5 ......................................................t.................
6 ........................................................................
7 ........................................................................
8 .........................................h..............................
9 ........................................................................
0 ......................................................h.................
1 ........................................................................
2 ........................................................................
3 .....h..................................................................
4 ........................................................................
5 ...............h........................................................
6 ........................................................................
7 ........................................................................
8 ........................................................................
9 ...................................h....................................
0 ........................................................................
1 ........................................................................
2 ........................................................................
3 .............................................r..........................
4 .........f..............................................................
5 ........................................................................
6 .......................................................f................
7 ...................................................t..........h.........
8 ........................................................................
9 ........................................................................
0 ..............r.........................................................
1 ....................................................................t...
2 ...................h...............................................h....
3 ........................................................................
4 .............................r..........................................
5 ................................r.......................................
6 ..........f.......................................f.....................
7 .................................f................f.....................
8 ........................................................................
9 ........................................................................
0 ........................................................................
1 ............................................r...........................
2 .h......................................................................
3 ........................................................t...............
4 ........................................................................
5 ........................................................................
6 .................................................t......................
7 ........................................................................
8 ........................................................................
9 .........................................f..............................
0 ....r.........................................................h.........
1 ........................................................................

Turn = 100.
  012345678901234567890123456789012345678901234567890123456789012345678901
0 ................................r.......r.r..........r..................
1 ........................................................................
2 ........................................................................
3 ......................................t.................................
4 ........................................................................
5 ........................................................................
6 ........................................................................
7 ........................................................................
8 ........................................................................
9 ........................................................................
0 ........................................................................
1 ...................................tt...................................
2 ....................................................f...................
3 ..t.....................................................................
4 ........................................................................
5 ........................................................................
6 ........................................................................
7 ........................................................................
8 ........................r....................................r..........
9 ........................................................................
0 ........................................................................
1 ...........................................................f............
2 ........................................................................
3 ......................................................................t.
4 .................r......................................................
5 ...............r......................................t.................
6 ................r.......................................................
7 ........................................................................
8 ...r.........................................r..........................
9 ............................................r...........................
0 ........................................................................
1 .........................................r..............................
2 ........................................................................
3 ........................................................................
4 ........................................................................
5 ........................................................................
6 ........................................................................
7 ........................................................................
8 ........................................................................
9 ........................................................................
0 ........................................................................
1 ........................................................................
2 ........................................................................
3 ........................................................................
4 .........f..............................................................
5 ........................................................................
6 .......................................................f................
7 ...................................................t....................
8 ........................................................................
9 ........................................................................
0 ........................................................................
1 ....................................................................t...
2 ........................................................................
3 .................r......................................................
4 ........................................................................
5 ........................................................................
6 ..........f.......................................f.....................
7 .................................f................f.....................
8 ........................................................................
9 ........................................................................
0 ........................................................................
1 ........................................r...............................
2 ........................................r...............................
3 ........................................................t...............
4 ........................................................................
5 ........................................................................
6 .................................................t......................
7 ........................................................................
8 ........................................................................
9 .........................................f..............................
0 ........................................................................
1 .r...h.............h..........r.................r.......................

Turn = 200.
  012345678901234567890123456789012345678901234567890123456789012345678901
0 ..................r.....r...........r............................r......
1 ........................................................................
2 ........................................................................
3 ......................................t.................................
4 ........................................................................
5 ........................................................................
6 ........................................................................
7 .................................r......................................
8 ..................................r.....................................
9 ........................................................................
0 ........................................................................
1 ...................................tt...................................
2 ....................................................f...................
3 ..t.....................................................................
4 ........................................................................
5 ........................................................................
6 ........................................................................
7 ........................................................................
8 ........................................................................
9 ........................................................................
0 ........................................................................
1 ...........................................................f............
2 ........................................................................
3 ......................................................................t.
4 ........................................................................
5 ......................................................t.................
6 ........................r...............................................
7 ........................................................................
8 ........................................................................
9 ........................................................................
0 ........................................................r...............
1 ........................................................................
2 ........................................................................
3 ........................................................................
4 .................................................r......................
5 .rr...............................................r.....................
6 ........................................................................
7 ........................................................................
8 ........................................................................
9 ........................................................................
0 ........................................................................
1 ........................................................................
2 r.......................................................................
3 ........................................................................
4 .........f..............................................................
5 ........................................................................
6 .......................................................f................
7 ...................................................t...................r
8 ........................................................................
9 ............................................r..........................r
0 ........................................................................
1 ....................................................................t...
2 ........................................................................
3 ........................................................................
4 ........................................................................
5 ........................................................................
6 ..........f.......................................f.....................
7 .................................f................f.....................
8 ........................................................................
9 ........................................................................
0 ........................................................................
1 ........................................................................
2 ........................................................................
3 .......................r................................................
4 ........................................................................
5 ........................................................................
6 .............................rr..................t......................
7 ........................................................................
8 ........................................................................
9 .........................................f..............................
0 ........................................................................
1 ...........................................................r...r..r.....

Turn = 300.
  012345678901234567890123456789012345678901234567890123456789012345678901
0 ......................r..................................r..............
1 ........................................................................
2 ....................................................r...................
3 rr....................................t............r....................
4 ........................................................................
5 ........................................................................
6 ........................................................................
7 ........................................................................
8 ..........r.............................................................
9 ........................................................................
0 ........................................................................
1 ...................................tt...................................
2 ....................................................f...................
3 ..t....................................................r................
4 ..t...................................................r.................
5 ........................................................................
6 ........................................................................
7 .....................................r..................................
8 ........................................................................
9 ........................................................................
0 ........................................................................
1 ...........................................................f............
2 ........................................................................
3 .......................................................................t
4 .......................................................................t
5 rr......................................................................
6 ..............................r.........................................
7 ........................................................................
8 ........................................................................
9 ........................................................................
0 ...........................r............................................
1 ........................................................................
2 .........r..............................................................
3 ........................................................................
4 ........................................................................
5 ........................................................................
6 ........................................................................
7 ........................................................................
8 ........................................................................
9 ........................................................................
0 ........................................................................
1 r.......................................................................
2 ........................................................................
3 ........................................................................
4 ........................................................................
5 ........................................................................
6 ........................................................................
7 .............r..........................................................
8 .....r..................................................................
9 ....................................................................r...
0 .....................................................................r..
1 ....................................................................t...
2 ........................................................................
3 ........................................................................
4 ........................................................................
5 ........................................................................
6 ........r.f.......................................f.....................
7 .................................f................f.....................
8 ........................................................................
9 ........................................................................
0 ........................................................................
1 ........................................................................
2 ........................................................................
3 ........................................................................
4 ........................................................................
5 .......................................................................r
6 .................................................t......................
7 ........................................................................
8 ........................................................................
9 .........................................f..............................
0 ....................................................................r...
1 ............r...........................................................

Turn = 400.
  012345678901234567890123456789012345678901234567890123456789012345678901
0 ......................................r.............r...............r...
1 ........................................................................
2 ........................................................................
3 ...............................................r.......................r
4 .......................................................................r
5 ........................................................................
6 ........................................................................
7 ........................................................................
8 ........................................................................
9 ........................................................................
0 ........................................................................
1 ...................................tt...................................
2 ....................................................f...................
3 .........................................................r..........r...
4 ........................................................................
5 ........................................................................
6 ........................................................................
7 ........................................................................
8 ........................................................................
9 ........................................................................
0 ........................................................................
1 ...........................................................f............
2 ........................................................................
3 .........................r..............................................
4 ........................................................................
5 ........................................................................
6 .......................................................................r
7 .......................................................................r
8 ........................................................................
9 ........................................................................
0 ........................................................................
1 ........................................................................
2 ........................................................................
3 ........................................................................
4 .......................................................................r
5 ........................................................................
6 ........................................................................
7 ........................................................................
8 ........................................................................
9 ........................................................................
0 ........................................................................
1 ...............................................................r........
2 ........................................................................
3 .............................................................r..........
4 ................................................................r.......
5 ........................................................................
6 ........................................................................
7 ........................................................................
8 r.......................................................................
9 r.......................................................................
0 ........................................................................
1 r.......................................................................
2 .............r..........................................................
3 .......................r................................................
4 ........................r...............................................
5 ........................................................................
6 ..........f.......................................f.....................
7 .................................f................f.....................
8 ............r....r......................................................
9 ........................................................................
0 ........................................................................
1 ........................................................................
2 ....r...................................................................
3 ........................................................................
4 ........................................................................
5 ........................................................................
6 .................................................t......................
7 ........................................................r...............
8 r.......................................................................
9 ........................................................................
0 r.......................................................................
1 .r....................rr..............................r.................

Turn = 500.
  012345678901234567890123456789012345678901234567890123456789012345678901
0 ............rr............r......r........................r.............
1 r......................r.......r........................................
2 r.........................r.............................................
3 .r......................................................................
4 ..................................................r.....................
5 ..................................................r.....................
6 ................r.......................................................
7 r.......................................................................
8 ........................................................................
9 .....................................r..................................
0 ........................................................................
1 r..................................tt...................................
2 ...................................r................f...................
3 ........................................................................
4 ..................................r....r................................
5 ........................................................................
6 ......r.................................................................
7 ........................................................................
8 ........................................................................
9 ........................................................................
0 ........................................................................
1 ...........................................................f............
2 ........................................................................
3 ........................................................................
4 ........................................................................
5 ........................................................................
6 ........................................................................
7 ........................................................................
8 ........................................................................
9 ........................................................................
0 ........................................................................
1 ........................................................................
2 ........................................................................
3 ........................................................................
4 ........................................................................
5 ........................................................................
6 ........................................................................
7 ........................................................................
8 ........................................................................
9 ........................................................................
0 .................................................r......................
1 ........................................................................
2 ....................................r...................................
3 ........................................................................
4 ........................................................................
5 ........................................................................
6 ........................................................................
7 ........................................................................
8 ........................................................................
9 ........................................................................
0 ........................................................................
1 .............................................................r..........
2 .............................................r..........................
3 ........................................................................
4 ........................................................................
5 ........................................................................
6 ..........f.......................................f.....................
7 .................................f................f.....................
8 ........................................................................
9 ........................................................................
0 ........................................................................
1 ......................................................................r.
2 .......................................................................r
3 ........................................................................
4 ........................................................................
5 ........................................................................
6 ............................................................r.r.........
7 ...............................r........................................
8 ........................................................................
9 ........................................................................
0 ........................................................................
1 ...r.................................................r..................

Turn = 600.
  012345678901234567890123456789012345678901234567890123456789012345678901
0 r..r..............r.....................................r...............
1 ........................................................................
2 r.................r.....................................................
3 ......r..........................r...............r......................
4 ........................................................................
5 ........................................................................
6 ........................................................................
7 ........................................................................
8 ........................................................................
9 ........................................................................
0 .......................................................................r
1 ..................................ttt...................................
2 ...................................t................f...................
3 ........................................................................
4 ........................................................................
5 ........................................................................
6 ........................................................................
7 ........................................................................
8 ........................................................................
9 ........................................................................
0 ........................................................................
1 ...........................................................f............
2 ........................................................................
3 ........................................................................
4 ........................................................................
5 ............................................r...........................
6 ........................................................................
7 ........................................................................
8 ........................................................................
9 ........................................................................
0 ..................r.....................................................
1 ........................................................................
2 ........................................................................
3 ........................r....................................r..........
4 ........................................................................
5 ........................................................................
6 ............................r...........................................
7 ...........................r............................................
8 ........................................................................
9 .......................................................................r
0 ........................................................................
1 ........................................................................
2 ......r.......................................................r.........
3 .....r..................................................................
4 ........................................................................
5 ........................................................................
6 .............................................r..........................
7 ........................................................................
8 ........................................................................
9 ........................................................................
0 ........................................................................
1 ........................................................................
2 ........................................................................
3 ........................................................................
4 .......................................................................r
5 ........................................................................
6 ..........f.......................................f.....................
7 .................................f................f.....................
8 ........................................................................
9 ........................................................................
0 ........................................................................
1 ........................................................................
2 ...................................................r....................
3 ........r...............................................................
4 ..................................................rr....................
5 r.......................................................................
6 ........................................................................
7 ........................................................................
8 ........................................................................
9 ........................................................................
0 ........................................................................
1 .................r.......r...................r..........................

Turn = 700.
  012345678901234567890123456789012345678901234567890123456789012345678901
0 ...............r.............................................r..........
1 ................................................r.......................
2 ........................................................................
3 .................................................r......................
4 ..................................................r.....................
5 ........................................................................
6 ........................................................................
7 .....................................................................r..
8 ....................................................................r...
9 ........................................................................
0 ........................................................................
1 ..................................ttt...................................
2 ...................................tt...............f...................
3 ...................................t......................r.............
4 ...........................................................r............
5 ......................................................................r.
6 .......................................................................r
7 ........................................................................
8 ........................................................................
9 ........................................................................
0 ........................................................................
1 ...................................................................r....
2 ........................................................................
3 ........................................................................
4 .......................................................................r
5 ........................................................................
6 .......................................................................r
7 r..........r............................................................
8 ...........r............................................................
9 ........................................................................
0 ........................................................................
1 ........................................................................
2 .......................................................................r
3 ........................................................................
4 ........................................................................
5 ........................................................................
6 .......r...............................................................r
7 ........................................................................
8 ........................................................................
9 ........................................................................
0 ........................................................................
1 ........................................................................
2 .....r..................................................................
3 ........................................................................
4 ........................................................................
5 ........................................................................
6 ........................................................................
7 ........................................................................
8 ........................................................................
9 ..............r.........................................................
0 ........................................................................
1 ........................................................................
2 .............r.........................................................r
3 ......r.....r...........................................................
4 .....r..................................................................
5 ........................................................................
6 ..........f.............................................................
7 ........................................................................
8 ........................................................................
9 ........................................................................
0 ........................................................................
1 .............................................r..........................
2 ........................................................................
3 ........................................................................
4 ........................................................................
5 ........................................................................
6 ........................................................................
7 ........................................................................
8 ........................................................................
9 ........................................................................
0 ........................................................................
1 ........r..............r..r....r........................................

Turn = 800.
  012345678901234567890123456789012345678901234567890123456789012345678901
0 .....................................................r..................
1 ...........................................................r.r...r......
2 ........................................................................
3 ........................................................................
4 ........................................................................
5 ........................................................................
6 ........................................................................
7 ........................................................................
8 ........................................................................
9 ........................................................................
0 r......................................................................r
1 ..................................tttt..................................
2 ...................................tt...............f...................
3 ........................................................................
4 .......................................................................r
5 r........r..............................................................
6 ........r...............................................................
7 ........................................................................
8 r.................r.....................................................
9 ...................r....................................................
0 ........................................................................
1 ...........r............................................................
2 ........................................................................
3 ........................................................................
4 ........................................................................
5 ........................................................................
6 ..................r......r.............................................r
7 r.........................r.............................................
8 ........................................................................
9 ........................................................................
0 r.......................r...............................................
1 ........................................................................
2 ........................................................................
3 ........................................................................
4 .......................................................................r
5 ........................................................................
6 ........................................................................
7 ........................................................................
8 ........................................................................
9 ........................................................................
0 ........................................................................
1 ........................................................................
2 ..........................................r.............................
3 ........................................................................
4 ........................................................................
5 ........................................................................
6 ..................................................r.....................
7 ........................................................................
8 ................................................r.......................
9 ........................................................................
0 ........................................................................
1 ........................................................................
2 ...................................r....................................
3 ........................................................................
4 ........................................................................
5 ........................................................................
6 ..........f.............................................................
7 ........................................................................
8 ........................................................................
9 ........................................................................
0 ........................................................................
1 .......................r......................................r.........
2 ..............................................................r.........
3 ........................................................................
4 ........................................................................
5 ........................................................................
6 ........................................................................
7 ........................................................................
8 ........................r...............................................
9 ........................................................................
0 ........................................................................
1 ..................................................................r..r..

Turn = 900.
  012345678901234567890123456789012345678901234567890123456789012345678901
0 .........rr.....................................r.r.....................
1 .......r................................................................
2 r.......................................................................
3 r.......................................................................
4 ........................................................................
5 ........................................................................
6 ........................................................................
7 ........................................................................
8 ........................................................................
9 r.......................................................................
0 r.......................................................................
1 ..................................tttt..................................
2 ...................................tt...................................
3 ........................................................................
4 ........................................................................
5 ........................................................................
6 ........................................................................
7 ........................................................................
8 ........................................................................
9 .........................r..r..r........................................
0 ........................................................................
1 ........................................................................
2 ........................................................................
3 ........................................................................
4 ........................................................................
5 ........................................................................
6 .r......................................................................
7 ........................................................................
8 ...................r....................................................
9 ..................r.....................................................
0 ........................................................................
1 ........................................................................
2 ........................................................................
3 ........................................................................
4 ........................................................................
5 ........................................................................
6 ........................................................................
7 ........................................................................
8 ........................................................................
9 ........................................................................
0 ........................................................................
1 ........................................................................
2 ........r...............................................................
3 ........................................................................
4 ........................................................................
5 ........................................................................
6 r.......................................................................
7 ........................................................................
8 ....................................................r...................
9 ........................................................................
0 ........................................................................
1 ........................................................................
2 ........................................................................
3 ........................................................................
4 ........................................................................
5 ........................................................................
6 ..........f.............................................................
7 ........................................................................
8 ........................................................................
9 ........................................................................
0 .......................................................................r
1 ....................................................................r...
2 .....................................................................r..
3 ...............................r........................................
4 ................................r.r.....................................
5 ........................................................................
6 ......................................r.................................
7 ...........................................................r............
8 ......................................r....................r............
9 .....................................................r..................
0 ........................................................................
1 ...r..r......r...............................................r..........

Turn = 1000.
  012345678901234567890123456789012345678901234567890123456789012345678901
0 .........................................r.......r..r.............r.....
1 ...............................................r........................
2 ........................................................................
3 .....................................r..................................
4 ....................................r...................................
5 ........................................................................
6 ........................................................................
7 ..............................................................r.........
8 ........................................................................
9 ........................................................................
0 ...................................t....................................
1 ..................................tttt..................................
2 ...................................ttt.....rr.r.........................
3 ......................................................................r.
4 .......................................................................r
5 ........................................................................
6 .......................................................................r
7 .....................................................................r..
8 ........................................................................
9 ........................................................................
0 ......................................................................r.
1 ........................................................................
2 .....................................................................r..
3 .....................................................................r..
4 ........................................................................
5 ........................................................................
6 ........................................................................
7 r.......................................................................
8 ........................................................................
9 ........................................................................
0 ........................................................................
1 ........................................................................
2 ........................................................................
3 ........................................................................
4 ........................................................................
5 ........................................................................
6 ........................................................................
7 ........................................................................
8 ........................................................................
9 ........................................................................
0 ........................................................................
1 ........................................................................
2 .....r..................................................................
3 ........................................................................
4 ........................................................................
5 ........................................................................
6 ........................................................................
7 ........................................................................
8 r.......................................................................
9 ........................................................................
0 ........................................................................
1 ........................................................................
2 ........................................................................
3 ........................................................................
4 r.......................................................................
5 ........................................................................
6 ..........f.............................................................
7 r.......................................................................
8 ........................................................................
9 ........................................................................
0 ........................................................................
1 ........................................................................
2 ........................................................................
3 ........................................................................
4 ........................................................................
5 ........................................................................
6 ........................................................................
7 ........................................................................
8 ..............r.r.......................................................
9 ........................................................................
0 .r........r.............................................................
1 ...............r......r............r.....r..............................

*** Darwin 72x72 with Best ***
*** Darwin 2x6 ***
Turn = 0.
  012345
0 f.....
1 f....r

Turn = 1.
  012345
0 f....r
1 f.....

Turn = 2.
  012345
0 f....r
1 f.....

Turn = 3.
  012345
0 f....r
1 f.....

Turn = 4.
  012345
0 f....r
1 f.....

Turn = 5.
  012345
0 f....r
1 f.....

Turn = 6.
  012345
0 f.....
1 f....r

Turn = 7.
  012345
0 f.....
1 f....r

Turn = 8.
  012345
0 f.....
1 f...r.

Turn = 9.
  012345
0 f.....
1 f..r..

Turn = 10.
  012345
0 f.....
1 f.r...

Turn = 11.
  012345
0 f.....
1 fr....

Turn = 12.
  012345
0 f.....
1 rr....

*** Darwin Dominoe 1x20 ***
Turn = 0.
  01234567890123456789
0 ffffffffffffffffffft

Turn = 1.
  01234567890123456789
0 fffffffffffffffffftt

Turn = 2.
  01234567890123456789
0 fffffffffffffffffttt

Turn = 3.
  01234567890123456789
0 fffffffffffffffftttt

Turn = 4.
  01234567890123456789
0 fffffffffffffffttttt

Turn = 5.
  01234567890123456789
0 fffffffffffffftttttt

Turn = 6.
  01234567890123456789
0 fffffffffffffttttttt

Turn = 7.
  01234567890123456789
0 fffffffffffftttttttt

Turn = 8.
  01234567890123456789
0 fffffffffffttttttttt

Turn = 9.
  01234567890123456789
0 fffffffffftttttttttt

Turn = 10.
  01234567890123456789
0 fffffffffttttttttttt

Turn = 11.
  01234567890123456789
0 fffffffftttttttttttt

Turn = 12.
  01234567890123456789
0 fffffffttttttttttttt

Turn = 13.
  01234567890123456789
0 fffffftttttttttttttt

Turn = 14.
  01234567890123456789
0 fffffttttttttttttttt

Turn = 15.
  01234567890123456789
0 fffftttttttttttttttt

Turn = 16.
  01234567890123456789
0 fffttttttttttttttttt

Turn = 17.
  01234567890123456789
0 fftttttttttttttttttt

Turn = 18.
  01234567890123456789
0 fttttttttttttttttttt

Turn = 19.
  01234567890123456789
0 tttttttttttttttttttt

Turn = 20.
  01234567890123456789
0 tttttttttttttttttttt

*** Darwin Hop Wave 20x20 ***
Turn = 0.
  01234567890123456789
0 ....................
1 ....................
2 ....................
3 ....................
4 ....................
5 ....................
6 ....................
7 ....................
8 ....................
9 ....................
0 ....................
1 ....................
2 ....................
3 ....................
4 ....................
5 ....................
6 ....................
7 ....................
8 ....................
9 hhhhhhhhhhhhhhhhhhhh

Turn = 0.
  01234567890123456789
0 ....................
1 ....................
2 ....................
3 ....................
4 ....................
5 ....................
6 ....................
7 ....................
8 ....................
9 ....................
0 ....................
1 ....................
2 ....................
3 ....................
4 ....................
5 ....................
6 ....................
7 ....................
8 ....................
9 hhhhhhhhhhhhhhhhhhhh

Turn = 4.
  01234567890123456789
0 ....................
1 ....................
2 ....................
3 ....................
4 ....................
5 ....................
6 ....................
7 ....................
8 ....................
9 ....................
0 ....................
1 ....................
2 ....................
3 ....................
4 ....................
5 hhhhhhhhhhhhhhhhhhhh
6 ....................
7 ....................
8 ....................
9 ....................

Turn = 8.
  01234567890123456789
0 ....................
1 ....................
2 ....................
3 ....................
4 ....................
5 ....................
6 ....................
7 ....................
8 ....................
9 ....................
0 ....................
1 hhhhhhhhhhhhhhhhhhhh
2 ....................
3 ....................
4 ....................
5 ....................
6 ....................
7 ....................
8 ....................
9 ....................

Turn = 12.
  01234567890123456789
0 ....................
1 ....................
2 ....................
3 ....................
4 ....................
5 ....................
6 ....................
7 hhhhhhhhhhhhhhhhhhhh
8 ....................
9 ....................
0 ....................
1 ....................
2 ....................
3 ....................
4 ....................
5 ....................
6 ....................
7 ....................
8 ....................
9 ....................

Turn = 16.
  01234567890123456789
0 ....................
1 ....................
2 ....................
3 hhhhhhhhhhhhhhhhhhhh
4 ....................
5 ....................
6 ....................
7 ....................
8 ....................
9 ....................
0 ....................
1 ....................
2 ....................
3 ....................
4 ....................
5 ....................
6 ....................
7 ....................
8 ....................
9 ....................

Turn = 20.
  01234567890123456789
0 hhhhhhhhhhhhhhhhhhhh
1 ....................
2 ....................
3 ....................
4 ....................
5 ....................
6 ....................
7 ....................
8 ....................
9 ....................
0 ....................
1 ....................
2 ....................
3 ....................
4 ....................
5 ....................
6 ....................
7 ....................
8 ....................
9 ....................

*** Darwin elevator 8x8 ***
Turn = 0.
  01234567
0 .....f..
1 .....f..
2 .....f..
3 .....f..
4 .....f..
5 .....f..
6 .....f..
7 ....rf..

Turn = 1.
  01234567
0 .....f..
1 .....f..
2 .....f..
3 .....f..
4 .....f..
5 .....f..
6 ....rf..
7 .....f..

Turn = 2.
  01234567
0 .....f..
1 .....f..
2 .....f..
3 .....f..
4 .....f..
5 ....rf..
6 .....f..
7 .....f..

Turn = 3.
  01234567
0 .....f..
1 .....f..
2 .....f..
3 .....f..
4 ....rf..
5 .....f..
6 .....f..
7 .....f..

Turn = 4.
  01234567
0 .....f..
1 .....f..
2 .....f..
3 ....rf..
4 .....f..
5 .....f..
6 .....f..
7 .....f..

Turn = 5.
  01234567
0 .....f..
1 .....f..
2 ....rf..
3 .....f..
4 .....f..
5 .....f..
6 .....f..
7 .....f..

Turn = 6.
  01234567
0 .....f..
1 ....rf..
2 .....f..
3 .....f..
4 .....f..
5 .....f..
6 .....f..
7 .....f..

Turn = 7.
  01234567
0 ....rf..
1 .....f..
2 .....f..
3 .....f..
4 .....f..
5 .....f..
6 .....f..
7 .....f..

Turn = 8.
  01234567
0 ....rf..
1 .....f..
2 .....f..
3 .....f..
4 .....f..
5 .....f..
6 .....f..
7 .....f..

Turn = 9.
  01234567
0 ....rr..
1 .....f..
2 .....f..
3 .....f..
4 .....f..
5 .....f..
6 .....f..
7 .....f..

Turn = 10.
  01234567
0 ....rr..
1 .....f..
2 .....f..
3 .....f..
4 .....f..
5 .....f..
6 .....f..
7 .....f..

Turn = 11.
  01234567
0 .....r..
1 ....rf..
2 .....f..
3 .....f..
4 .....f..
5 .....f..
6 .....f..
7 .....f..

Turn = 12.
  01234567
0 ......r.
1 .....f..
2 ....rf..
3 .....f..
4 .....f..
5 .....f..
6 .....f..
7 .....f..

Turn = 13.
  01234567
0 .......r
1 .....f..
2 .....f..
3 ....rf..
4 .....f..
5 .....f..
6 .....f..
7 .....f..

Turn = 14.
  01234567
0 .......r
1 .....f..
2 .....f..
3 .....f..
4 ....rf..
5 .....f..
6 .....f..
7 .....f..

Turn = 15.
  01234567
0 ........
1 .....f.r
2 .....f..
3 .....f..
4 .....f..
5 ....rf..
6 .....f..
7 .....f..

Turn = 16.
  01234567
0 ........
1 .....f..
2 .....f.r
3 .....f..
4 .....f..
5 .....f..
6 ....rf..
7 .....f..

Turn = 17.
  01234567
0 ........
1 .....f..
2 .....f..
3 .....f.r
4 .....f..
5 .....f..
6 .....f..
7 ....rf..

Turn = 18.
  01234567
0 ........
1 .....f..
2 .....f..
3 .....f..
4 .....f.r
5 .....f..
6 .....f..
7 ....rf..

Turn = 19.
  01234567
0 ........
1 .....f..
2 .....f..
3 .....f..
4 .....f..
5 .....f.r
6 .....f..
7 ....rr..

*** cornerCase no wall check 1x1 ***
Turn = 0.
  0
0 f

Turn = 1.
  0
0 f

Turn = 2.
  0
0 f

Turn = 3.
  0
0 f

Turn = 4.
  0
0 f

Turn = 5.
  0
0 f

*** cornerCase no wall check 1x1 ***
Turn = 0.
  0
0 r

Turn = 1.
  0
0 r

Turn = 2.
  0
0 r

Turn = 3.
  0
0 r

Turn = 4.
  0
0 r

Turn = 5.
  0
0 r

*** Food ***
Turn = 0.
  01234567
0 f.......
1 ........
2 ........
3 ........
4 ........
5 ........
6 ........
7 ........

Turn = 1.
  01234567
0 f.......
1 ........
2 ........
3 ........
4 ........
5 ........
6 ........
7 ........

Turn = 2.
  01234567
0 f.......
1 ........
2 ........
3 ........
4 ........
5 ........
6 ........
7 ........

Turn = 3.
  01234567
0 f.......
1 ........
2 ........
3 ........
4 ........
5 ........
6 ........
7 ........

Turn = 4.
  01234567
0 f.......
1 ........
2 ........
3 ........
4 ........
5 ........
6 ........
7 ........

Turn = 5.
  01234567
0 f.......
1 ........
2 ........
3 ........
4 ........
5 ........
6 ........
7 ........

*** Hopper ***
Turn = 0.
  0123
0 ....
1 .h..
2 ....
3 ....

Turn = 1.
  0123
0 .h..
1 ....
2 ....
3 ....

Turn = 2.
  0123
0 .h..
1 ....
2 ....
3 ....

Turn = 3.
  0123
0 .h..
1 ....
2 ....
3 ....

Turn = 4.
  0123
0 .h..
1 ....
2 ....
3 ....

*** Trap and Food ***
Turn = 0.
  0123
0 ....
1 ft..
2 ....
3 ....

Turn = 1.
  0123
0 ....
1 ft..
2 ....
3 ....

Turn = 2.
  0123
0 ....
1 tt..
2 ....
3 ....

Turn = 3.
  0123
0 ....
1 tt..
2 ....
3 ....

Turn = 4.
  0123
0 ....
1 tt..
2 ....
3 ....

*** Rover and Food ***
Turn = 0.
  0123
0 ...f
1 ....
2 ..r.
3 ....

Turn = 1.
  0123
0 ...f
1 ..r.
2 ....
3 ....

Turn = 2.
  0123
0 ..rf
1 ....
2 ....
3 ....

Turn = 3.
  0123
0 ..rf
1 ....
2 ....
3 ....

Turn = 4.
  0123
0 ..rr
1 ....
2 ....
3 ....

Turn = 5.
  0123
0 ..rr
1 ....
2 ....
3 ....

Turn = 6.
  0123
0 ...r
1 ..r.
2 ....
3 ....

Turn = 7.
  0123
0 ...r
1 ....
2 ..r.
3 ....

*** Stress Test  ***
Turn = 0.
  012345678901234567890123456789
0 f..h..h....h.rh......ff..r...r
1 r.....r...f.hr.ff.....h.......
2 .fh....rfh...........f....f...
3 fr......r.....hfr..........f..
4 rh....f.....ff.....rh.......f.
5 .........h....f.......f...hh.r
6 ..f...h.f....frrr..r..r...h..r
7 .h......rf.fh...fh...hf.......
8 .h.fr....h...................r
9 h.hh.rr.....f.h..r..f.f.h..r.h
0 .r.frr..rh.h.h...r...r..r.h.hf
1 ..r...r...f.r...r.........f...
2 .rr....hrh.........h....h.....
3 ......hfr......r.......h.....f
4 ..f......r....rf.h........f...
5 r.h.....hrh.r..h.h....f.f.h.h.
6 .......h..f......r..........r.
7 .....f......h.f..ff.......r...
8 r..fh...r....frh..h....h...r..
9 ...h..h..r..ffh.fr..f..r..h...
0 ..............................
1 ..............................
2 ..............................
3 ..............................
4 ..............................
5 ..............................
6 ..............................
7 ..............................
8 ..............................
9 ..............................

Turn = 4.
  012345678901234567890123456789
0 f.....hhrr...........frr..r...
1 ..r......hfh..hff.h...........
2 r..........r.hh....r.f....f..r
3 rr..........rr.f.h...h.....f..
4 ...h..f.....r.rr............f.
5 rrh...h.......rr......fh.r....
6 ..f....r..r...r.........r.....
7 .....hr..f.f.rr.f.....f..r....
8 .hhf....rh...r......h......r..
9 h.rr...r..r.fr.r....f.f....h..
0 ..rrrr........rr.r..........hr
1 .........rr..r.r.h........f...
2 r.......hr.............hh.h.hr
3 ....r....rr.h.r...........hrhr
4 .....rr...r....fh.......rrrr..
5 .rr..r.rr..r...h......f.fhh...
6 ..rr......r.r........r........
7 ..rr.fh.......f..ff...........
8 ...r...hh....frr......h....h..
9 r........h..rf......f.........
0 ...............rr...........r.
1 ............r.................
2 ........r.......r.............
3 ...h...................r......
4 ..............................
5 ..............................
6 ..............................
7 ..............................
8 ..............................
9 ..............................

Turn = 8.
  012345678901234567890123456789
0 f.....hhr.r.........rrrr....r.
1 r......r..fhrr.ffh......r.....
2 r...r........r.r.h...f....f...
3 .........r.r....r....h.....f..
4 ......f.r.rr....r.....r.r...f.
5 ..h...h.r.r...........r.......
6 ..fr........r.r...r...........
7 .r.r..r..frr.rr.fr....f.......
8 rr..rr...h.r....r...h..r......
9 rr...rr...r.r.......f.f.......
0 .......r....rrr.........r....h
1 .........r..r............rrh.r
2 .h......r.rr.r...........rrrrr
3 ....r..rr................rrrrr
4 ..rrr.....r...rrh.....r.hr..rr
5 .rr...........rr......rh......
6 rrr..r.......r..r........r....
7 r...rr...r..r.r..ff...........
8 ..r...r.r.r...r...........h..h
9 .......r....hr......f.........
0 ..........r...................
1 ......h.......................
2 ........h....rr...............
3 r.............................
4 ...............rr...........r.
5 ............r.................
6 ........r.......r.............
7 ...h...................r......
8 ..............................
9 ..............................

Turn = 12.
  012345678901234567890123456789
0 f.....hh..r...r...r...r.rrr...
1 ...r......rr...frr............
2 ........r...r...r.r..f...r.r..
3 .....r..rr..r..r.r.rrhr....f..
4 r..r.rh.rr..........r.......f.
5 .r.....rr.........r...........
6 rr.r......r.r.r...r...r.......
7 r......rrrrr....f.....f...r...
8 r.......rrr...r....rrr....r...
9 r...r..rrr.........r..f...r...
0 ........rr..r.........r......r
1 ....rr..r....r........r...rr.r
2 ...r..r.....r..r.r........r.r.
3 ....r.r......r.r.........r.r..
4 .r.....r....r...........rr....
5 rrr........r.rr.r.rh.......r..
6 r.rr..........r.....r....rr...
7 .......r.r......r.f........rrr
8 r..r.............r......h...hr
9 ............rr.r....f.........
0 r.............................
1 .........r....................
2 ..r...r.r.....................
3 .......r.....r................
4 ..........r...................
5 ......h.......................
6 ........h....rr...............
7 r.............................
8 ...............rr...........r.
9 ...h....r...r...r.....r.......

Turn = 16.
  012345678901234567890123456789
0 f..r..rrrrr.......rr.r.r.....r
1 r.....h....r...fr..r.r.......r
2 ............r.rr....r.......r.
3 .r..r.....rr.r.r...r...rr.rf..
4 rr..r.....r..r..r.......r.r.f.
5 .r..r....r....r...........r...
6 rr.r...rr.....r.......r..r....
7 ....rr.r....r..rf..r..f......r
8 ..rr...r.r.r......r...r.......
9 ......r.rr..r..r........r.....
0 .....r.............r....r....r
1 rr..r.....r.......r...rr..r...
2 ..r...r...r........rrrr.......
3 rr......rrr......r.r.r.r......
4 rr.r....r....................r
5 .......r.....r..rr...........r
6 .................r.r....r.....
7 .............r................
8 .......r.........r......rrr.r.
9 .............r....r.f.........
0 ..rr.....................rr...
1 .......r........r..........r..
2 r..r.............r......h....r
3 ............rr................
4 r.............................
5 .........r....................
6 ..r...r.r.....................
7 .......r.....r................
8 ..........r........rr.........
9 .r.hr.h.hr...rr..r.r.........r

Turn = 20.
  012345678901234567890123456789
0 ..r...rr...r.rr.....rrrr..rr.r
1 rrr.rr.........f.r........rr..
2 r.......rrrr..rrr.........r...
3 r..r...rrr.....r...r.rr....f.r
4 r......r.r..................f.
5 r........rr.....r.r......r....
6 ..r..rrr..r....rr.........r..r
7 rr.r..r......r.rr.....f.r.....
8 ...r.r.........r....r.........
9 r.r..............r....r.....r.
0 .....r.........rr..rr....r..rr
1 r.rr....rr....rr..r..rr......r
2 rr......rr........r...r.......
3 .r.........r.......r..........
4 .r............................
5 ...r.rr............rr.........
6 ...............r.....r.r....r.
7 .r.......rr...................
8 ................r.....r.......
9 .............r......f.........
0 ..............................
1 ..............................
2 .......r.........r......rr..r.
3 .............r....r...........
4 ..rr................r....rr...
5 .......r........r..r.......r.r
6 r..r.............r......h....r
7 ............rr....rr..........
8 rr....r.rr.rr.................
9 .r.rr.rrrrrr..................

