*** Darwin 4x4 ***
Turn = 0
 0123
0.h..
1....
2....
3..h.

Turn = 1
 0123
0.h..
1....
2....
3.h..

Turn = 2
 0123
0.h..
1....
2....
3h...

Turn = 3
 0123
0.h..
1....
2....
3h...

Turn = 4
 0123
0.h..
1....
2....
3h...

Turn = 5
 0123
0.h..
1....
2....
3h...

*** Darwin 4x4 ***
Turn = 0
 0123
0.r..
1.h..
2....
3..h.

Turn = 1
 0123
0.hr.
1....
2....
3.h..

Turn = 2
 0123
0.h.r
1....
2....
3h...

Turn = 3
 0123
0.h.r
1....
2....
3h...

Turn = 4
 0123
0.h..
1...r
2....
3h...

Turn = 5
 0123
0.h..
1....
2...r
3h...

*** Darwin 4x4 ***
Turn = 0
 0123
0.r..
1.h..
2....
3..tt

Turn = 1
 0123
0.hr.
1....
2....
3..tt

Turn = 2
 0123
0.h.r
1....
2....
3..tt

Turn = 3
 0123
0.h.r
1....
2....
3..tt

Turn = 4
 0123
0.h.r
1....
2....
3..tt

Turn = 5
 0123
0.h.r
1....
2....
3..tt

*** Darwin 10x10 ***
Turn = 0
 0123456789
0.r.....r..
1..........
2.........h
3..tt......
4.....h....
5..........
6..h..t....
7.hhr......
8..........
9.t........

Turn = 1
 0123456789
0..r.....r.
1.........h
2..........
3..tt......
4....h.....
5..........
6.hh..t....
7.h..r.....
8..........
9.t........

Turn = 2
 0123456789
0...r.....r
1.........h
2..........
3..tt......
4...h......
5..h.......
6hh...t....
7.....r....
8..........
9.t........

Turn = 3
 0123456789
0....r....r
1.........h
2..........
3..tt......
4..h.......
5.hh.......
6h....t....
7.....t....
8..........
9.t........

Turn = 4
 0123456789
0.....r...r
1.........r
2..........
3..tt......
4.hh.......
5.h........
6h....t....
7.....t....
8..........
9.t........

Turn = 5
 0123456789
0......r..r
1.........r
2..........
3..tt......
4hhh.......
5..........
6h....t....
7.....t....
8..........
9.t........

*** Darwin 8x8 ***
Turn = 0
 01234567
0f.......
1........
2...h....
3.....h..
4..h.....
5....h...
6........
7.......f

Turn = 1
 01234567
0f.......
1...h....
2........
3......h.
4.h......
5........
6....h...
7.......f

Turn = 2
 01234567
0f..h....
1........
2........
3.......h
4h.......
5........
6........
7....h..f

Turn = 3
 01234567
0f..h....
1........
2........
3.......h
4h.......
5........
6........
7....h..f

Turn = 4
 01234567
0f..h....
1........
2........
3.......h
4h.......
5........
6........
7....h..f

Turn = 5
 01234567
0f..h....
1........
2........
3.......h
4h.......
5........
6........
7....h..f

*** Darwin 7x9 ***
Turn = 0
 012345678
0t........
1.........
2.........
3...h.....
4....r....
5.........
6........t

Turn = 1
 012345678
0t........
1.........
2.........
3....r....
4....r....
5.........
6........t

Turn = 2
 012345678
0t........
1.........
2.........
3....rr...
4.........
5.........
6........t

Turn = 3
 012345678
0t........
1.........
2....r....
3......r..
4.........
5.........
6........t

Turn = 4
 012345678
0t........
1....r....
2.........
3.......r.
4.........
5.........
6........t

Turn = 5
 012345678
0t...r....
1.........
2.........
3........r
4.........
5.........
6........t

*** Darwin 72x72 without Best ***
Turn = 0
 012345678901234567890123456789012345678901234567890123456789012345678901
0.................................t..........................f...........
1..................r.....................................................
2........................................................................
3......................................t.................................
4........................................................................
5........................................................................
6........................................................................
7........................................................................
8...............r........................................................
9........................................................................
0........................................................................
1....................................t...................................
2....................................................f...................
3..t.....................................................................
4........................................................................
5........................................................................
6........................................................................
7........................................................................
8........................................................................
9.....................................................................r..
0............r...........................................................
1...........................................................f............
2........................................................................
3......................................................................t.
4........................................................................
5......................................................t.................
6........................................................................
7........................................................................
8..........................................h.............................
9........................................................................
0.......................................................h................
1........................................................................
2........................................................................
3........................................................................
4.....h.........h........................................................
5........................................................................
6........................................................................
7........................................................................
8........................................................................
9..................................h.....................................
0........................................................................
1........................................................................
2........................................................................
3........................................................................
4.........f...................................r..........................
5........................................................................
6.......................................................f................
7...................................................t...........h........
8........................................................................
9........................................................................
0.............r..........................................................
1....................................................................t...
2....................................................................h...
3...................h....................................................
4..............................r.r.......................................
5........................................................................
6..........f.......................................f.....................
7.................................f................f.....................
8........................................................................
9........................................................................
0............................................r...........................
1........................................................................
2h.......................................................................
3........................................................t...............
4........................................................................
5........................................................................
6.................................................t......................
7........................................................................
8........................................................................
9....r....................................f..............................
0........................................................................
1..............................................................h.........

Turn = 100
 012345678901234567890123456789012345678901234567890123456789012345678901
0.....rrrrr..................................................rr..........
1........................................................................
2........................................................................
3......................................t.................................
4........................................................................
5........................................................................
6........................................................................
7........................................................................
8........................................................................
9........................................................................
0.......................................................................r
1....................................t..................................r
2....................................................f...................
3..t.....................................................................
4........................................................................
5........................................................................
6........................................................................
7.............................................................r..........
8........................................................................
9........................................................................
0........................................................................
1...........................................................f............
2........................................................................
3r.....................................................................t.
4r.......................................................................
5......................................................t.................
6........................................................................
7................r.......................................................
8........................................................................
9........................................................................
0........................................................................
1........................................................................
2........................................................................
3........................................................................
4........................................................................
5........................................................................
6........................................................................
7........................................................................
8........................................................................
9........................................................................
0........................................................................
1........................................................................
2........................................................................
3........................................................................
4.........f..............................................................
5........................................................................
6.......................................................f................
7r..................................................t....................
8........................................................................
9........................................................................
0........................................................................
1....................................................................t...
2........................................................................
3.......................................................................r
4........................................................................
5.......................................................................r
6..........f.......................................f.....................
7.................................f................f.....................
8.......................................................................r
9........................................................................
0........................................................................
1........................................................................
2.....................................r..................................
3........................................................t...............
4........................................................................
5........................................................................
6.................................................t.....................r
7.......................................................................r
8........................................................................
9.........................................f..............................
0........................................................................
1.....h.............h....................................................

Turn = 200
 012345678901234567890123456789012345678901234567890123456789012345678901
0.....rr.rr..................................................rr..........
1........................................................................
2........................................................................
3......................................t.................................
4........................................................................
5........................................................................
6........................................................................
7........................................................................
8......................................................r.................
9........................................................................
0.......................................................................r
1....................................t..................................r
2....................................................f...................
3..t.....................................................................
4........................................................................
5........................................................................
6........................................................................
7........................................................................
8........................................................................
9........................................................................
0........................................................................
1r..........................................................f............
2........................................................................
3r.....................................................................t.
4r.......................................................................
5.....................................................................r..
6........................................................................
7........................................................................
8........................................................................
9........................................................................
0........................................................................
1........................................................................
2........................................................................
3........................................................................
4........................................................................
5........................................................................
6........................................................................
7........................................................................
8........................................................................
9........................................................................
0........................................................................
1........................................................................
2........................................................................
3........................................................................
4.........f..............................................................
5........................................................................
6.......................................................f................
7...................................................t....................
8........................................................................
9........................................................................
0........................................................................
1....................................................................t...
2........................................................................
3........................................................................
4r.......................................................................
5........................................................................
6..........f.......................................f.....................
7.................................f................f.....................
8........................................................................
9........................................................................
0........................................................................
1........................................................................
2........................................................................
3.........r..............................................................
4.......................................................................r
5.......................................................................r
6.................................................t.....................r
7.......................................................................r
8....................................r...................................
9.........................................f..............................
0........................................................................
1.....h........................r.....................................r..r

Turn = 300
 012345678901234567890123456789012345678901234567890123456789012345678901
0.....rr.rr..................................................rr..........
1........................................................................
2........................................................................
3......................................t.................................
4........................................................................
5........................................................................
6........................................................................
7........................................................................
8........................................................................
9........................................................................
0.......................................................................r
1....................................t..................................r
2....................................................f...................
3..t.....................................................................
4........................................................................
5........................................................................
6........................................................................
7........................................................................
8........................................................................
9........................................................................
0........................................................................
1...........................................................f............
2........................................................................
3r.....................................................................t.
4r.......................................................................
5..................r...............................r.........r...........
6........................................................................
7........................................................................
8........................................................................
9........................................................................
0........................................................................
1........................................................................
2........................................................................
3........................................................................
4........................................................................
5........................................................................
6........................................................................
7........................................................................
8........................................................................
9........................................................................
0........................................................................
1........................................................................
2........................................................................
3........................................................................
4.........f..............................................................
5..........r.............................................................
6.......................................................f................
7...................................................t....................
8........................................................................
9........................................................................
0........................................................................
1....................................................................t...
2........................................................................
3........................................................................
4........................................................................
5........................................................................
6..........f.......................................f.....................
7.................................f................f.....................
8........................................................................
9........................................................................
0........................................................................
1........................................................................
2........................................................................
3..............r.........................................................
4.......................................................................r
5.......................................................................r
6.................................................t.....................r
7....r..................................................................r
8........................................................................
9.........................................f..............................
0........................................................................
1.r.........r.........................................rr.................

Turn = 400
 012345678901234567890123456789012345678901234567890123456789012345678901
0.....rr.rr..................................................rr..........
1........................................................................
2........................................................................
3......................................t.................................
4........................................................................
5........................................................................
6........................................................................
7........................................................................
8........................................................................
9........................................................................
0.......................................................................r
1....................................t..................................r
2....................................................f...................
3..t.....................................................................
4........................................................................
5........................................................................
6........................................................................
7........................................................................
8........................................................................
9........................................................................
0........................................................................
1...........................................................f............
2........................................................................
3r.....................................................................tt
4r.......................................................................
5..................r.....................................................
6........................................................................
7........................................................................
8........................................................................
9........................................................................
0........................................................................
1........................................................................
2........................................................................
3........................................................................
4........................................................................
5........................................................................
6........................................................................
7........................................................................
8........................................................................
9........................................................................
0........................................................................
1........................................................................
2........................................................................
3........................................................................
4.........f..............................................................
5........................................................................
6.......................................................f................
7...................................................tt...................
8..............................r.....................t...................
9........................................................................
0........................................................................
1....................................................................t...
2........................................................................
3........................................................................
4........................................................................
5..........r.............................................................
6..........r.......................................f.....................
7.................................f................f.....................
8.......................................................................r
9........................................................................
0........................................................................
1........................................................................
2........................................................................
3.................................r......................................
4.......................................................................r
5.......................................................................r
6.................................................t.....................r
7.......................................................................r
8........................................................................
9.........................................f..............................
0........................................................................
1.....................................................rr.................

Turn = 500
 012345678901234567890123456789012345678901234567890123456789012345678901
0.....rr.rr..................................................rr..........
1........................................................................
2........................................................................
3......................................t.................................
4........................................................................
5........................................................................
6........................................................................
7........................................................................
8........................................................................
9........................................................................
0.......................................................................r
1....................................t..................................r
2....................................................f...................
3..t.....................................................................
4........................................................................
5........................................................................
6........................................................................
7........................................................................
8........................................................................
9........................................................................
0........................................................................
1...........................................................f............
2........................................................................
3r......r......................................................r.........
4r......r................................................................
5............................................r...........................
6........................................................................
7........................................................................
8........................................................................
9........................................................................
0........................................................................
1........................................................................
2........................................................................
3........................................................................
4........................................................................
5........................................................................
6........................................................................
7........................................................................
8........................................................................
9........................................................................
0........................................................................
1........................................................................
2........................................................................
3........................................................................
4.........f..............................................................
5........................................................................
6.......................................................f................
7...................................................tt...................
8....................................................t...................
9........................................................................
0........................................................................
1....................................................................t...
2........................................................................
3........................................................................
4........................................................................
5..........r.............................................................
6..........r.......................................f.....................
7.................................f................f.....................
8........................................................................
9........................................................................
0........................................................................
1........................................................................
2........................................................................
3.................................................................r......
4.......................................................................r
5.......................................................................r
6.................................................t.....................r
7.......................................................................r
8........................................................................
9.........................................f..............................
0........................................................................
1....................................................rrr.................

Turn = 600
 012345678901234567890123456789012345678901234567890123456789012345678901
0.....rr.rr..................................................rr..........
1........................................................................
2........................................................................
3......................................t.................................
4........................................................................
5........................................................................
6........................................................................
7........................................................................
8........................................................................
9........................................................................
0.......................................................................r
1....................................t..................................r
2....................................................f...................
3..t.....................................................................
4........................................................................
5........................................................................
6........................................................................
7........................................................................
8........................................................................
9........................................................................
0........................................................................
1...........................................................f............
2........................................................................
3r.......................................................................
4r.......................................................................
5........................................................................
6........................................................................
7........................................................................
8........................................................................
9........................................................................
0........................................................................
1........................................................................
2........................................................................
3........................................................................
4........................................................................
5........................................................................
6........................................................................
7........................................................................
8........................................................................
9........................................................................
0........................................................................
1........................................................................
2........................................................................
3........................................................................
4.........f..............................................................
5........................................................................
6.......................................................f...............r
7...................................................tt..................r
8....................................................t...................
9........................................................................
0........................................................................
1....................................................................t...
2........................................................................
3........................................................................
4........................................................................
5..........r.............................................................
6..........r.......................................f.....................
7.................................f................f.....................
8........................................................................
9........................................................................
0........................................................................
1........................................................................
2........................................................................
3........................................................................
4.......................................................................r
5.......................................................................r
6.................................................t.....................r
7.......................................................................r
8......................................r.................................
9.........................................f..............................
0........................................................................
1.........................r............r......r.......rr.................

Turn = 700
 012345678901234567890123456789012345678901234567890123456789012345678901
0.....rr.rr..................................................rr..........
1........................................................................
2........................................................................
3......................................t.................................
4........................................................................
5........................................................................
6........................................................................
7........................................................................
8........................................................................
9........................................................................
0.......................................................................r
1....................................t..................................r
2....................................................f...................
3..t.....................................................................
4........................................................................
5........................................................................
6........................................................................
7........................................................................
8........................................................................
9........................................................................
0........................................................................
1...........................................................f............
2........................................................................
3r.......................................................................
4r.......................................................................
5........................................................................
6........................................................................
7........................................................................
8........................................................................
9........................................................................
0........................................................................
1........................................................................
2........................................................................
3........................................................................
4........................................................................
5........................................................................
6........................................................................
7........................................................................
8........................................................................
9........................................................................
0........................................................................
1........................................................................
2........................................................................
3........................................................................
4.........f..............................................................
5........................................................................
6.......................................................f...............r
7...................................................tt..................r
8....................................................t...................
9........................................................................
0........................................................................
1....................................................................t...
2........................................................................
3........................................................................
4........................................................................
5..........r.............................................................
6..........r.......................................f.....................
7.................................f................f.....................
8........................................................................
9........................................................................
0........................................................................
1........................................................................
2........................................................................
3r.................................................r.........r...........
4.......................................................................r
5.......................................................................r
6.................................................t.....................r
7.......................................................................r
8........................................................................
9.........................................f..............................
0....................................................r...................
1.....................................................rr.................

Turn = 800
 012345678901234567890123456789012345678901234567890123456789012345678901
0.....rr.rr..................................................rr..........
1........................................................................
2........................................................................
3......................................t.................................
4........................................................................
5........................................................................
6........................................................................
7........................................................................
8........................................................................
9........................................................................
0.......................................................................r
1....................................t..................................r
2....................................................f...................
3..t.....................................................................
4........................................................................
5........................................................................
6........................................................................
7........................................................................
8........................................................................
9........................................................................
0........................................................................
1...........................................................f............
2........................................................................
3r.......................................................................
4r.......................................................................
5.........r..............................................................
6........................................................................
7........................................................................
8........................................................................
9........................................................................
0........................................................................
1........................................................................
2........................................................................
3........................................................................
4........................................................................
5........................................................................
6........................................................................
7........................................................................
8........................................................................
9........................................................................
0........................................................................
1........................................................................
2........................................................................
3........................................................................
4.........f..............................................................
5........................................................................
6.......................................................f...............r
7...................................................tt..................r
8....................................................t...................
9........................................................................
0........................................................................
1....................................................................t...
2........................................................................
3........................................................................
4........................................................................
5..........r.............................................................
6..........r.......................................f.....................
7.................................f................f.....................
8........................................................................
9........................................................................
0........................................................................
1........................................................................
2........................................................................
3..............................r.........................................
4.......................................................................r
5.......................................................................r
6.................................................t.....................r
7.......................................................................r
8........................................................................
9.........................................f..............................
0........................................................................
1......................rr.............................rr.................

Turn = 900
 012345678901234567890123456789012345678901234567890123456789012345678901
0.....rr.rr..................................................rr..........
1........................................................................
2........................................................................
3......................................t.................................
4........................................................................
5........................................................................
6........................................................................
7........................................................................
8........................................................................
9........................................................................
0.......................................................................r
1....................................t..................................r
2....................................................rr..................
3..t.....................................................................
4........................................................................
5........................................................................
6........................................................................
7........................................................................
8........................................................................
9........................................................................
0........................................................................
1...........................................................f............
2........................................................................
3r.......................................................................
4r.......................................................................
5........................................................................
6........................................................................
7........................................................................
8........................................................................
9........................................................................
0........................................................................
1........................................................................
2........................................................................
3........................................................................
4.....................r..................................................
5........................................................................
6........................................................................
7........................................................................
8........................................................................
9........................................................................
0........................................................................
1........................................................................
2........................................................................
3........................................................................
4.........f..............................................................
5........................................................................
6.......................................................f...............r
7...................................................tt..................r
8....................................................t...................
9........................................................................
0........................................................................
1....................................................................t...
2........................................................................
3........................................................................
4........................................................................
5..........r.............................................................
6..........r.......................................f.....................
7.................................f................f.....................
8........................................................................
9........................................................................
0........................................................................
1........................................................................
2........................................................................
3........................................................................
4.......................................................................r
5.......................................................................r
6.................................................t.....................r
7.......................................................................r
8........................................................................
9.........................................f..............................
0........................................................................
1......................rr.............................rr.................

Turn = 1000
 012345678901234567890123456789012345678901234567890123456789012345678901
0.....rr.rr..................................................rr..........
1........................................................................
2........................................................................
3......................................t.................................
4........................................................................
5........................................................................
6........................................................................
7........................................................................
8........................................................................
9........................................................................
0.......................................................................r
1....................................t..................................r
2....................................................rr..................
3..t.....................................................................
4........................................................................
5........................................................................
6........................................................................
7........................................................................
8........................................................................
9........................................................................
0........................................................................
1...........................................................f............
2........................................................................
3r.......................................................................
4r.......................................................................
5........................................................................
6........................................................................
7........................................................................
8........................................................................
9........................................................................
0........................................................................
1........................................................................
2........................................................................
3........................................................................
4........................................................................
5........................................................................
6........................................................................
7........................................................................
8........................................................................
9........................................................................
0........................................................................
1........................................................................
2........................................................................
3........................................................................
4.........f..............................................................
5........................................................................
6.......................................................f...............r
7...................................................tt..................r
8....................................................t...................
9........................................................................
0........................................................................
1....................................................................t...
2..........r.............................................................
3........................................................................
4........................................................................
5..........r.............................................................
6..........r.......................................f.....................
7.................................f................f.....................
8........................................................................
9........................................................................
0........................................................................
1........................................................................
2........................................................................
3........................................................................
4.......................................................................r
5.......................................................................r
6.................................................t.....................r
7.......................................................................r
8........................................................................
9.........................................f..............................
0........................................................................
1......................rr.............................rr.................
