g++ -pedantic -std=c++0x -Wall Darwin.c++ RunDarwin.c++ -o RunDarwin
valgrind RunDarwin
*** Darwin 8x8 ***
Turn = 0.
  01234567
0 f.......
1 ........
2 ........
3 ...hh...
4 ...hh...
5 ........
6 ........
7 .......f

Turn = 1.
  01234567
0 f.......
1 ........
2 ...h....
3 .....h..
4 ..h.....
5 ....h...
6 ........
7 .......f

Turn = 2.
  01234567
0 f.......
1 ...h....
2 ........
3 ......h.
4 .h......
5 ........
6 ....h...
7 .......f

Turn = 3.
  01234567
0 f..h....
1 ........
2 ........
3 .......h
4 h.......
5 ........
6 ........
7 ....h..f

Turn = 4.
  01234567
0 f..h....
1 ........
2 ........
3 .......h
4 h.......
5 ........
6 ........
7 ....h..f

Turn = 5.
  01234567
0 f..h....
1 ........
2 ........
3 .......h
4 h.......
5 ........
6 ........
7 ....h..f

*** Darwin 7x9 ***
Turn = 0.
  012345678
0 t........
1 .........
2 .........
3 ..h......
4 .........
5 ....r....
6 ........t

Turn = 1.
  012345678
0 t........
1 .........
2 .........
3 ...h.....
4 ....r....
5 .........
6 ........t

Turn = 2.
  012345678
0 t........
1 .........
2 .........
3 ....r....
4 ....r....
5 .........
6 ........t

Turn = 3.
  012345678
0 t........
1 .........
2 .........
3 ....rr...
4 .........
5 .........
6 ........t

Turn = 4.
  012345678
0 t........
1 .........
2 ....r....
3 ......r..
4 .........
5 .........
6 ........t

Turn = 5.
  012345678
0 t........
1 ....r....
2 .........
3 .......r.
4 .........
5 .........
6 ........t

*** Darwin 72x72 without Best ***
Turn = 0.
  012345678901234567890123456789012345678901234567890123456789012345678901
0 .................................t..........................f...........
1 ...................r....................................................
2 ........................................................................
3 ......................................t.................................
4 ........................................................................
5 ........................................................................
6 ........................................................................
7 ........................................................................
8 ..............r.........................................................
9 ........................................................................
0 ........................................................................
1 ....................................t...................................
2 ....................................................f...................
3 ..t.....................................................................
4 ........................................................................
5 ........................................................................
6 ........................................................................
7 ........................................................................
8 ........................................................................
9 ........................................................................
0 ...........r.........................................................r..
1 ...........................................................f............
2 ........................................................................
3 ......................................................................t.
4 ........................................................................
5 ......................................................t.................
6 ........................................................................
7 ........................................................................
8 .........................................h..............................
9 ........................................................................
0 ......................................................h.................
1 ........................................................................
2 ........................................................................
3 .....h..................................................................
4 ........................................................................
5 ...............h........................................................
6 ........................................................................
7 ........................................................................
8 ........................................................................
9 ...................................h....................................
0 ........................................................................
1 ........................................................................
2 ........................................................................
3 .............................................r..........................
4 .........f..............................................................
5 ........................................................................
6 .......................................................f................
7 ...................................................t..........h.........
8 ........................................................................
9 ........................................................................
0 ..............r.........................................................
1 ....................................................................t...
2 ...................h...............................................h....
3 ........................................................................
4 .............................r..........................................
5 ................................r.......................................
6 ..........f.......................................f.....................
7 .................................f................f.....................
8 ........................................................................
9 ........................................................................
0 ........................................................................
1 ............................................r...........................
2 .h......................................................................
3 ........................................................t...............
4 ........................................................................
5 ........................................................................
6 .................................................t......................
7 ........................................................................
8 ........................................................................
9 .........................................f..............................
0 ....r.........................................................h.........
1 ........................................................................

Turn = 100.
  012345678901234567890123456789012345678901234567890123456789012345678901
0 ................................r.......r.r..........r..................
1 ........................................................................
2 ........................................................................
3 ......................................t.................................
4 ........................................................................
5 ........................................................................
6 ........................................................................
7 ........................................................................
8 ........................................................................
9 ........................................................................
0 ........................................................................
1 ...................................tt...................................
2 ....................................................f...................
3 ..t.....................................................................
4 ........................................................................
5 ........................................................................
6 ........................................................................
7 ........................................................................
8 ........................r....................................r..........
9 ........................................................................
0 ........................................................................
1 ...........................................................f............
2 ........................................................................
3 ......................................................................t.
4 .................r......................................................
5 ...............r......................................t.................
6 ................r.......................................................
7 ........................................................................
8 ...r.........................................r..........................
9 ............................................r...........................
0 ........................................................................
1 .........................................r..............................
2 ........................................................................
3 ........................................................................
4 ........................................................................
5 ........................................................................
6 ........................................................................
7 ........................................................................
8 ........................................................................
9 ........................................................................
0 ........................................................................
1 ........................................................................
2 ........................................................................
3 ........................................................................
4 .........f..............................................................
5 ........................................................................
6 .......................................................f................
7 ...................................................t....................
8 ........................................................................
9 ........................................................................
0 ........................................................................
1 ....................................................................t...
2 ........................................................................
3 .................r......................................................
4 ........................................................................
5 ........................................................................
6 ..........f.......................................f.....................
7 .................................f................f.....................
8 ........................................................................
9 ........................................................................
0 ........................................................................
1 ........................................r...............................
2 ........................................r...............................
3 ........................................................t...............
4 ........................................................................
5 ........................................................................
6 .................................................t......................
7 ........................................................................
8 ........................................................................
9 .........................................f..............................
0 ........................................................................
1 .r...h.............h..........r.................r.......................

Turn = 200.
  012345678901234567890123456789012345678901234567890123456789012345678901
0 ..................r.....r...........r............................r......
1 ........................................................................
2 ........................................................................
3 ......................................t.................................
4 ........................................................................
5 ........................................................................
6 ........................................................................
7 .................................r......................................
8 ..................................r.....................................
9 ........................................................................
0 ........................................................................
1 ...................................tt...................................
2 ....................................................f...................
3 ..t.....................................................................
4 ........................................................................
5 ........................................................................
6 ........................................................................
7 ........................................................................
8 ........................................................................
9 ........................................................................
0 ........................................................................
1 ...........................................................f............
2 ........................................................................
3 ......................................................................t.
4 ........................................................................
5 ......................................................t.................
6 ........................r...............................................
7 ........................................................................
8 ........................................................................
9 ........................................................................
0 ........................................................r...............
1 ........................................................................
2 ........................................................................
3 ........................................................................
4 .................................................r......................
5 .rr...............................................r.....................
6 ........................................................................
7 ........................................................................
8 ........................................................................
9 ........................................................................
0 ........................................................................
1 ........................................................................
2 r.......................................................................
3 ........................................................................
4 .........f..............................................................
5 ........................................................................
6 .......................................................f................
7 ...................................................t...................r
8 ........................................................................
9 ............................................r..........................r
0 ........................................................................
1 ....................................................................t...
2 ........................................................................
3 ........................................................................
4 ........................................................................
5 ........................................................................
6 ..........f.......................................f.....................
7 .................................f................f.....................
8 ........................................................................
9 ........................................................................
0 ........................................................................
1 ........................................................................
2 ........................................................................
3 .......................r................................................
4 ........................................................................
5 ........................................................................
6 .............................rr..................t......................
7 ........................................................................
8 ........................................................................
9 .........................................f..............................
0 ........................................................................
1 ...........................................................r...r..r.....

Turn = 300.
  012345678901234567890123456789012345678901234567890123456789012345678901
0 ......................r..................................r..............
1 ........................................................................
2 ....................................................r...................
3 rr....................................t............r....................
4 ........................................................................
5 ........................................................................
6 ........................................................................
7 ........................................................................
8 ..........r.............................................................
9 ........................................................................
0 ........................................................................
1 ...................................tt...................................
2 ....................................................f...................
3 ..t....................................................r................
4 ..t...................................................r.................
5 ........................................................................
6 ........................................................................
7 .....................................r..................................
8 ........................................................................
9 ........................................................................
0 ........................................................................
1 ...........................................................f............
2 ........................................................................
3 .......................................................................t
4 .......................................................................t
5 rr......................................................................
6 ..............................r.........................................
7 ........................................................................
8 ........................................................................
9 ........................................................................
0 ...........................r............................................
1 ........................................................................
2 .........r..............................................................
3 ........................................................................
4 ........................................................................
5 ........................................................................
6 ........................................................................
7 ........................................................................
8 ........................................................................
9 ........................................................................
0 ........................................................................
1 r.......................................................................
2 ........................................................................
3 ........................................................................
4 ........................................................................
5 ........................................................................
6 ........................................................................
7 .............r..........................................................
8 .....r..................................................................
9 ....................................................................r...
0 .....................................................................r..
1 ....................................................................t...
2 ........................................................................
3 ........................................................................
4 ........................................................................
5 ........................................................................
6 ........r.f.......................................f.....................
7 .................................f................f.....................
8 ........................................................................
9 ........................................................................
0 ........................................................................
1 ........................................................................
2 ........................................................................
3 ........................................................................
4 ........................................................................
5 .......................................................................r
6 .................................................t......................
7 ........................................................................
8 ........................................................................
9 .........................................f..............................
0 ....................................................................r...
1 ............r...........................................................

Turn = 400.
  012345678901234567890123456789012345678901234567890123456789012345678901
0 ......................................r.............r...............r...
1 ........................................................................
2 ........................................................................
3 ...............................................r.......................r
4 .......................................................................r
5 ........................................................................
6 ........................................................................
7 ........................................................................
8 ........................................................................
9 ........................................................................
0 ........................................................................
1 ...................................tt...................................
2 ....................................................f...................
3 .........................................................r..........r...
4 ........................................................................
5 ........................................................................
6 ........................................................................
7 ........................................................................
8 ........................................................................
9 ........................................................................
0 ........................................................................
1 ...........................................................f............
2 ........................................................................
3 .........................r..............................................
4 ........................................................................
5 ........................................................................
6 .......................................................................r
7 .......................................................................r
8 ........................................................................
9 ........................................................................
0 ........................................................................
1 ........................................................................
2 ........................................................................
3 ........................................................................
4 .......................................................................r
5 ........................................................................
6 ........................................................................
7 ........................................................................
8 ........................................................................
9 ........................................................................
0 ........................................................................
1 ...............................................................r........
2 ........................................................................
3 .............................................................r..........
4 ................................................................r.......
5 ........................................................................
6 ........................................................................
7 ........................................................................
8 r.......................................................................
9 r.......................................................................
0 ........................................................................
1 r.......................................................................
2 .............r..........................................................
3 .......................r................................................
4 ........................r...............................................
5 ........................................................................
6 ..........f.......................................f.....................
7 .................................f................f.....................
8 ............r....r......................................................
9 ........................................................................
0 ........................................................................
1 ........................................................................
2 ....r...................................................................
3 ........................................................................
4 ........................................................................
5 ........................................................................
6 .................................................t......................
7 ........................................................r...............
8 r.......................................................................
9 ........................................................................
0 r.......................................................................
1 .r....................rr..............................r.................

Turn = 500.
  012345678901234567890123456789012345678901234567890123456789012345678901
0 ............rr............r......r........................r.............
1 r......................r.......r........................................
2 r.........................r.............................................
3 .r......................................................................
4 ..................................................r.....................
5 ..................................................r.....................
6 ................r.......................................................
7 r.......................................................................
8 ........................................................................
9 .....................................r..................................
0 ........................................................................
1 r..................................tt...................................
2 ...................................r................f...................
3 ........................................................................
4 ..................................r....r................................
5 ........................................................................
6 ......r.................................................................
7 ........................................................................
8 ........................................................................
9 ........................................................................
0 ........................................................................
1 ...........................................................f............
2 ........................................................................
3 ........................................................................
4 ........................................................................
5 ........................................................................
6 ........................................................................
7 ........................................................................
8 ........................................................................
9 ........................................................................
0 ........................................................................
1 ........................................................................
2 ........................................................................
3 ........................................................................
4 ........................................................................
5 ........................................................................
6 ........................................................................
7 ........................................................................
8 ........................................................................
9 ........................................................................
0 .................................................r......................
1 ........................................................................
2 ....................................r...................................
3 ........................................................................
4 ........................................................................
5 ........................................................................
6 ........................................................................
7 ........................................................................
8 ........................................................................
9 ........................................................................
0 ........................................................................
1 .............................................................r..........
2 .............................................r..........................
3 ........................................................................
4 ........................................................................
5 ........................................................................
6 ..........f.......................................f.....................
7 .................................f................f.....................
8 ........................................................................
9 ........................................................................
0 ........................................................................
1 ......................................................................r.
2 .......................................................................r
3 ........................................................................
4 ........................................................................
5 ........................................................................
6 ............................................................r.r.........
7 ...............................r........................................
8 ........................................................................
9 ........................................................................
0 ........................................................................
1 ...r.................................................r..................

Turn = 600.
  012345678901234567890123456789012345678901234567890123456789012345678901
0 r..r..............r.....................................r...............
1 ........................................................................
2 r.................r.....................................................
3 ......r..........................r...............r......................
4 ........................................................................
5 ........................................................................
6 ........................................................................
7 ........................................................................
8 ........................................................................
9 ........................................................................
0 .......................................................................r
1 ..................................ttt...................................
2 ...................................t................f...................
3 ........................................................................
4 ........................................................................
5 ........................................................................
6 ........................................................................
7 ........................................................................
8 ........................................................................
9 ........................................................................
0 ........................................................................
1 ...........................................................f............
2 ........................................................................
3 ........................................................................
4 ........................................................................
5 ............................................r...........................
6 ........................................................................
7 ........................................................................
8 ........................................................................
9 ........................................................................
0 ..................r.....................................................
1 ........................................................................
2 ........................................................................
3 ........................r....................................r..........
4 ........................................................................
5 ........................................................................
6 ............................r...........................................
7 ...........................r............................................
8 ........................................................................
9 .......................................................................r
0 ........................................................................
1 ........................................................................
2 ......r.......................................................r.........
3 .....r..................................................................
4 ........................................................................
5 ........................................................................
6 .............................................r..........................
7 ........................................................................
8 ........................................................................
9 ........................................................................
0 ........................................................................
1 ........................................................................
2 ........................................................................
3 ........................................................................
4 .......................................................................r
5 ........................................................................
6 ..........f.......................................f.....................
7 .................................f................f.....................
8 ........................................................................
9 ........................................................................
0 ........................................................................
1 ........................................................................
2 ...................................................r....................
3 ........r...............................................................
4 ..................................................rr....................
5 r.......................................................................
6 ........................................................................
7 ........................................................................
8 ........................................................................
9 ........................................................................
0 ........................................................................
1 .................r.......r...................r..........................

Turn = 700.
  012345678901234567890123456789012345678901234567890123456789012345678901
0 ...............r.............................................r..........
1 ................................................r.......................
2 ........................................................................
3 .................................................r......................
4 ..................................................r.....................
5 ........................................................................
6 ........................................................................
7 .....................................................................r..
8 ....................................................................r...
9 ........................................................................
0 ........................................................................
1 ..................................ttt...................................
2 ...................................tt...............f...................
3 ...................................t......................r.............
4 ...........................................................r............
5 ......................................................................r.
6 .......................................................................r
7 ........................................................................
8 ........................................................................
9 ........................................................................
0 ........................................................................
1 ...................................................................r....
2 ........................................................................
3 ........................................................................
4 .......................................................................r
5 ........................................................................
6 .......................................................................r
7 r..........r............................................................
8 ...........r............................................................
9 ........................................................................
0 ........................................................................
1 ........................................................................
2 .......................................................................r
3 ........................................................................
4 ........................................................................
5 ........................................................................
6 .......r...............................................................r
7 ........................................................................
8 ........................................................................
9 ........................................................................
0 ........................................................................
1 ........................................................................
2 .....r..................................................................
3 ........................................................................
4 ........................................................................
5 ........................................................................
6 ........................................................................
7 ........................................................................
8 ........................................................................
9 ..............r.........................................................
0 ........................................................................
1 ........................................................................
2 .............r.........................................................r
3 ......r.....r...........................................................
4 .....r..................................................................
5 ........................................................................
6 ..........f.............................................................
7 ........................................................................
8 ........................................................................
9 ........................................................................
0 ........................................................................
1 .............................................r..........................
2 ........................................................................
3 ........................................................................
4 ........................................................................
5 ........................................................................
6 ........................................................................
7 ........................................................................
8 ........................................................................
9 ........................................................................
0 ........................................................................
1 ........r..............r..r....r........................................

Turn = 800.
  012345678901234567890123456789012345678901234567890123456789012345678901
0 .....................................................r..................
1 ...........................................................r.r...r......
2 ........................................................................
3 ........................................................................
4 ........................................................................
5 ........................................................................
6 ........................................................................
7 ........................................................................
8 ........................................................................
9 ........................................................................
0 r......................................................................r
1 ..................................tttt..................................
2 ...................................tt...............f...................
3 ........................................................................
4 .......................................................................r
5 r........r..............................................................
6 ........r...............................................................
7 ........................................................................
8 r.................r.....................................................
9 ...................r....................................................
0 ........................................................................
1 ...........r............................................................
2 ........................................................................
3 ........................................................................
4 ........................................................................
5 ........................................................................
6 ..................r......r.............................................r
7 r.........................r.............................................
8 ........................................................................
9 ........................................................................
0 r.......................r...............................................
1 ........................................................................
2 ........................................................................
3 ........................................................................
4 .......................................................................r
5 ........................................................................
6 ........................................................................
7 ........................................................................
8 ........................................................................
9 ........................................................................
0 ........................................................................
1 ........................................................................
2 ..........................................r.............................
3 ........................................................................
4 ........................................................................
5 ........................................................................
6 ..................................................r.....................
7 ........................................................................
8 ................................................r.......................
9 ........................................................................
0 ........................................................................
1 ........................................................................
2 ...................................r....................................
3 ........................................................................
4 ........................................................................
5 ........................................................................
6 ..........f.............................................................
7 ........................................................................
8 ........................................................................
9 ........................................................................
0 ........................................................................
1 .......................r......................................r.........
2 ..............................................................r.........
3 ........................................................................
4 ........................................................................
5 ........................................................................
6 ........................................................................
7 ........................................................................
8 ........................r...............................................
9 ........................................................................
0 ........................................................................
1 ..................................................................r..r..

Turn = 900.
  012345678901234567890123456789012345678901234567890123456789012345678901
0 .........rr.....................................r.r.....................
1 .......r................................................................
2 r.......................................................................
3 r.......................................................................
4 ........................................................................
5 ........................................................................
6 ........................................................................
7 ........................................................................
8 ........................................................................
9 r.......................................................................
0 r.......................................................................
1 ..................................tttt..................................
2 ...................................tt...................................
3 ........................................................................
4 ........................................................................
5 ........................................................................
6 ........................................................................
7 ........................................................................
8 ........................................................................
9 .........................r..r..r........................................
0 ........................................................................
1 ........................................................................
2 ........................................................................
3 ........................................................................
4 ........................................................................
5 ........................................................................
6 .r......................................................................
7 ........................................................................
8 ...................r....................................................
9 ..................r.....................................................
0 ........................................................................
1 ........................................................................
2 ........................................................................
3 ........................................................................
4 ........................................................................
5 ........................................................................
6 ........................................................................
7 ........................................................................
8 ........................................................................
9 ........................................................................
0 ........................................................................
1 ........................................................................
2 ........r...............................................................
3 ........................................................................
4 ........................................................................
5 ........................................................................
6 r.......................................................................
7 ........................................................................
8 ....................................................r...................
9 ........................................................................
0 ........................................................................
1 ........................................................................
2 ........................................................................
3 ........................................................................
4 ........................................................................
5 ........................................................................
6 ..........f.............................................................
7 ........................................................................
8 ........................................................................
9 ........................................................................
0 .......................................................................r
1 ....................................................................r...
2 .....................................................................r..
3 ...............................r........................................
4 ................................r.r.....................................
5 ........................................................................
6 ......................................r.................................
7 ...........................................................r............
8 ......................................r....................r............
9 .....................................................r..................
0 ........................................................................
1 ...r..r......r...............................................r..........

Turn = 1000.
  012345678901234567890123456789012345678901234567890123456789012345678901
0 .........................................r.......r..r.............r.....
1 ...............................................r........................
2 ........................................................................
3 .....................................r..................................
4 ....................................r...................................
5 ........................................................................
6 ........................................................................
7 ..............................................................r.........
8 ........................................................................
9 ........................................................................
0 ...................................t....................................
1 ..................................tttt..................................
2 ...................................ttt.....rr.r.........................
3 ......................................................................r.
4 .......................................................................r
5 ........................................................................
6 .......................................................................r
7 .....................................................................r..
8 ........................................................................
9 ........................................................................
0 ......................................................................r.
1 ........................................................................
2 .....................................................................r..
3 .....................................................................r..
4 ........................................................................
5 ........................................................................
6 ........................................................................
7 r.......................................................................
8 ........................................................................
9 ........................................................................
0 ........................................................................
1 ........................................................................
2 ........................................................................
3 ........................................................................
4 ........................................................................
5 ........................................................................
6 ........................................................................
7 ........................................................................
8 ........................................................................
9 ........................................................................
0 ........................................................................
1 ........................................................................
2 .....r..................................................................
3 ........................................................................
4 ........................................................................
5 ........................................................................
6 ........................................................................
7 ........................................................................
8 r.......................................................................
9 ........................................................................
0 ........................................................................
1 ........................................................................
2 ........................................................................
3 ........................................................................
4 r.......................................................................
5 ........................................................................
6 ..........f.............................................................
7 r.......................................................................
8 ........................................................................
9 ........................................................................
0 ........................................................................
1 ........................................................................
2 ........................................................................
3 ........................................................................
4 ........................................................................
5 ........................................................................
6 ........................................................................
7 ........................................................................
8 ..............r.r.......................................................
9 ........................................................................
0 .r........r.............................................................
1 ...............r......r............r.....r..............................

*** Darwin 72x72 with Best ***
*** Darwin 2x1 ***
Turn = 0.
  0
0 f
1 t

Turn = 1.
  0
0 f
1 t

*** Darwin 10x1 ***
Turn = 0.
  0
0 t
1 r
2 t
3 r
4 t
5 r
6 t
7 r
8 t
9 r

Turn = 1.
  0
0 t
1 t
2 t
3 t
4 t
5 t
6 t
7 t
8 t
9 t

*** Darwin 3x3 ***
Turn = 0.
  012
0 fff
1 frf
2 fff

Turn = 1.
  012
0 frf
1 frf
2 fff

Turn = 2.
  012
0 frr
1 frf
2 fff

Turn = 3.
  012
0 frr
1 rrr
2 fff

Turn = 4.
  012
0 frr
1 rrr
2 fff

Turn = 5.
  012
0 rrr
1 rrr
2 rrr

*** Darwin 10x10 ***
Turn = 0.
  0123456789
0 h........h
1 ..........
2 ..........
3 ..........
4 ..........
5 .....r....
6 ..........
7 ..........
8 ..........
9 h........h

Turn = 7.
  0123456789
0 h.........
1 ..........
2 h.........
3 ..........
4 .........h
5 .........h
6 ..........
7 ..........
8 ..........
9 ...r......

Turn = 14.
  0123456789
0 h.........
1 h.........
2 ..........
3 ..........
4 .........h
5 .........h
6 ..........
7 ..........
8 r.........
9 ..........

Turn = 21.
  0123456789
0 h.........
1 r.........
2 r.........
3 ..........
4 .........h
5 .........h
6 ..........
7 ..........
8 ..........
9 ..........

Turn = 28.
  0123456789
0 .....r....
1 ..........
2 ......r...
3 ..........
4 .........h
5 r........h
6 ..........
7 ..........
8 ..........
9 ..........

Turn = 35.
  0123456789
0 ..........
1 ..........
2 .........r
3 .........r
4 .........r
5 .........r
6 ..........
7 ..........
8 ..........
9 ..r.......

*** Darwin 120x1 ***
Turn = 0.
  0
0 t
1 .
2 .
3 .
4 .
5 .
6 .
7 .
8 .
9 .
0 .
1 .
2 .
3 .
4 .
5 .
6 .
7 .
8 .
9 .
0 .
1 .
2 .
3 .
4 .
5 .
6 .
7 .
8 .
9 .
0 .
1 .
2 .
3 .
4 .
5 .
6 .
7 .
8 .
9 .
0 .
1 .
2 .
3 .
4 .
5 .
6 .
7 .
8 .
9 .
0 .
1 .
2 .
3 .
4 .
5 .
6 .
7 .
8 .
9 .
0 .
1 .
2 .
3 .
4 .
5 .
6 .
7 .
8 .
9 .
0 .
1 .
2 .
3 .
4 .
5 .
6 .
7 .
8 .
9 .
0 .
1 .
2 .
3 .
4 .
5 .
6 .
7 .
8 .
9 .
0 .
1 .
2 .
3 .
4 .
5 .
6 .
7 .
8 .
9 .
0 .
1 .
2 .
3 .
4 .
5 .
6 .
7 .
8 .
9 .
0 .
1 .
2 .
3 .
4 .
5 .
6 .
7 .
8 .
9 h

Turn = 122.
  0
0 t
1 t
2 .
3 .
4 .
5 .
6 .
7 .
8 .
9 .
0 .
1 .
2 .
3 .
4 .
5 .
6 .
7 .
8 .
9 .
0 .
1 .
2 .
3 .
4 .
5 .
6 .
7 .
8 .
9 .
0 .
1 .
2 .
3 .
4 .
5 .
6 .
7 .
8 .
9 .
0 .
1 .
2 .
3 .
4 .
5 .
6 .
7 .
8 .
9 .
0 .
1 .
2 .
3 .
4 .
5 .
6 .
7 .
8 .
9 .
0 .
1 .
2 .
3 .
4 .
5 .
6 .
7 .
8 .
9 .
0 .
1 .
2 .
3 .
4 .
5 .
6 .
7 .
8 .
9 .
0 .
1 .
2 .
3 .
4 .
5 .
6 .
7 .
8 .
9 .
0 .
1 .
2 .
3 .
4 .
5 .
6 .
7 .
8 .
9 .
0 .
1 .
2 .
3 .
4 .
5 .
6 .
7 .
8 .
9 .
0 .
1 .
2 .
3 .
4 .
5 .
6 .
7 .
8 .
9 .

*** Darwin 50x50 ***
Turn = 0.
  01234567890123456789012345678901234567890123456789
0 r.................................................
1 r.................................................
2 r.................................................
3 r.................................................
4 r.................................................
5 r.................................................
6 r.................................................
7 r.................................................
8 r.................................................
9 r.................................................
0 r.................................................
1 r.................................................
2 r.................................................
3 r.................................................
4 r.................................................
5 r.................hhh....hhh......................
6 r.................hhh....hhh......................
7 r.................hhh....hhh......................
8 r.................hhh....hhh......................
9 r.................hhh....hhh...hhh................
0 r.................hhh....hhh...hhh................
1 r.................hhhhhhhhhh......................
2 r.................hhhhhhhhhh...hhh................
3 r.................hhh....hhh...hhh................
4 r.................hhh....hhh...hhh................
5 r.................hhh....hhh...hhh................
6 r.................hhh....hhh...hhh................
7 r.................hhh....hhh...hhh................
8 r.................hhh....hhh...hhh................
9 r.................hhh....hhh...hhh................
0 r.................................................
1 r.................................................
2 r.................................................
3 r.................................................
4 r.................................................
5 r.................................................
6 r.................................................
7 r.................................................
8 r.................................................
9 r.................................................
0 r.................................................
1 r.................................................
2 r.................................................
3 r.................................................
4 r.................................................
5 r.................................................
6 r.................................................
7 r.................................................
8 r.................................................
9 ..................................................

Turn = 50.
  01234567890123456789012345678901234567890123456789
0 ...rr................rhrrr....rrrh................
1 ..rr....r............rr.rr...r.rrh................
2 rrrrr...rr..........r.r.....rrrrrr................
3 rr.r....r...r..r...r.....r..r.rrrr................
4 r.rr..........rr..r..r........rrrr................
5 rrrr.......r...rrr.......rrr.r.rrrr...............
6 rrr.r............rr..r..rr....rrr.................
7 .r...................r..r.r..r....................
8 rr..r................rr...r.....r.................
9 r......r..r....r..r............r.r.r..............
0 r..r..r..r.......r.r........r..........r..........
1 r.r........r....................r.......r.........
2 r..rr.............................................
3 .r................................................
4 ....r.............................................
5 ..r.r.........................rr.................r
6 .................................................r
7 r...................rr...........................r
8 .................................................r
9 ........................r........................r
0 r........................................r........
1 .........................................r.r..r..r
2 r.................................................
3 ..................................................
4 ..r..............................................r
5 ....................r............................r
6 .................................................r
7 ..................................................
8 ...............................................r..
9 ...............................................r..
0 ....................r.............................
1 .................................................r
2 .................................................r
3 ....................r............................r
4 ..................................................
5 .............................................r....
6 ..................................................
7 ......................................r..r..r.r..r
8 ......................................r..r........
9 ...............r.................................r
0 ................r.................................
1 .................r................................
2 ..................................................
3 ..................................................
4 ..............................................r..r
5 ..................................................
6 .................................................r
7 .................................................r
8 r.................................................
9 ................................................r.

Turn = 100.
  01234567890123456789012345678901234567890123456789
0 rr.r.........r...rrr.rhrrr......r...r.............
1 r....................rrr..rr......................
2 r..........r.r...........rr.......................
3 r.........r.r...................rr................
4 r.r...............................................
5 ..................r...............................
6 r........rr.......r...............................
7 ..r.r...r......................rr.................
8 r..............r........................r........r
9 ..............r......................r.rr...r.....
0 ..............................r...................
1 r.r..............r................................
2 ...........................r......................
3 r...................r.......r.....................
4 ...............r..................................
5 r...r.........r....r........................r.....
6 ..........rr.r.................r..............r...
7 r.....r.r...r.................r...................
8 ............r.....................................
9 r......................................r.......r..
0 ........r...................................r..r..
1 ................................................rr
2 ...........................................r...r..
3 ..rr.............................................r
4 ....rr............................................
5 ........r.................................rr......
6 ..........rr......r.........................rrr.r.
7 ....r.......r..............................r......
8 ............................r....r................
9 ........................r.......r................r
0 .............r....................................
1 r.....r...........................................
2 ..rr.r.................r..........................
3 r...............r.................................
4 ..r...............................................
5 ....................r....rr...r...................
6 .........rr.....................r................r
7 .......rr.........................................
8 .......r..........................................
9 r.............................r...................
0 ....r.............................................
1 ..................................................
2 r..r......................................r.......
3 .r.....r.....................r....................
4 ........r.....................r..........r...r....
5 .........r..r......r......r.......................
6 .r.r......r...r...........r.r....................r
7 .rr..........r......r.............................
8 ..r..r..........rr.................r..............
9 rr.r.rr..r..r...r......r....r.r..rr.r.............

