valgrind RunDarwin
==17070== Memcheck, a memory error detector
==17070== Copyright (C) 2002-2011, and GNU GPL'd, by Julian Seward et al.
==17070== Using Valgrind-3.7.0 and LibVEX; rerun with -h for copyright info
==17070== Command: RunDarwin
==17070== 
*** Darwin 8x8 ***
Turn 0
 01234567
0f.......
1........
2........
3...hh...
4...hh...
5........
6........
7.......f
Turn 1
 01234567
0f.......
1........
2...h....
3.....h..
4..h.....
5....h...
6........
7.......f
Turn 2
 01234567
0f.......
1...h....
2........
3......h.
4.h......
5........
6....h...
7.......f
Turn 3
 01234567
0f..h....
1........
2........
3.......h
4h.......
5........
6........
7....h..f
Turn 4
 01234567
0f..h....
1........
2........
3.......h
4h.......
5........
6........
7....h..f
Turn 5
 01234567
0f..h....
1........
2........
3.......h
4h.......
5........
6........
7....h..f
*** Darwin 7x9 ***
Turn 0
 012345678
0t........
1.........
2.........
3..h......
4.........
5....r....
6........t
Turn 1
 012345678
0t........
1.........
2.........
3...h.....
4....r....
5.........
6........t
9
infect
Turn 2
 012345678
0t........
1.........
2.........
3....r....
4....r....
5.........
6........t
Turn 3
 012345678
0t........
1.........
2.........
3....rr...
4.........
5.........
6........t
Turn 4
 012345678
0t........
1.........
2....r....
3......r..
4.........
5.........
6........t
Turn 5
 012345678
0t........
1....r....
2.........
3.......r.
4.........
5.........
6........t
*** Darwin 1x1 ***
Turn 0
 0
0t
Turn 1
 0
0t
Turn 2
 0
0t
Turn 3
 0
0t
Turn 4
 0
0t
Turn 5
 0
0t
*** Darwin 1x2 ***
Turn 0
 01
0h.
Turn 1
 01
0.h
Turn 2
 01
0.h
Turn 3
 01
0.h
Turn 4
 01
0.h
Turn 5
 01
0.h
*** Darwin 2x2 ***
Turn 0
 01
0r.
1..
Turn 1
 01
0.r
1..
Turn 2
 01
0.r
1..
Turn 3
 01
0..
1.r
Turn 4
 01
0..
1.r
Turn 5
 01
0..
1.r
*** Darwin 2x2 ***
Turn 0
 01
0ft
1..
3
infect
Turn 1
 01
0tt
1..
Turn 2
 01
0tt
1..
Turn 3
 01
0tt
1..
Turn 4
 01
0tt
1..
Turn 5
 01
0tt
1..
*** Darwin 2x2 ***
Turn 0
 01
0f.
1.f
Turn 1
 01
0f.
1.f
Turn 2
 01
0f.
1.f
Turn 3
 01
0f.
1.f
Turn 4
 01
0f.
1.f
Turn 5
 01
0f.
1.f
*** Darwin 5x5 ***
Turn 0
 01234
0.....
1.....
2.....
3.....
4.....
Turn 1
 01234
0.....
1.....
2.....
3.....
4.....
Turn 2
 01234
0.....
1.....
2.....
3.....
4.....
Turn 3
 01234
0.....
1.....
2.....
3.....
4.....
Turn 4
 01234
0.....
1.....
2.....
3.....
4.....
Turn 5
 01234
0.....
1.....
2.....
3.....
4.....
*** Darwin 3x3 ***
Turn 0
 012
0..h
1...
2...
Turn 1
 012
0.h.
1...
2...
Turn 2
 012
0h..
1...
2...
Turn 3
 012
0h..
1...
2...
Turn 4
 012
0h..
1...
2...
Turn 5
 012
0h..
1...
2...
*** Darwin 2x2 ***
Turn 0
 01
0fh
1tr
9
infect
Turn 1
 01
0fh
1rr
Turn 2
 01
0fh
1rr
9
infect
Turn 3
 01
0fr
1rr
9
infect
Turn 4
 01
0rr
1rr
Turn 5
 01
0rr
1rr
==17070== 
==17070== HEAP SUMMARY:
==17070==     in use at exit: 122,880 bytes in 6 blocks
==17070==   total heap usage: 624 allocs, 618 frees, 220,052 bytes allocated
==17070== 
==17070== LEAK SUMMARY:
==17070==    definitely lost: 0 bytes in 0 blocks
==17070==    indirectly lost: 0 bytes in 0 blocks
==17070==      possibly lost: 0 bytes in 0 blocks
==17070==    still reachable: 122,880 bytes in 6 blocks
==17070==         suppressed: 0 bytes in 0 blocks
==17070== Rerun with --leak-check=full to see details of leaked memory
==17070== 
==17070== For counts of detected and suppressed errors, rerun with: -v
==17070== ERROR SUMMARY: 0 errors from 0 contexts (suppressed: 2 from 2)
