RunDarwin
*** Darwin 8x8 ***
Turn = 0.
  01234567
0 f.......
1 ........
2 ........
3 ...hh...
4 ...hh...
5 ........
6 ........
7 .......f

Turn = 1.
  01234567
0 f.......
1 ........
2 ...h....
3 .....h..
4 ..h.....
5 ....h...
6 ........
7 .......f

Turn = 2.
  01234567
0 f.......
1 ...h....
2 ........
3 ......h.
4 .h......
5 ........
6 ....h...
7 .......f

Turn = 3.
  01234567
0 f..h....
1 ........
2 ........
3 .......h
4 h.......
5 ........
6 ........
7 ....h..f

Turn = 4.
  01234567
0 f..h....
1 ........
2 ........
3 .......h
4 h.......
5 ........
6 ........
7 ....h..f

Turn = 5.
  01234567
0 f..h....
1 ........
2 ........
3 .......h
4 h.......
5 ........
6 ........
7 ....h..f

*** Darwin 7x9 ***
Turn = 0.
  012345678
0 t........
1 .........
2 .........
3 ..h......
4 .........
5 ....r....
6 ........t

Turn = 1.
  012345678
0 t........
1 .........
2 .........
3 ...h.....
4 ....r....
5 .........
6 ........t

Turn = 2.
  012345678
0 t........
1 .........
2 .........
3 ....r....
4 ....r....
5 .........
6 ........t

Turn = 3.
  012345678
0 t........
1 .........
2 .........
3 ....rr...
4 .........
5 .........
6 ........t

Turn = 4.
  012345678
0 t........
1 .........
2 ....r....
3 ......r..
4 .........
5 .........
6 ........t

Turn = 5.
  012345678
0 t........
1 ....r....
2 .........
3 .......r.
4 .........
5 .........
6 ........t

*** Darwin 72x72 without Best ***
Turn = 0.
  012345678901234567890123456789012345678901234567890123456789012345678901
0 .................................t..........................f...........
1 ...................r....................................................
2 ........................................................................
3 ......................................t.................................
4 ........................................................................
5 ........................................................................
6 ........................................................................
7 ........................................................................
8 ..............r.........................................................
9 ........................................................................
0 ........................................................................
1 ....................................t...................................
2 ....................................................f...................
3 ..t.....................................................................
4 ........................................................................
5 ........................................................................
6 ........................................................................
7 ........................................................................
8 ........................................................................
9 ........................................................................
0 ...........r.........................................................r..
1 ...........................................................f............
2 ........................................................................
3 ......................................................................t.
4 ........................................................................
5 ......................................................t.................
6 ........................................................................
7 ........................................................................
8 .........................................h..............................
9 ........................................................................
0 ......................................................h.................
1 ........................................................................
2 ........................................................................
3 .....h..................................................................
4 ........................................................................
5 ...............h........................................................
6 ........................................................................
7 ........................................................................
8 ........................................................................
9 ...................................h....................................
0 ........................................................................
1 ........................................................................
2 ........................................................................
3 .............................................r..........................
4 .........f..............................................................
5 ........................................................................
6 .......................................................f................
7 ...................................................t..........h.........
8 ........................................................................
9 ........................................................................
0 ..............r.........................................................
1 ....................................................................t...
2 ...................h...............................................h....
3 ........................................................................
4 .............................r..........................................
5 ................................r.......................................
6 ..........f.......................................f.....................
7 .................................f................f.....................
8 ........................................................................
9 ........................................................................
0 ........................................................................
1 ............................................r...........................
2 .h......................................................................
3 ........................................................t...............
4 ........................................................................
5 ........................................................................
6 .................................................t......................
7 ........................................................................
8 ........................................................................
9 .........................................f..............................
0 ....r.........................................................h.........
1 ........................................................................

Turn = 100.
  012345678901234567890123456789012345678901234567890123456789012345678901
0 ................................r.......r.r..........r..................
1 ........................................................................
2 ........................................................................
3 ......................................t.................................
4 ........................................................................
5 ........................................................................
6 ........................................................................
7 ........................................................................
8 ........................................................................
9 ........................................................................
0 ........................................................................
1 ...................................tt...................................
2 ....................................................f...................
3 ..t.....................................................................
4 ........................................................................
5 ........................................................................
6 ........................................................................
7 ........................................................................
8 ........................r....................................r..........
9 ........................................................................
0 ........................................................................
1 ...........................................................f............
2 ........................................................................
3 ......................................................................t.
4 .................r......................................................
5 ...............r......................................t.................
6 ................r.......................................................
7 ........................................................................
8 ...r.........................................r..........................
9 ............................................r...........................
0 ........................................................................
1 .........................................r..............................
2 ........................................................................
3 ........................................................................
4 ........................................................................
5 ........................................................................
6 ........................................................................
7 ........................................................................
8 ........................................................................
9 ........................................................................
0 ........................................................................
1 ........................................................................
2 ........................................................................
3 ........................................................................
4 .........f..............................................................
5 ........................................................................
6 .......................................................f................
7 ...................................................t....................
8 ........................................................................
9 ........................................................................
0 ........................................................................
1 ....................................................................t...
2 ........................................................................
3 .................r......................................................
4 ........................................................................
5 ........................................................................
6 ..........f.......................................f.....................
7 .................................f................f.....................
8 ........................................................................
9 ........................................................................
0 ........................................................................
1 ........................................r...............................
2 ........................................r...............................
3 ........................................................t...............
4 ........................................................................
5 ........................................................................
6 .................................................t......................
7 ........................................................................
8 ........................................................................
9 .........................................f..............................
0 ........................................................................
1 .r...h.............h..........r.................r.......................

Turn = 200.
  012345678901234567890123456789012345678901234567890123456789012345678901
0 ..................r.....r...........r............................r......
1 ........................................................................
2 ........................................................................
3 ......................................t.................................
4 ........................................................................
5 ........................................................................
6 ........................................................................
7 .................................r......................................
8 ..................................r.....................................
9 ........................................................................
0 ........................................................................
1 ...................................tt...................................
2 ....................................................f...................
3 ..t.....................................................................
4 ........................................................................
5 ........................................................................
6 ........................................................................
7 ........................................................................
8 ........................................................................
9 ........................................................................
0 ........................................................................
1 ...........................................................f............
2 ........................................................................
3 ......................................................................t.
4 ........................................................................
5 ......................................................t.................
6 ........................r...............................................
7 ........................................................................
8 ........................................................................
9 ........................................................................
0 ........................................................r...............
1 ........................................................................
2 ........................................................................
3 ........................................................................
4 .................................................r......................
5 .rr...............................................r.....................
6 ........................................................................
7 ........................................................................
8 ........................................................................
9 ........................................................................
0 ........................................................................
1 ........................................................................
2 r.......................................................................
3 ........................................................................
4 .........f..............................................................
5 ........................................................................
6 .......................................................f................
7 ...................................................t...................r
8 ........................................................................
9 ............................................r..........................r
0 ........................................................................
1 ....................................................................t...
2 ........................................................................
3 ........................................................................
4 ........................................................................
5 ........................................................................
6 ..........f.......................................f.....................
7 .................................f................f.....................
8 ........................................................................
9 ........................................................................
0 ........................................................................
1 ........................................................................
2 ........................................................................
3 .......................r................................................
4 ........................................................................
5 ........................................................................
6 .............................rr..................t......................
7 ........................................................................
8 ........................................................................
9 .........................................f..............................
0 ........................................................................
1 ...........................................................r...r..r.....

Turn = 300.
  012345678901234567890123456789012345678901234567890123456789012345678901
0 ......................r..................................r..............
1 ........................................................................
2 ....................................................r...................
3 rr....................................t............r....................
4 ........................................................................
5 ........................................................................
6 ........................................................................
7 ........................................................................
8 ..........r.............................................................
9 ........................................................................
0 ........................................................................
1 ...................................tt...................................
2 ....................................................f...................
3 ..t....................................................r................
4 ..t...................................................r.................
5 ........................................................................
6 ........................................................................
7 .....................................r..................................
8 ........................................................................
9 ........................................................................
0 ........................................................................
1 ...........................................................f............
2 ........................................................................
3 .......................................................................t
4 .......................................................................t
5 rr......................................................................
6 ..............................r.........................................
7 ........................................................................
8 ........................................................................
9 ........................................................................
0 ...........................r............................................
1 ........................................................................
2 .........r..............................................................
3 ........................................................................
4 ........................................................................
5 ........................................................................
6 ........................................................................
7 ........................................................................
8 ........................................................................
9 ........................................................................
0 ........................................................................
1 r.......................................................................
2 ........................................................................
3 ........................................................................
4 ........................................................................
5 ........................................................................
6 ........................................................................
7 .............r..........................................................
8 .....r..................................................................
9 ....................................................................r...
0 .....................................................................r..
1 ....................................................................t...
2 ........................................................................
3 ........................................................................
4 ........................................................................
5 ........................................................................
6 ........r.f.......................................f.....................
7 .................................f................f.....................
8 ........................................................................
9 ........................................................................
0 ........................................................................
1 ........................................................................
2 ........................................................................
3 ........................................................................
4 ........................................................................
5 .......................................................................r
6 .................................................t......................
7 ........................................................................
8 ........................................................................
9 .........................................f..............................
0 ....................................................................r...
1 ............r...........................................................

Turn = 400.
  012345678901234567890123456789012345678901234567890123456789012345678901
0 ......................................r.............r...............r...
1 ........................................................................
2 ........................................................................
3 ...............................................r.......................r
4 .......................................................................r
5 ........................................................................
6 ........................................................................
7 ........................................................................
8 ........................................................................
9 ........................................................................
0 ........................................................................
1 ...................................tt...................................
2 ....................................................f...................
3 .........................................................r..........r...
4 ........................................................................
5 ........................................................................
6 ........................................................................
7 ........................................................................
8 ........................................................................
9 ........................................................................
0 ........................................................................
1 ...........................................................f............
2 ........................................................................
3 .........................r..............................................
4 ........................................................................
5 ........................................................................
6 .......................................................................r
7 .......................................................................r
8 ........................................................................
9 ........................................................................
0 ........................................................................
1 ........................................................................
2 ........................................................................
3 ........................................................................
4 .......................................................................r
5 ........................................................................
6 ........................................................................
7 ........................................................................
8 ........................................................................
9 ........................................................................
0 ........................................................................
1 ...............................................................r........
2 ........................................................................
3 .............................................................r..........
4 ................................................................r.......
5 ........................................................................
6 ........................................................................
7 ........................................................................
8 r.......................................................................
9 r.......................................................................
0 ........................................................................
1 r.......................................................................
2 .............r..........................................................
3 .......................r................................................
4 ........................r...............................................
5 ........................................................................
6 ..........f.......................................f.....................
7 .................................f................f.....................
8 ............r....r......................................................
9 ........................................................................
0 ........................................................................
1 ........................................................................
2 ....r...................................................................
3 ........................................................................
4 ........................................................................
5 ........................................................................
6 .................................................t......................
7 ........................................................r...............
8 r.......................................................................
9 ........................................................................
0 r.......................................................................
1 .r....................rr..............................r.................

Turn = 500.
  012345678901234567890123456789012345678901234567890123456789012345678901
0 ............rr............r......r........................r.............
1 r......................r.......r........................................
2 r.........................r.............................................
3 .r......................................................................
4 ..................................................r.....................
5 ..................................................r.....................
6 ................r.......................................................
7 r.......................................................................
8 ........................................................................
9 .....................................r..................................
0 ........................................................................
1 r..................................tt...................................
2 ...................................r................f...................
3 ........................................................................
4 ..................................r....r................................
5 ........................................................................
6 ......r.................................................................
7 ........................................................................
8 ........................................................................
9 ........................................................................
0 ........................................................................
1 ...........................................................f............
2 ........................................................................
3 ........................................................................
4 ........................................................................
5 ........................................................................
6 ........................................................................
7 ........................................................................
8 ........................................................................
9 ........................................................................
0 ........................................................................
1 ........................................................................
2 ........................................................................
3 ........................................................................
4 ........................................................................
5 ........................................................................
6 ........................................................................
7 ........................................................................
8 ........................................................................
9 ........................................................................
0 .................................................r......................
1 ........................................................................
2 ....................................r...................................
3 ........................................................................
4 ........................................................................
5 ........................................................................
6 ........................................................................
7 ........................................................................
8 ........................................................................
9 ........................................................................
0 ........................................................................
1 .............................................................r..........
2 .............................................r..........................
3 ........................................................................
4 ........................................................................
5 ........................................................................
6 ..........f.......................................f.....................
7 .................................f................f.....................
8 ........................................................................
9 ........................................................................
0 ........................................................................
1 ......................................................................r.
2 .......................................................................r
3 ........................................................................
4 ........................................................................
5 ........................................................................
6 ............................................................r.r.........
7 ...............................r........................................
8 ........................................................................
9 ........................................................................
0 ........................................................................
1 ...r.................................................r..................

Turn = 600.
  012345678901234567890123456789012345678901234567890123456789012345678901
0 r..r..............r.....................................r...............
1 ........................................................................
2 r.................r.....................................................
3 ......r..........................r...............r......................
4 ........................................................................
5 ........................................................................
6 ........................................................................
7 ........................................................................
8 ........................................................................
9 ........................................................................
0 .......................................................................r
1 ..................................ttt...................................
2 ...................................t................f...................
3 ........................................................................
4 ........................................................................
5 ........................................................................
6 ........................................................................
7 ........................................................................
8 ........................................................................
9 ........................................................................
0 ........................................................................
1 ...........................................................f............
2 ........................................................................
3 ........................................................................
4 ........................................................................
5 ............................................r...........................
6 ........................................................................
7 ........................................................................
8 ........................................................................
9 ........................................................................
0 ..................r.....................................................
1 ........................................................................
2 ........................................................................
3 ........................r....................................r..........
4 ........................................................................
5 ........................................................................
6 ............................r...........................................
7 ...........................r............................................
8 ........................................................................
9 .......................................................................r
0 ........................................................................
1 ........................................................................
2 ......r.......................................................r.........
3 .....r..................................................................
4 ........................................................................
5 ........................................................................
6 .............................................r..........................
7 ........................................................................
8 ........................................................................
9 ........................................................................
0 ........................................................................
1 ........................................................................
2 ........................................................................
3 ........................................................................
4 .......................................................................r
5 ........................................................................
6 ..........f.......................................f.....................
7 .................................f................f.....................
8 ........................................................................
9 ........................................................................
0 ........................................................................
1 ........................................................................
2 ...................................................r....................
3 ........r...............................................................
4 ..................................................rr....................
5 r.......................................................................
6 ........................................................................
7 ........................................................................
8 ........................................................................
9 ........................................................................
0 ........................................................................
1 .................r.......r...................r..........................

Turn = 700.
  012345678901234567890123456789012345678901234567890123456789012345678901
0 ...............r.............................................r..........
1 ................................................r.......................
2 ........................................................................
3 .................................................r......................
4 ..................................................r.....................
5 ........................................................................
6 ........................................................................
7 .....................................................................r..
8 ....................................................................r...
9 ........................................................................
0 ........................................................................
1 ..................................ttt...................................
2 ...................................tt...............f...................
3 ...................................t......................r.............
4 ...........................................................r............
5 ......................................................................r.
6 .......................................................................r
7 ........................................................................
8 ........................................................................
9 ........................................................................
0 ........................................................................
1 ...................................................................r....
2 ........................................................................
3 ........................................................................
4 .......................................................................r
5 ........................................................................
6 .......................................................................r
7 r..........r............................................................
8 ...........r............................................................
9 ........................................................................
0 ........................................................................
1 ........................................................................
2 .......................................................................r
3 ........................................................................
4 ........................................................................
5 ........................................................................
6 .......r...............................................................r
7 ........................................................................
8 ........................................................................
9 ........................................................................
0 ........................................................................
1 ........................................................................
2 .....r..................................................................
3 ........................................................................
4 ........................................................................
5 ........................................................................
6 ........................................................................
7 ........................................................................
8 ........................................................................
9 ..............r.........................................................
0 ........................................................................
1 ........................................................................
2 .............r.........................................................r
3 ......r.....r...........................................................
4 .....r..................................................................
5 ........................................................................
6 ..........f.............................................................
7 ........................................................................
8 ........................................................................
9 ........................................................................
0 ........................................................................
1 .............................................r..........................
2 ........................................................................
3 ........................................................................
4 ........................................................................
5 ........................................................................
6 ........................................................................
7 ........................................................................
8 ........................................................................
9 ........................................................................
0 ........................................................................
1 ........r..............r..r....r........................................

Turn = 800.
  012345678901234567890123456789012345678901234567890123456789012345678901
0 .....................................................r..................
1 ...........................................................r.r...r......
2 ........................................................................
3 ........................................................................
4 ........................................................................
5 ........................................................................
6 ........................................................................
7 ........................................................................
8 ........................................................................
9 ........................................................................
0 r......................................................................r
1 ..................................tttt..................................
2 ...................................tt...............f...................
3 ........................................................................
4 .......................................................................r
5 r........r..............................................................
6 ........r...............................................................
7 ........................................................................
8 r.................r.....................................................
9 ...................r....................................................
0 ........................................................................
1 ...........r............................................................
2 ........................................................................
3 ........................................................................
4 ........................................................................
5 ........................................................................
6 ..................r......r.............................................r
7 r.........................r.............................................
8 ........................................................................
9 ........................................................................
0 r.......................r...............................................
1 ........................................................................
2 ........................................................................
3 ........................................................................
4 .......................................................................r
5 ........................................................................
6 ........................................................................
7 ........................................................................
8 ........................................................................
9 ........................................................................
0 ........................................................................
1 ........................................................................
2 ..........................................r.............................
3 ........................................................................
4 ........................................................................
5 ........................................................................
6 ..................................................r.....................
7 ........................................................................
8 ................................................r.......................
9 ........................................................................
0 ........................................................................
1 ........................................................................
2 ...................................r....................................
3 ........................................................................
4 ........................................................................
5 ........................................................................
6 ..........f.............................................................
7 ........................................................................
8 ........................................................................
9 ........................................................................
0 ........................................................................
1 .......................r......................................r.........
2 ..............................................................r.........
3 ........................................................................
4 ........................................................................
5 ........................................................................
6 ........................................................................
7 ........................................................................
8 ........................r...............................................
9 ........................................................................
0 ........................................................................
1 ..................................................................r..r..

Turn = 900.
  012345678901234567890123456789012345678901234567890123456789012345678901
0 .........rr.....................................r.r.....................
1 .......r................................................................
2 r.......................................................................
3 r.......................................................................
4 ........................................................................
5 ........................................................................
6 ........................................................................
7 ........................................................................
8 ........................................................................
9 r.......................................................................
0 r.......................................................................
1 ..................................tttt..................................
2 ...................................tt...................................
3 ........................................................................
4 ........................................................................
5 ........................................................................
6 ........................................................................
7 ........................................................................
8 ........................................................................
9 .........................r..r..r........................................
0 ........................................................................
1 ........................................................................
2 ........................................................................
3 ........................................................................
4 ........................................................................
5 ........................................................................
6 .r......................................................................
7 ........................................................................
8 ...................r....................................................
9 ..................r.....................................................
0 ........................................................................
1 ........................................................................
2 ........................................................................
3 ........................................................................
4 ........................................................................
5 ........................................................................
6 ........................................................................
7 ........................................................................
8 ........................................................................
9 ........................................................................
0 ........................................................................
1 ........................................................................
2 ........r...............................................................
3 ........................................................................
4 ........................................................................
5 ........................................................................
6 r.......................................................................
7 ........................................................................
8 ....................................................r...................
9 ........................................................................
0 ........................................................................
1 ........................................................................
2 ........................................................................
3 ........................................................................
4 ........................................................................
5 ........................................................................
6 ..........f.............................................................
7 ........................................................................
8 ........................................................................
9 ........................................................................
0 .......................................................................r
1 ....................................................................r...
2 .....................................................................r..
3 ...............................r........................................
4 ................................r.r.....................................
5 ........................................................................
6 ......................................r.................................
7 ...........................................................r............
8 ......................................r....................r............
9 .....................................................r..................
0 ........................................................................
1 ...r..r......r...............................................r..........

Turn = 1000.
  012345678901234567890123456789012345678901234567890123456789012345678901
0 .........................................r.......r..r.............r.....
1 ...............................................r........................
2 ........................................................................
3 .....................................r..................................
4 ....................................r...................................
5 ........................................................................
6 ........................................................................
7 ..............................................................r.........
8 ........................................................................
9 ........................................................................
0 ...................................t....................................
1 ..................................tttt..................................
2 ...................................ttt.....rr.r.........................
3 ......................................................................r.
4 .......................................................................r
5 ........................................................................
6 .......................................................................r
7 .....................................................................r..
8 ........................................................................
9 ........................................................................
0 ......................................................................r.
1 ........................................................................
2 .....................................................................r..
3 .....................................................................r..
4 ........................................................................
5 ........................................................................
6 ........................................................................
7 r.......................................................................
8 ........................................................................
9 ........................................................................
0 ........................................................................
1 ........................................................................
2 ........................................................................
3 ........................................................................
4 ........................................................................
5 ........................................................................
6 ........................................................................
7 ........................................................................
8 ........................................................................
9 ........................................................................
0 ........................................................................
1 ........................................................................
2 .....r..................................................................
3 ........................................................................
4 ........................................................................
5 ........................................................................
6 ........................................................................
7 ........................................................................
8 r.......................................................................
9 ........................................................................
0 ........................................................................
1 ........................................................................
2 ........................................................................
3 ........................................................................
4 r.......................................................................
5 ........................................................................
6 ..........f.............................................................
7 r.......................................................................
8 ........................................................................
9 ........................................................................
0 ........................................................................
1 ........................................................................
2 ........................................................................
3 ........................................................................
4 ........................................................................
5 ........................................................................
6 ........................................................................
7 ........................................................................
8 ..............r.r.......................................................
9 ........................................................................
0 .r........r.............................................................
1 ...............r......r............r.....r..............................

*** Darwin 8x8 test***
Turn = 0.
  01234567
0 tr......
1 ........
2 f.......
3 ........
4 ........
5 ........
6 ........
7 ........

Turn = 1.
  01234567
0 rr......
1 ........
2 f.......
3 ........
4 ........
5 ........
6 ........
7 ........

Turn = 2.
  01234567
0 rr......
1 ........
2 f.......
3 ........
4 ........
5 ........
6 ........
7 ........

Turn = 3.
  01234567
0 ........
1 rr......
2 f.......
3 ........
4 ........
5 ........
6 ........
7 ........

Turn = 4.
  01234567
0 ........
1 r.......
2 rr......
3 ........
4 ........
5 ........
6 ........
7 ........

Turn = 5.
  01234567
0 ........
1 r.......
2 r.......
3 .r......
4 ........
5 ........
6 ........
7 ........

*** Darwin 1x1 test rover***
Turn = 0.
  0
0 r

Turn = 1.
  0
0 r

Turn = 2.
  0
0 r

Turn = 3.
  0
0 r

Turn = 4.
  0
0 r

Turn = 5.
  0
0 r

*** Darwin 2x2 test full map infect***
Turn = 0.
  01
0 ff
1 ft

Turn = 1.
  01
0 ft
1 ft

Turn = 2.
  01
0 ft
1 ft

Turn = 3.
  01
0 ft
1 tt

Turn = 4.
  01
0 tt
1 tt

Turn = 5.
  01
0 tt
1 tt

*** Darwin 4x4 all hoppers***
Turn = 0.
  0123
0 hh..
1 hh..
2 ....
3 ....

Turn = 1.
  0123
0 hh..
1 ....
2 hh..
3 ....

Turn = 2.
  0123
0 ....
1 hh..
2 ....
3 hh..

Turn = 3.
  0123
0 ....
1 ....
2 hh..
3 hh..

Turn = 4.
  0123
0 ....
1 ....
2 hh..
3 hh..

Turn = 5.
  0123
0 ....
1 ....
2 hh..
3 hh..

*** Darwin 3x1 one rover***
Turn = 0.
  0
0 r
1 .
2 .

Turn = 1.
  0
0 r
1 .
2 .

Turn = 2.
  0
0 r
1 .
2 .

Turn = 3.
  0
0 r
1 .
2 .

Turn = 4.
  0
0 r
1 .
2 .

Turn = 5.
  0
0 .
1 r
2 .

Turn = 6.
  0
0 .
1 .
2 r

Turn = 7.
  0
0 .
1 .
2 r

Turn = 8.
  0
0 .
1 .
2 r

Turn = 9.
  0
0 .
1 r
2 .

Turn = 10.
  0
0 r
1 .
2 .

*** Darwin 3x3 all types on board***
Turn = 0.
  012
0 rt.
1 hf.
2 ...

Turn = 1.
  012
0 rt.
1 hf.
2 ...

Turn = 2.
  012
0 rr.
1 hf.
2 ...

Turn = 3.
  012
0 rr.
1 h..
2 .r.

Turn = 4.
  012
0 r..
1 rr.
2 .r.

Turn = 5.
  012
0 r..
1 rr.
2 r..

*** Darwin 1x10 hoppers facing each other***
Turn = 0.
  0123456789
0 ..hh......

Turn = 1.
  0123456789
0 ..hh......

Turn = 2.
  0123456789
0 ..hh......

Turn = 3.
  0123456789
0 ..hh......

Turn = 4.
  0123456789
0 ..hh......

Turn = 5.
  0123456789
0 ..hh......

*** Darwin 11x11 testing printing out empty grid***
Turn = 0.
  01234567890
0 ...........
1 ...........
2 ...........
3 ...........
4 ...........
5 ...........
6 ...........
7 ...........
8 ...........
9 ...........
0 ...........

*** Darwin 11x11 test 10 foods***
Turn = 0.
  01234567890
0 ff.........
1 f..........
2 ...........
3 ...........
4 ...........
5 ...........
6 ...........
7 ...........
8 ...........
9 .........f.
0 ...........

Turn = 1.
  01234567890
0 ff.........
1 f..........
2 ...........
3 ...........
4 ...........
5 ...........
6 ...........
7 ...........
8 ...........
9 .........f.
0 ...........

Turn = 2.
  01234567890
0 ff.........
1 f..........
2 ...........
3 ...........
4 ...........
5 ...........
6 ...........
7 ...........
8 ...........
9 .........f.
0 ...........

Turn = 3.
  01234567890
0 ff.........
1 f..........
2 ...........
3 ...........
4 ...........
5 ...........
6 ...........
7 ...........
8 ...........
9 .........f.
0 ...........

Turn = 4.
  01234567890
0 ff.........
1 f..........
2 ...........
3 ...........
4 ...........
5 ...........
6 ...........
7 ...........
8 ...........
9 .........f.
0 ...........

Turn = 5.
  01234567890
0 ff.........
1 f..........
2 ...........
3 ...........
4 ...........
5 ...........
6 ...........
7 ...........
8 ...........
9 .........f.
0 ...........

Turn = 6.
  01234567890
0 ff.........
1 f..........
2 ...........
3 ...........
4 ...........
5 ...........
6 ...........
7 ...........
8 ...........
9 .........f.
0 ...........

Turn = 7.
  01234567890
0 ff.........
1 f..........
2 ...........
3 ...........
4 ...........
5 ...........
6 ...........
7 ...........
8 ...........
9 .........f.
0 ...........

Turn = 8.
  01234567890
0 ff.........
1 f..........
2 ...........
3 ...........
4 ...........
5 ...........
6 ...........
7 ...........
8 ...........
9 .........f.
0 ...........

Turn = 9.
  01234567890
0 ff.........
1 f..........
2 ...........
3 ...........
4 ...........
5 ...........
6 ...........
7 ...........
8 ...........
9 .........f.
0 ...........

Turn = 10.
  01234567890
0 ff.........
1 f..........
2 ...........
3 ...........
4 ...........
5 ...........
6 ...........
7 ...........
8 ...........
9 .........f.
0 ...........

*** Darwin 72x72 with Best ***
