*** Darwin 2x2 ***

Turn = 0.
  01234567
0 f.......
1 h.......
2 ........
3 ........
4 ........
5 ........
6 ........
7 ........

Turn = 1.
  01234567
0 f.......
1 h.......
2 ........
3 ........
4 ........
5 ........
6 ........
7 ........

Turn = 2.
  01234567
0 f.......
1 h.......
2 ........
3 ........
4 ........
5 ........
6 ........
7 ........

Turn = 3.
  01234567
0 f.......
1 h.......
2 ........
3 ........
4 ........
5 ........
6 ........
7 ........
*** Darwin 2x2 ***

Turn = 0.
  01234567
0 f.......
1 .r......
2 ........
3 ........
4 ........
5 ........
6 ........
7 ........

Turn = 1.
  01234567
0 fr......
1 ........
2 ........
3 ........
4 ........
5 ........
6 ........
7 ........

Turn = 2.
  01234567
0 fr......
1 ........
2 ........
3 ........
4 ........
5 ........
6 ........
7 ........

Turn = 3.
  01234567
0 f.r.....
1 ........
2 ........
3 ........
4 ........
5 ........
6 ........
7 ........
*** Darwin 2x2 ***

Turn = 0.
  01234567
0 tt......
1 tr......
2 ........
3 ........
4 ........
5 ........
6 ........
7 ........

Turn = 1.
  01234567
0 tt......
1 tt......
2 ........
3 ........
4 ........
5 ........
6 ........
7 ........

Turn = 2.
  01234567
0 tt......
1 tt......
2 ........
3 ........
4 ........
5 ........
6 ........
7 ........

Turn = 3.
  01234567
0 tt......
1 tt......
2 ........
3 ........
4 ........
5 ........
6 ........
7 ........
*** Darwin 10x1 ***

Turn = 0.
  0
0 h
1 .
2 .
3 .
4 .
5 .
6 .
7 .
8 .
9 r

Turn = 1.
  0
0 .
1 h
2 .
3 .
4 .
5 .
6 .
7 .
8 .
9 r

Turn = 2.
  0
0 .
1 .
2 h
3 .
4 .
5 .
6 .
7 .
8 .
9 r

Turn = 3.
  0
0 .
1 .
2 .
3 h
4 .
5 .
6 .
7 .
8 .
9 r

Turn = 4.
  0
0 .
1 .
2 .
3 .
4 h
5 .
6 .
7 .
8 .
9 r

Turn = 5.
  0
0 .
1 .
2 .
3 .
4 .
5 h
6 .
7 .
8 r
9 .

Turn = 6.
  0
0 .
1 .
2 .
3 .
4 .
5 .
6 h
7 r
8 .
9 .

Turn = 7.
  0
0 .
1 .
2 .
3 .
4 .
5 .
6 r
7 r
8 .
9 .

Turn = 8.
  0
0 .
1 .
2 .
3 .
4 .
5 .
6 r
7 r
8 .
9 .

Turn = 9.
  0
0 .
1 .
2 .
3 .
4 .
5 .
6 r
7 r
8 .
9 .

Turn = 10.
  0
0 .
1 .
2 .
3 .
4 .
5 .
6 r
7 r
8 .
9 .
*** Darwin 4x4 ***

Turn = 0.
  0123
0 tt..
1 tt..
2 ....
3 ...r

Turn = 1.
  0123
0 tt..
1 tt..
2 ....
3 ...r

Turn = 2.
  0123
0 tt..
1 tt..
2 ....
3 ..r.

Turn = 3.
  0123
0 tt..
1 tt..
2 ....
3 .r..

Turn = 4.
  0123
0 tt..
1 tt..
2 ....
3 r...

Turn = 5.
  0123
0 tt..
1 tt..
2 ....
3 r...

Turn = 6.
  0123
0 tt..
1 tt..
2 ....
3 r...

Turn = 7.
  0123
0 tt..
1 tt..
2 ....
3 r...

Turn = 8.
  0123
0 tt..
1 tt..
2 r...
3 ....

Turn = 9.
  0123
0 tt..
1 tt..
2 t...
3 ....

Turn = 10.
  0123
0 tt..
1 tt..
2 t...
3 ....
*** Darwin 10x10 ***

Turn = 0.
  0123456789
0 .r........
1 ........r.
2 ..r..f..hh
3 ....rfr...
4 .r........
5 .....r.r..
6 ......rh..
7 ..r.......
8 ..........
9 ..........

Turn = 1.
  0123456789
0 ..r.......
1 .......r..
2 ....rf..hh
3 .rr..f.r..
4 .......r..
5 ......r...
6 ..r..r....
7 .......h..
8 ..........
9 ..........

Turn = 2.
  0123456789
0 ...r......
1 ....r.r...
2 .r...f..hh
3 .....f.rr.
4 ..r...r...
5 ..r.......
6 ..........
7 .....r....
8 .......h..
9 ..........

Turn = 3.
  0123456789
0 ....r.....
1 .r..rr....
2 .....f.rhh
3 .....fr..r
4 ..r.......
5 ..r.......
6 ..........
7 ..........
8 .....r....
9 .......h..

Turn = 4.
  0123456789
0 .r...r....
1 ...rr..r..
2 .....fr.hh
3 .....f...r
4 .r........
5 .r........
6 ..........
7 ..........
8 ..........
9 .....r.h..

Turn = 5.
  0123456789
0 .r....rr..
1 ..rr..r...
2 .....f..hh
3 .....f....
4 r........r
5 r.........
6 ..........
7 ..........
8 ..........
9 .....r.h..

Turn = 6.
  0123456789
0 r.....rr..
1 .rr...r...
2 .....f..hh
3 .....f....
4 r.........
5 r........r
6 ..........
7 ..........
8 ..........
9 ....r..h..

Turn = 7.
  0123456789
0 r.....rr..
1 rr.....r..
2 .....f..hh
3 .....f....
4 r.........
5 ..........
6 r........r
7 ..........
8 ..........
9 ...r...h..

Turn = 8.
  0123456789
0 r.....rr..
1 rr......r.
2 .....f..hh
3 .....f....
4 r.........
5 ..........
6 ..........
7 r........r
8 ..........
9 ..r....h..

Turn = 9.
  0123456789
0 rr....r...
1 ......r..r
2 .r...f..hh
3 r....f....
4 ..........
5 ..........
6 ..........
7 ..........
8 r........r
9 .r.....h..

Turn = 10.
  0123456789
0 r.r..r....
1 .........r
2 r....fr.hh
3 .r...f....
4 ..........
5 ..........
6 ..........
7 ..........
8 ..........
9 rr.....h.r
*** Darwin 10x10 ***

Turn = 0.
  0123456789
0 .......t..
1 ..........
2 ..........
3 ..........
4 ....r....t
5 t........t
6 ...t..tt..
7 .......t..
8 ...t......
9 ....r...t.

Turn = 1.
  0123456789
0 .......t..
1 ..........
2 ..........
3 ..........
4 .....r...t
5 t........t
6 ...t..tt..
7 .......t..
8 ...t......
9 .....r..t.

Turn = 2.
  0123456789
0 .......t..
1 ..........
2 ..........
3 ..........
4 ......r..t
5 t........t
6 ...t..tt..
7 .......t..
8 ...t......
9 ......r.t.

Turn = 3.
  0123456789
0 .......t..
1 ..........
2 ..........
3 ..........
4 .......r.t
5 t........t
6 ...t..tt..
7 .......t..
8 ...t......
9 .......rt.

Turn = 4.
  0123456789
0 .......t..
1 ..........
2 ..........
3 ..........
4 ........tt
5 t........t
6 ...t..tt..
7 .......t..
8 ...t....r.
9 .......r..

Turn = 5.
  0123456789
0 .......t..
1 ..........
2 ..........
3 ..........
4 ........tt
5 t........t
6 ...t..tt..
7 .......tr.
8 ...t......
9 ........r.

Turn = 6.
  0123456789
0 .......t..
1 ..........
2 ..........
3 ..........
4 ........tt
5 t........t
6 ...t..ttr.
7 .......t..
8 ...t......
9 .........r

Turn = 7.
  0123456789
0 .......t..
1 ..........
2 ..........
3 ..........
4 ........tt
5 t.......rt
6 ...t..tt..
7 .......t..
8 ...t......
9 .........r

Turn = 8.
  0123456789
0 .......t..
1 ..........
2 ..........
3 ..........
4 ........tt
5 t.......tt
6 ...t..tt..
7 .......t..
8 ...t.....r
9 ..........

Turn = 9.
  0123456789
0 .......t..
1 ..........
2 ..........
3 ..........
4 ........tt
5 t.......tt
6 ...t..tt..
7 .......t.r
8 ...t......
9 ..........

Turn = 10.
  0123456789
0 .......t..
1 ..........
2 ..........
3 ..........
4 ........tt
5 t.......tt
6 ...t..tt.r
7 .......t..
8 ...t......
9 ..........
*** Darwin 10x10 ***

Turn = 0.
  0123456789
0 f.........
1 ......f...
2 .....r....
3 h..t.....h
4 ...h......
5 .f........
6 ....f.t...
7 ..........
8 h....f....
9 ...tt.h...

Turn = 1.
  0123456789
0 f.........
1 ......f...
2 h.....r..h
3 ...t......
4 ..........
5 .f.h......
6 ....f.t...
7 ..........
8 .....f....
9 h..tt.h...

Turn = 2.
  0123456789
0 f.........
1 h.....f..h
2 .......r..
3 ...t......
4 ..........
5 .f........
6 ...hf.t...
7 ..........
8 .....f....
9 h..tt.h...

Turn = 3.
  0123456789
0 f........h
1 h.....f...
2 ........r.
3 ...t......
4 ..........
5 .f........
6 ....f.t...
7 ...h......
8 .....f....
9 h..tt.h...

Turn = 4.
  0123456789
0 f........h
1 h.....f...
2 .........r
3 ...t......
4 ..........
5 .f........
6 ....f.t...
7 ..........
8 ...h.f....
9 h..tt.h...

Turn = 5.
  0123456789
0 f........h
1 h.....f...
2 .........r
3 ...t......
4 ..........
5 .f........
6 ....f.t...
7 ..........
8 ...h.f....
9 h..tt.h...

Turn = 6.
  0123456789
0 f........h
1 h.....f...
2 ..........
3 ...t.....r
4 ..........
5 .f........
6 ....f.t...
7 ..........
8 ...h.f....
9 h..tt.h...

Turn = 7.
  0123456789
0 f........h
1 h.....f...
2 ..........
3 ...t......
4 .........r
5 .f........
6 ....f.t...
7 ..........
8 ...t.f....
9 h..tt.h...

Turn = 8.
  0123456789
0 f........h
1 h.....f...
2 ..........
3 ...t......
4 ..........
5 .f.......r
6 ....f.t...
7 ..........
8 ...t.f....
9 h..tt.h...

Turn = 9.
  0123456789
0 f........h
1 h.....f...
2 ..........
3 ...t......
4 ..........
5 .f........
6 ....f.t..r
7 ..........
8 ...t.f....
9 h..tt.h...

Turn = 10.
  0123456789
0 f........h
1 h.....f...
2 ..........
3 ...t......
4 ..........
5 .f........
6 ....f.t...
7 .........r
8 ...t.f....
9 h..tt.h...
*** Darwin 8x8 ***

Turn = 0.
  01234567
0 f.......
1 ........
2 ........
3 ...hh...
4 ...hh...
5 ........
6 ........
7 .......f

Turn = 1.
  01234567
0 f.......
1 ........
2 ...h....
3 .....h..
4 ..h.....
5 ....h...
6 ........
7 .......f

Turn = 2.
  01234567
0 f.......
1 ...h....
2 ........
3 ......h.
4 .h......
5 ........
6 ....h...
7 .......f

Turn = 3.
  01234567
0 f..h....
1 ........
2 ........
3 .......h
4 h.......
5 ........
6 ........
7 ....h..f

Turn = 4.
  01234567
0 f..h....
1 ........
2 ........
3 .......h
4 h.......
5 ........
6 ........
7 ....h..f

Turn = 5.
  01234567
0 f..h....
1 ........
2 ........
3 .......h
4 h.......
5 ........
6 ........
7 ....h..f
*** Darwin 7x9 ***

Turn = 0.
  012345678
0 t........
1 .........
2 .........
3 ..h......
4 .........
5 ....r....
6 ........t

Turn = 1.
  012345678
0 t........
1 .........
2 .........
3 ...h.....
4 ....r....
5 .........
6 ........t

Turn = 2.
  012345678
0 t........
1 .........
2 .........
3 ....r....
4 ....r....
5 .........
6 ........t

Turn = 3.
  012345678
0 t........
1 .........
2 .........
3 ....rr...
4 .........
5 .........
6 ........t

Turn = 4.
  012345678
0 t........
1 .........
2 ....r....
3 ......r..
4 .........
5 .........
6 ........t

Turn = 5.
  012345678
0 t........
1 ....r....
2 .........
3 .......r.
4 .........
5 .........
6 ........t
*** Darwin 72x72 without Best ***

Turn = 0.
  012345678901234567890123456789012345678901234567890123456789012345678901
0 ................................t..........................f............
1 ..................r.....................................................
2 ........................................................................
3 .....................................t..................................
4 ........................................................................
5 ........................................................................
6 ........................................................................
7 ........................................................................
8 .............r..........................................................
9 ........................................................................
0 ........................................................................
1 ...................................t....................................
2 ...................................................f....................
3 .t......................................................................
4 ........................................................................
5 ........................................................................
6 ........................................................................
7 ........................................................................
8 ........................................................................
9 ........................................................................
0 ..........r.........................................................r...
1 ..........................................................f.............
2 ........................................................................
3 .....................................................................t..
4 ........................................................................
5 .....................................................t..................
6 ........................................................................
7 ........................................................................
8 ........................................h...............................
9 ........................................................................
0 .....................................................h..................
1 ........................................................................
2 ........................................................................
3 ....h...................................................................
4 ........................................................................
5 ..............h.........................................................
6 ........................................................................
7 ........................................................................
8 ........................................................................
9 ..................................h.....................................
0 ........................................................................
1 ........................................................................
2 ........................................................................
3 ............................................r...........................
4 ........f...............................................................
5 ........................................................................
6 ......................................................f.................
7 ..................................................t..........h..........
8 ........................................................................
9 ........................................................................
0 .............r..........................................................
1 ...................................................................t....
2 ..................h...............................................h.....
3 ........................................................................
4 ............................r...........................................
5 ...............................r........................................
6 .........f.......................................f......................
7 ................................f................f......................
8 ........................................................................
9 ........................................................................
0 ........................................................................
1 ...........................................r............................
2 h.......................................................................
3 .......................................................t................
4 ........................................................................
5 ........................................................................
6 ................................................t.......................
7 ........................................................................
8 ........................................................................
9 ........................................f...............................
0 ...r.........................................................h..........
1 ........................................................................

Turn = 100.
  012345678901234567890123456789012345678901234567890123456789012345678901
0 ...............................r.....r..................................
1 ........................................................................
2 ........................................................................
3 .....................................t..................................
4 ........................................................................
5 ........................................................................
6 ........................................................................
7 ........................................................................
8 ........................................................................
9 ........................................................................
0 ........................................................................
1 ..................................tt....................................
2 ...................................................f....................
3 .t......................................................................
4 ........................................................................
5 ......................................r.................................
6 ......................................r.................................
7 .......................r................................................
8 ............................................................r...........
9 ........................................................................
0 ........................................................................
1 r.........................................................f.............
2 ........................................................................
3 ..............r.........................................r............t..
4 ...............r.r.......................................r..............
5 .....................................................t..................
6 ........................................................................
7 ........................................................................
8 .......................................................................h
9 ........................................................................
0 ...........................................r............................
1 ........................................................................
2 ........................................................................
3 ........................................................................
4 ........................................................................
5 ........................................................................
6 ........................................................................
7 ........................................................................
8 ........................................................................
9 ........................................................................
0 ........................................................................
1 ........................................................................
2 ........................................................................
3 ........................................................................
4 ........f...............................................................
5 ........................................................................
6 ......................................................f.................
7 ..................................................t.....................
8 ........................r...............................................
9 ........................................................................
0 ........................................................................
1 ...................................................................t....
2 ........................................................................
3 ........................................................................
4 ........................................................................
5 ........................................................................
6 .........f.......................................f......................
7 ................................f................f......................
8 ........................................................................
9 .......................................................................r
0 ........................................................................
1 ........................................................................
2 ........................................................................
3 .......................................................t................
4 ........................................................................
5 ........................................................................
6 ................................................t.......................
7 ........................................................................
8 ........................................................................
9 ........................................f...............................
0 ........................................................................
1 ...................r.....r..r....................r....r.................

Turn = 200.
  012345678901234567890123456789012345678901234567890123456789012345678901
0 .................r....r......r...................r......................
1 ........................................................................
2 ........................................................................
3 ....................r...................................................
4 .......r................................................................
5 .......r................................................................
6 ........................................................................
7 ........................................................................
8 ........................................................................
9 ........................................................................
0 ........................................................................
1 ..................................tt....................................
2 ...................................................f....................
3 .t......................................................................
4 ........................................................................
5 ...............................r........................................
6 ........................................................................
7 ........................................................................
8 ........................................................................
9 ........................................................................
0 ........................................................................
1 ..............r...........................................f.............
2 ........................................................................
3 ................r.......................................................
4 ........................................................................
5 .....................................................t..................
6 ........................................................................
7 ........................................................................
8 ........................................................................
9 ........................................................................
0 ........................................................................
1 ........................................................................
2 .............................................r..........................
3 ........................................................................
4 ........................................................................
5 ........................................................................
6 ........................................................................
7 ........................................................................
8 ........................................................................
9 ........................................................................
0 ........................................................................
1 ........................................................................
2 ........................................................................
3 ........................................................................
4 ........f...............................................................
5 ........................................................................
6 ..................................................tt....................
7 ..................................................t.....................
8 .................................................r......................
9 ........................................................................
0 ........................................................................
1 ...................................................................tt...
2 ........................................................................
3 ........................................................................
4 .............................................................r..........
5 ............................................................r...........
6 .........f..............................r...............................
7 ................................f...........................r...........
8 ................................................r.......................
9 ........................................................................
0 ........................................................................
1 ........................................................................
2 ........................................................................
3 .......................................................t................
4 ........................................................................
5 ............................r...........................................
6 ........................................................................
7 ........................................................................
8 ..................................r.....................................
9 ........................................f...............................
0 ........................................................................
1 .....r........r................................r...........r........r...

Turn = 300.
  012345678901234567890123456789012345678901234567890123456789012345678901
0 .....................r...................................r.............r
1 ........................................................................
2 ........................................................................
3 ......................................................................rr
4 ........................................................................
5 ........................................................................
6 ..............................................................r.........
7 ........................................................................
8 ........................................................................
9 ........................................................................
0 ........................................................................
1 ..................................tt....................................
2 ...................................................f....................
3 ...........................................r............................
4 ........................................................................
5 ........................................................................
6 ........................................................................
7 ........................................................................
8 ........................................................................
9 ........................................................................
0 ......................................................................r.
1 ..........................................................f.............
2 ...r...............r....................................................
3 ....r...................................................................
4 ........................................................................
5 .....................................................t..................
6 ........................................................................
7 ........................................................................
8 ........................................................................
9 .......................................................................r
0 ........................................................................
1 ..............................r.........................................
2 ...............................rr.......................................
3 ........................................................................
4 ........................................................................
5 ..................r.....................................................
6 ........................................................................
7 ........................................................................
8 ........................................................................
9 ........................................................................
0 ........................................................................
1 ........................................................................
2 ........................................................................
3 ..............r.........................................................
4 ........f...............................................................
5 ..................................................t.....................
6 .................................................rtt....................
7 ..................................................t.....................
8 ........................................................................
9 ........................................................................
0 ........................................................................
1 ...................................................................tt...
2 ........................................................................
3 ........................................................................
4 r.......................................................................
5 ......................................r.................................
6 ........................................................................
7 ................................f.......................................
8 ........................................................................
9 ........................................................................
0 ........................................................................
1 ........................................................................
2 ...................................................r....................
3 .......................................................tt...............
4 ........................................................................
5 ........................................................................
6 ........................................................................
7 ........................................................................
8 ........................................................................
9 ........................................f...............................
0 ........................................................................
1 .r.....................................r...............................r

Turn = 400.
  012345678901234567890123456789012345678901234567890123456789012345678901
0 .....r.......................................r...................r......
1 ........................................................................
2 ........................................................................
3 ........................................................................
4 ........................................................................
5 ........................................................................
6 ........................................................................
7 ........................................................................
8 ......................................................................r.
9 ........................................................................
0 ..............r.........................................................
1 ..................................tt....................................
2 ........................................................................
3 ..............................r.........................................
4 ........................................................................
5 ........................................................................
6 ........................................................................
7 ........................................................................
8 ........................................................................
9 .......................................r................................
0 .......................................r................................
1 ..........................................................f.............
2 ........................................................................
3 ........................................................................
4 ........................................................................
5 .....................................................t..................
6 ........................................................................
7 ........................................................................
8 ........................................................................
9 ........................................................................
0 ........................................................................
1 ........................................................................
2 ........................................................................
3 ........................................................................
4 ........................................................................
5 ........................................................................
6 .............................................................r..........
7 ............................................................r...........
8 ........................................................................
9 ........................................................................
0 ..........................................................r.............
1 r.......................................................................
2 .......................................................................r
3 r.......................................................................
4 ........f...............................................................
5 ........................................................................
6 ..................................................tt....r...............
7 ..................................................t.....................
8 ....................................................r...................
9 ........................................................................
0 ........................................................................
1 .........................r..............................................
2 .......................r................................................
3 .......................r................................................
4 ........................................................................
5 r.......................................................................
6 ........................................r..............................r
7 ........................................r...............................
8 ........................................................................
9 ........................................................................
0 ........................................................................
1 .........................................r..............................
2 ........................................................................
3 ........................................................................
4 ........................................................................
5 ..................................r.....................................
6 ........................................................................
7 ........................................................................
8 ....................................................r...................
9 ...........................r............................................
0 ...........................r............................................
1 ...........................r..r..................r.....r................

Turn = 500.
  012345678901234567890123456789012345678901234567890123456789012345678901
0 ......r...............................r.r..........r....................
1 ........................................................................
2 ........................................................................
3 ........................r...............................................
4 .......................r................................................
5 ........................................................................
6 ........................................................................
7 ........................................................................
8 .............................................................r..........
9 ........................................................................
0 ........................................................................
1 ..................................tt....................................
2 ............................r...........................................
3 ........................................................................
4 ........................................................................
5 ........................................................................
6 ........................................................................
7 ........................................................................
8 .......................................................................r
9 .......................................................................r
0 ........................................................................
1 ....................r...................................................
2 ........................................................................
3 ...................r....................................................
4 ...................r....................................................
5 .............................rr......................t..................
6 ........................................................................
7 ........................................................................
8 .......................................................................r
9 ........................................................................
0 ........................................................................
1 ........................................................................
2 ........................................................................
3 ........................................................................
4 ........................................................................
5 .....................................................r..................
6 ........................................................................
7 ........................................................................
8 ........................................................................
9 ...........................................r............................
0 ........................................................................
1 ........................................................................
2 ........................................................................
3 ........................................................................
4 ........fr..............................................................
5 ........................................................................
6 ..................................................tt....................
7 ..................................................t.....................
8 r............................................r..........................
9 ........................................................................
0 .............................................r.........................r
1 ........................................................................
2 ........................................................................
3 ........................................................................
4 ........................................................................
5 .r......................................................................
6 ........................................................................
7 ........................................................................
8 ........................................................................
9 ........................................................................
0 .......r................................................................
1 .......r................................................................
2 ........................................................................
3 .............................................................r..........
4 ..............................................................r.........
5 ........................................................................
6 ........................................................................
7 ........................................................................
8 ..................r.....................................................
9 .......................................................................r
0 ......................................................................r.
1 .............................r....r.....................................

Turn = 600.
  012345678901234567890123456789012345678901234567890123456789012345678901
0 ...r....................................................................
1 ........................................................................
2 ........r...............................................................
3 ........................................................................
4 ........................................................................
5 ................................................................r.......
6 rr...............................................................r......
7 .......................................................................r
8 ...................r....................................................
9 ...................r....................................................
0 ........................................................................
1 ..................................tt....................................
2 ........................................................................
3 r.......................................................................
4 ........r...............................................................
5 r......r................................................................
6 ........................................................................
7 ........................................................................
8 ........................................................................
9 .......................r................................................
0 ........................r...............................................
1 ........................r...............................................
2 ...................r......r.............................................
3 ........................................................................
4 ..........................r.............................................
5 .....................................................t..................
6 ........................................................................
7 ........................................................................
8 ........................................................................
9 .......................................................................r
0 .................r......................................................
1 ........................................................................
2 ........................................................................
3 ........................................................................
4 ........................................................................
5 ........................................................................
6 ........................................................................
7 ........................................................................
8 ........................................................................
9 ........................................................................
0 ........................................................................
1 ........................................................................
2 ........................................................................
3 ........................................................................
4 ...................................................r....................
5 ........................................................................
6 ..................................................tt....................
7 ..................................................t.....................
8 ..................................................t.....................
9 ................................................r.......................
0 r.....................................................r.................
1 .......................................r.............r..................
2 ........................................................................
3 ........................................................................
4 ........................................................................
5 ........................................................................
6 ........................................................................
7 ........................................................................
8 ........................................................................
9 ........................................................................
0 ........................................................................
1 ........................................................................
2 ........................................................................
3 ........................................................................
4 ........................................................................
5 ......................................................................r.
6 .......................................................................r
7 r.......................................................................
8 ........................................................................
9 ........................................................................
0 ........................................................................
1 .........r..............................................r.r.............

Turn = 700.
  012345678901234567890123456789012345678901234567890123456789012345678901
0 ............................r......................r..r..r..............
1 ...........................................................r............
2 r.......................................................................
3 ........................................................................
4 ........................................................................
5 .r..................................................r...................
6 ...........................................r............................
7 ........................................................................
8 .........................r..............................................
9 .......................................................................r
0 ........................................................................
1 ..................................tt....................................
2 ........................................................................
3 ........................................................................
4 ........................................................................
5 ........................................................................
6 ........................................................................
7 ........................................................................
8 ........................................................................
9 ......................................................................r.
0 ........................................................................
1 .....................................r................................r.
2 ........................................................................
3 .......................................................................r
4 ........................................................................
5 .....................................................t..................
6 ...................................................................r....
7 ........................................................................
8 ........................................................................
9 ........................................................................
0 ........................................................................
1 ...............................................................r.......r
2 ................................................................r.......
3 ........................................................................
4 .......................................................................r
5 .r......................................................................
6 r.......................................................................
7 ........................................................................
8 .................................................................r......
9 .........................................................r..............
0 ........................................................................
1 ........................................................................
2 .................................................................r......
3 ........................................................................
4 ........................................................................
5 ........................................................................
6 ..................................................tt....................
7 ..................................................t.....................
8 ..................................................t.....................
9 ........................................................................
0 r......................................................................r
1 ........................................................................
2 ........................................................................
3 ........................................................................
4 ...r....................................................................
5 ........................................................................
6 ........................................................................
7 ........................................................................
8 ........................................................................
9 ........................................................................
0 ........................................................................
1 ........................................................................
2 ........................................................................
3 ........................................................................
4 ........................................................................
5 ........................................................................
6 ........................................................................
7 ........................................................................
8 ........................................................................
9 .......................r................................................
0 ........................r...............................................
1 ........................r.r..........r..................................

Turn = 800.
  012345678901234567890123456789012345678901234567890123456789012345678901
0 ..............................r.......r.r.............r...r.............
1 .........................................................r..............
2 ........................................................................
3 ........................................................................
4 ........................................................................
5 ........................................................................
6 ........................................................................
7 ........................................................................
8 ........................................................................
9 ........................................................................
0 ........................................................................
1 ...................................t....................................
2 ...................................................r....................
3 .........................r..............................................
4 ........................................................................
5 ........................................................................
6 ........................................................................
7 ........................................................................
8 .....................................................................r..
9 ........................................................................
0 ........................................................................
1 ........................................................................
2 .............................................................r..........
3 ........................................................................
4 ........................................................................
5 .....................................................t..................
6 .....................................................t..................
7 ........................................................................
8 ........................................................................
9 ........................................................................
0 ..................r.....................................................
1 ..................r.....................................................
2 ..................r....................................r................
3 ........................................................................
4 ........................................................................
5 ........................................................................
6 ........................................................................
7 ........................................................................
8 ........................................................................
9 .........................................r..............................
0 ..........................................................r.............
1 r................................................r........r.............
2 .................................................r......................
3 ........................................................................
4 ........................................................................
5 ..................................................rr....................
6 ..................................................r.r...................
7 ..................................................t.....................
8 ..................................................t.....................
9 ........................................................................
0 ........................................................................
1 ............................................r...........................
2 ...........................................r............................
3 ........................................................................
4 ........................................................r...............
5 ........................................................................
6 ........................................................................
7 ........................................................................
8 ........................................................................
9 ........................................................................
0 ........................................................................
1 ........................................................................
2 ........................................................................
3 ........................................................................
4 ..r................................................................r....
5 .r..........................r...........................................
6 ......................r.................................................
7 ........................................................................
8 ........................................................................
9 ........................................................................
0 ..................r.....................................................
1 .....r......................................................r...........

Turn = 900.
  012345678901234567890123456789012345678901234567890123456789012345678901
0 r.........r.............r......rr.r.......r...........r.................
1 .....................................r..................................
2 ......r.................................................................
3 ......rr................................................................
4 ........................................................................
5 ........................................................................
6 ........................................................................
7 r...............................................r.......................
8 ..........................r....................r........................
9 ........................................................................
0 ...............................................r........................
1 ...................................t....................................
2 ........................................................................
3 ........................................................................
4 ........................................................................
5 ........................................................................
6 ........................................................................
7 ........................................................................
8 ........................................................................
9 ........................................................................
0 r...............................................r.......................
1 ........................................................................
2 ........................................................................
3 ........................................................................
4 ........................................................................
5 .....................................................t..................
6 .....................................................t..................
7 ........................................................................
8 ........................................................................
9 ........................................................................
0 ........................................................................
1 ........................................................................
2 .......................................................................r
3 ..................................................................r.....
4 ........................................................................
5 ........................................................................
6 ........................................................................
7 ........................................................................
8 ........................................................................
9 ........................................................................
0 ........................................r...............................
1 ........................................................................
2 ..........................................r............................r
3 ........................................................................
4 ........................................................................
5 ........................................................................
6 ........................................................................
7 ...............................................r........................
8 ........................................................................
9 ........................................................................
0 ........................................................................
1 ........................................................................
2 ........................................................................
3 .r......................................................................
4 ........................................................................
5 ........................................................................
6 .......................................................................r
7 ........................................................................
8 ........................................................................
9 ........................................................................
0 ..................................................r.....................
1 ........................................................................
2 ........................................................................
3 ........................................................................
4 ........................................................................
5 ........................................................................
6 ........................................................................
7 ........................................................................
8 ...........r............................................................
9 ............r.r.........................................................
0 ........................................................................
1 r...........r......r........r................................r.........r

Turn = 1000.
  012345678901234567890123456789012345678901234567890123456789012345678901
0 .......r................................r...r...........................
1 ........................................................................
2 ........................................................................
3 ........................................................................
4 ........................................................................
5 ........................................................................
6 ........................................................................
7 ........................................................................
8 ........................................................................
9 ........................................................................
0 ...................................t....................................
1 r...........................r......t....................................
2 ........................................................................
3 ........................................................................
4 ........................................................................
5 r.......................................................................
6 ........................................................................
7 ........................................................................
8 ........................................................................
9 ........................................................................
0 ........................................................................
1 ........................................................................
2 ........................................................................
3 ........................................................................
4 ..............r.........................................................
5 .....................................................t..................
6 .....................................................t..................
7 ........................................................................
8 ........................................................................
9 r......................................................................r
0 ........................................................................
1 ........................................................................
2 ........................................................................
3 .......................................................................r
4 ........................................................................
5 ............................................................r...........
6 ........................................................................
7 ........................................................................
8 ........................................................................
9 ........................................................................
0 .....r..................................................................
1 ...r...r................................................................
2 ........................................................................
3 ........................................................................
4 ..r.....................................................................
5 ...rr...................................................................
6 ........................................................................
7 .............................................r..........................
8 ...r..........................................r.........................
9 ....r...............................r.........r.........................
0 ...................................r....................................
1 ........................................................................
2 ........................................................................
3 r.......................................................................
4 ........................................................................
5 .......................r................................................
6 ........................r...............................................
7 ........................................................................
8 ........................................................................
9 ........................................................................
0 ........................................................................
1 ........................................................................
2 ........................................................................
3 ........................................................................
4 .....................r..................................................
5 ....................r...................................................
6 ...................r....................................................
7 ........................................................................
8 ........................................................................
9 ........................................................................
0 ......................................r.................................
1 .....................r............rrrr..................................
